[2025-03-25 17:37:04] INFO: CheckM v1.2.3
[2025-03-25 17:37:04] INFO: checkm analyze --threads 16 -x fa Ng.markers /home/hice1/calnoubani3/Documents/B3_Final/checkm/asm/B1182969_S01_L001_contigs.fa /home/hice1/calnoubani3/Documents/B3_Final/checkm/checkm_output/B1182969_output
[2025-03-25 17:37:04] INFO: CheckM data: /home/hice1/calnoubani3/Documents/B3_Final/checkm/db
[2025-03-25 17:37:04] INFO: [CheckM - analyze] Identifying marker genes in bins.
[2025-03-25 17:42:48] INFO: CheckM v1.2.3
[2025-03-25 17:42:48] INFO: checkm analyze --threads 16 -x fa Ng.markers /home/hice1/calnoubani3/Documents/B3_Final/checkm/checkm_output/B1182969_output/bins_input /home/hice1/calnoubani3/Documents/B3_Final/checkm/checkm_output/B1182969_output
[2025-03-25 17:42:48] INFO: CheckM data: /home/hice1/calnoubani3/Documents/B3_Final/checkm/db
[2025-03-25 17:42:48] INFO: [CheckM - analyze] Identifying marker genes in bins.
[2025-03-25 17:42:48] INFO: Identifying marker genes in 1 bins with 16 threads:
[2025-03-25 18:00:29] INFO: CheckM v1.2.3
[2025-03-25 18:00:29] INFO: checkm analyze --threads 16 -x fa Ng.markers /home/hice1/calnoubani3/Documents/B3_Final/checkm/checkm_output/B1182969_output/bins_input /home/hice1/calnoubani3/Documents/B3_Final/checkm/checkm_output/B1182969_output
[2025-03-25 18:00:29] INFO: CheckM data: /home/hice1/calnoubani3/Documents/B3_Final/checkm/db
[2025-03-25 18:00:29] INFO: [CheckM - analyze] Identifying marker genes in bins.
[2025-03-25 18:00:29] INFO: Identifying marker genes in 1 bins with 16 threads:
[2025-03-25 18:01:20] INFO: Saving HMM info to file.
[2025-03-25 18:01:21] INFO: { Current stage: 0:00:51.746 || Total: 0:00:51.746 }
[2025-03-25 18:01:21] INFO: Parsing HMM hits to marker genes:
[2025-03-25 18:01:21] INFO: Aligning marker genes with multiple hits in a single bin:
[2025-03-25 18:01:21] INFO: { Current stage: 0:00:00.190 || Total: 0:00:51.937 }
[2025-03-25 18:01:21] INFO: Calculating genome statistics for 1 bins with 16 threads:
[2025-03-25 18:01:21] INFO: { Current stage: 0:00:00.066 || Total: 0:00:52.003 }
