[2025-03-25 17:36:33] INFO: CheckM v1.2.3
[2025-03-25 17:36:33] INFO: checkm analyze --threads 16 -x fa Ng.markers /home/hice1/calnoubani3/Documents/B3_Final/checkm/asm/B1181151_S01_L001_contigs.fa /home/hice1/calnoubani3/Documents/B3_Final/checkm/checkm_output/B1181151_output
[2025-03-25 17:36:33] INFO: CheckM data: /home/hice1/calnoubani3/Documents/B3_Final/checkm/db
[2025-03-25 17:36:33] INFO: [CheckM - analyze] Identifying marker genes in bins.
[2025-03-25 17:41:39] INFO: CheckM v1.2.3
[2025-03-25 17:41:39] INFO: checkm analyze --threads 16 -x fa Ng.markers /home/hice1/calnoubani3/Documents/B3_Final/checkm/checkm_output/B1181151_output/bins_input /home/hice1/calnoubani3/Documents/B3_Final/checkm/checkm_output/B1181151_output
[2025-03-25 17:41:39] INFO: CheckM data: /home/hice1/calnoubani3/Documents/B3_Final/checkm/db
[2025-03-25 17:41:39] INFO: [CheckM - analyze] Identifying marker genes in bins.
[2025-03-25 17:41:39] INFO: Identifying marker genes in 1 bins with 16 threads:
[2025-03-25 17:53:03] INFO: CheckM v1.2.3
[2025-03-25 17:53:03] INFO: checkm analyze --threads 16 -x fa Ng.markers /home/hice1/calnoubani3/Documents/B3_Final/checkm/checkm_output/B1181151_output/bins_input /home/hice1/calnoubani3/Documents/B3_Final/checkm/checkm_output/B1181151_output
[2025-03-25 17:53:03] INFO: CheckM data: /home/hice1/calnoubani3/Documents/B3_Final/checkm/db
[2025-03-25 17:53:03] INFO: [CheckM - analyze] Identifying marker genes in bins.
[2025-03-25 17:53:03] INFO: Identifying marker genes in 1 bins with 16 threads:
[2025-03-25 17:53:53] INFO: Saving HMM info to file.
[2025-03-25 17:53:53] INFO: { Current stage: 0:00:50.110 || Total: 0:00:50.110 }
[2025-03-25 17:53:53] INFO: Parsing HMM hits to marker genes:
[2025-03-25 17:53:53] INFO: Aligning marker genes with multiple hits in a single bin:
[2025-03-25 17:53:53] INFO: { Current stage: 0:00:00.199 || Total: 0:00:50.310 }
[2025-03-25 17:53:53] INFO: Calculating genome statistics for 1 bins with 16 threads:
[2025-03-25 17:53:53] INFO: { Current stage: 0:00:00.069 || Total: 0:00:50.379 }
