[2025-03-25 17:37:01] INFO: CheckM v1.2.3
[2025-03-25 17:37:01] INFO: checkm analyze --threads 16 -x fa Ng.markers /home/hice1/calnoubani3/Documents/B3_Final/checkm/asm/B1182034_S01_L001_contigs.fa /home/hice1/calnoubani3/Documents/B3_Final/checkm/checkm_output/B1182034_output
[2025-03-25 17:37:01] INFO: CheckM data: /home/hice1/calnoubani3/Documents/B3_Final/checkm/db
[2025-03-25 17:37:01] INFO: [CheckM - analyze] Identifying marker genes in bins.
[2025-03-25 17:42:28] INFO: CheckM v1.2.3
[2025-03-25 17:42:28] INFO: checkm analyze --threads 16 -x fa Ng.markers /home/hice1/calnoubani3/Documents/B3_Final/checkm/checkm_output/B1182034_output/bins_input /home/hice1/calnoubani3/Documents/B3_Final/checkm/checkm_output/B1182034_output
[2025-03-25 17:42:28] INFO: CheckM data: /home/hice1/calnoubani3/Documents/B3_Final/checkm/db
[2025-03-25 17:42:28] INFO: [CheckM - analyze] Identifying marker genes in bins.
[2025-03-25 17:42:28] INFO: Identifying marker genes in 1 bins with 16 threads:
[2025-03-25 17:58:42] INFO: CheckM v1.2.3
[2025-03-25 17:58:42] INFO: checkm analyze --threads 16 -x fa Ng.markers /home/hice1/calnoubani3/Documents/B3_Final/checkm/checkm_output/B1182034_output/bins_input /home/hice1/calnoubani3/Documents/B3_Final/checkm/checkm_output/B1182034_output
[2025-03-25 17:58:42] INFO: CheckM data: /home/hice1/calnoubani3/Documents/B3_Final/checkm/db
[2025-03-25 17:58:42] INFO: [CheckM - analyze] Identifying marker genes in bins.
[2025-03-25 17:58:42] INFO: Identifying marker genes in 1 bins with 16 threads:
[2025-03-25 17:59:34] INFO: Saving HMM info to file.
[2025-03-25 17:59:34] INFO: { Current stage: 0:00:51.637 || Total: 0:00:51.637 }
[2025-03-25 17:59:34] INFO: Parsing HMM hits to marker genes:
[2025-03-25 17:59:34] INFO: Aligning marker genes with multiple hits in a single bin:
[2025-03-25 17:59:34] INFO: { Current stage: 0:00:00.189 || Total: 0:00:51.826 }
[2025-03-25 17:59:34] INFO: Calculating genome statistics for 1 bins with 16 threads:
[2025-03-25 17:59:34] INFO: { Current stage: 0:00:00.063 || Total: 0:00:51.889 }
