-------------------------------------
PRODIGAL v2.6.3 [February, 2016]         
Univ of Tenn / Oak Ridge National Lab
Doug Hyatt, Loren Hauser, et al.     
-------------------------------------
Request:  Metagenomic, Phase:  Training
Initializing training files...done!
-------------------------------------
Request:  Metagenomic, Phase:  Gene Finding
Finding genes in sequence #1 (207884 bp)...done!
Finding genes in sequence #2 (152621 bp)...done!
Finding genes in sequence #3 (146670 bp)...done!
Finding genes in sequence #4 (89114 bp)...done!
Finding genes in sequence #5 (88419 bp)...done!
Finding genes in sequence #6 (86857 bp)...done!
Finding genes in sequence #7 (83640 bp)...done!
Finding genes in sequence #8 (75510 bp)...done!
Finding genes in sequence #9 (70166 bp)...done!
Finding genes in sequence #10 (67729 bp)...done!
Finding genes in sequence #11 (67303 bp)...done!
Finding genes in sequence #12 (64395 bp)...done!
Finding genes in sequence #13 (55669 bp)...done!
Finding genes in sequence #14 (49761 bp)...done!
Finding genes in sequence #15 (47446 bp)...done!
Finding genes in sequence #16 (46705 bp)...done!
Finding genes in sequence #17 (41182 bp)...done!
Finding genes in sequence #18 (40642 bp)...done!
Finding genes in sequence #19 (40632 bp)...done!
Finding genes in sequence #20 (38667 bp)...done!
Finding genes in sequence #21 (37770 bp)...done!
Finding genes in sequence #22 (35495 bp)...done!
Finding genes in sequence #23 (27973 bp)...done!
Finding genes in sequence #24 (25370 bp)...done!
Finding genes in sequence #25 (23885 bp)...done!
Finding genes in sequence #26 (23332 bp)...done!
Finding genes in sequence #27 (23104 bp)...done!
Finding genes in sequence #28 (22865 bp)...done!
Finding genes in sequence #29 (22797 bp)...done!
Finding genes in sequence #30 (20969 bp)...done!
Finding genes in sequence #31 (20701 bp)...done!
Finding genes in sequence #32 (19195 bp)...done!
Finding genes in sequence #33 (18184 bp)...done!
Finding genes in sequence #34 (17633 bp)...done!
Finding genes in sequence #35 (16903 bp)...done!
Finding genes in sequence #36 (16312 bp)...done!
Finding genes in sequence #37 (15654 bp)...done!
Finding genes in sequence #38 (11920 bp)...done!
Finding genes in sequence #39 (11387 bp)...done!
Finding genes in sequence #40 (11383 bp)...done!
Finding genes in sequence #41 (10783 bp)...done!
Finding genes in sequence #42 (9479 bp)...done!
Finding genes in sequence #43 (8624 bp)...done!
Finding genes in sequence #44 (8479 bp)...done!
Finding genes in sequence #45 (7664 bp)...done!
Finding genes in sequence #46 (7659 bp)...done!
Finding genes in sequence #47 (7448 bp)...done!
Finding genes in sequence #48 (7162 bp)...done!
Finding genes in sequence #49 (6160 bp)...done!
Finding genes in sequence #50 (5412 bp)...done!
Finding genes in sequence #51 (5188 bp)...done!
Finding genes in sequence #52 (5119 bp)...done!
Finding genes in sequence #53 (4643 bp)...done!
Finding genes in sequence #54 (4390 bp)...done!
Finding genes in sequence #55 (4280 bp)...done!
Finding genes in sequence #56 (4213 bp)...done!
Finding genes in sequence #57 (3824 bp)...done!
Finding genes in sequence #58 (3740 bp)...done!
Finding genes in sequence #59 (3712 bp)...done!
Finding genes in sequence #60 (3483 bp)...done!
Finding genes in sequence #61 (3173 bp)...done!
Finding genes in sequence #62 (3122 bp)...done!
Finding genes in sequence #63 (2898 bp)...done!
Finding genes in sequence #64 (2883 bp)...done!
Finding genes in sequence #65 (2626 bp)...done!
Finding genes in sequence #66 (2534 bp)...done!
Finding genes in sequence #67 (2301 bp)...done!
Finding genes in sequence #68 (2137 bp)...done!
Finding genes in sequence #69 (1906 bp)...done!
Finding genes in sequence #70 (1885 bp)...done!
Finding genes in sequence #71 (1764 bp)...done!
Finding genes in sequence #72 (1563 bp)...done!
Finding genes in sequence #73 (1439 bp)...done!
Finding genes in sequence #74 (1216 bp)...done!
Finding genes in sequence #75 (1211 bp)...done!
Finding genes in sequence #76 (1077 bp)...done!
Finding genes in sequence #77 (975 bp)...done!
Finding genes in sequence #78 (840 bp)...done!
Finding genes in sequence #79 (828 bp)...done!
Finding genes in sequence #80 (824 bp)...done!
Finding genes in sequence #81 (694 bp)...done!
Finding genes in sequence #82 (654 bp)...done!
Finding genes in sequence #83 (643 bp)...done!
Finding genes in sequence #84 (622 bp)...done!
Finding genes in sequence #85 (546 bp)...done!
Finding genes in sequence #86 (546 bp)...done!
Finding genes in sequence #87 (535 bp)...done!
Finding genes in sequence #88 (532 bp)...done!
Finding genes in sequence #89 (530 bp)...done!
Finding genes in sequence #90 (512 bp)...done!
	Command being timed: "prodigal -i /home/hice1/sfang86/Documents/prodigal_eggnog//data/contigs/B0993986_S01_L001_contigs.fa -o /home/hice1/sfang86/Documents/prodigal_eggnog//results/prodigal/B0993986_S01_L001/B0993986_S01_L001_prodigal.gff -a /home/hice1/sfang86/Documents/prodigal_eggnog//results/prodigal/B0993986_S01_L001/predicted_proteins.fasta -d /home/hice1/sfang86/Documents/prodigal_eggnog//results/prodigal/B0993986_S01_L001/predicted_genes.fna -p meta -f gff"
	User time (seconds): 17.91
	System time (seconds): 0.00
	Percent of CPU this job got: 98%
	Elapsed (wall clock) time (h:mm:ss or m:ss): 0:18.11
	Average shared text size (kbytes): 0
	Average unshared data size (kbytes): 0
	Average stack size (kbytes): 0
	Average total size (kbytes): 0
	Maximum resident set size (kbytes): 46048
	Average resident set size (kbytes): 0
	Major (requiring I/O) page faults: 0
	Minor (reclaiming a frame) page faults: 8104
	Voluntary context switches: 59
	Involuntary context switches: 65
	Swaps: 0
	File system inputs: 0
	File system outputs: 8928
	Socket messages sent: 0
	Socket messages received: 0
	Signals delivered: 0
	Page size (bytes): 4096
	Exit status: 0
