[1;32mFunctional annotation of hits...[0m
[1;32mDecorating gff file /home/hice1/sfang86/Documents/prodigal_eggnog//results/prodigal/B0993986_S01_L001/B0993986_S01_L001_Prodigal.gff...[0m
500 2.489664316177368 200.83 q/s (% mem usage: 4.70, % mem avail: 95.33)
1000 4.258504390716553 234.82 q/s (% mem usage: 4.70, % mem avail: 95.33)
1500 7.078756332397461 211.90 q/s (% mem usage: 4.70, % mem avail: 95.33)
1949 7.43528151512146 262.13 q/s (% mem usage: 4.60, % mem avail: 95.41)
	Command being timed: "emapper.py -i /home/hice1/sfang86/Documents/prodigal_eggnog//results/prodigal/B0993986_S01_L001/B0993986_S01_L001_predicted_proteins_clean.faa --output B0993986_S01_L001 --output_dir /home/hice1/sfang86/Documents/prodigal_eggnog//results/eggnog/B0993986_S01_L001 --data_dir /home/hice1/sfang86/scratch/eggnog_db --cpu 16 --tax_scope bacteria --go_evidence all --decorate_gff /home/hice1/sfang86/Documents/prodigal_eggnog//results/prodigal/B0993986_S01_L001/B0993986_S01_L001_Prodigal.gff --override"
	User time (seconds): 1426.23
	System time (seconds): 34.93
	Percent of CPU this job got: 1170%
	Elapsed (wall clock) time (h:mm:ss or m:ss): 2:04.86
	Average shared text size (kbytes): 0
	Average unshared data size (kbytes): 0
	Average stack size (kbytes): 0
	Average total size (kbytes): 0
	Maximum resident set size (kbytes): 3393612
	Average resident set size (kbytes): 0
	Major (requiring I/O) page faults: 202
	Minor (reclaiming a frame) page faults: 369360
	Voluntary context switches: 1995944
	Involuntary context switches: 85304
	Swaps: 0
	File system inputs: 0
	File system outputs: 261768
	Socket messages sent: 0
	Socket messages received: 0
	Signals delivered: 0
	Page size (bytes): 4096
	Exit status: 0
