[1;32mFunctional annotation of hits...[0m
[1;32mDecorating gff file /home/hice1/sfang86/Documents/prodigal_eggnog//results/prodigal/B1181158_S01_L001/B1181158_S01_L001_Prodigal.gff...[0m
500 2.290395498275757 218.30 q/s (% mem usage: 4.60, % mem avail: 95.35)
1000 4.0331830978393555 247.94 q/s (% mem usage: 4.70, % mem avail: 95.35)
1500 7.084179639816284 211.74 q/s (% mem usage: 4.70, % mem avail: 95.34)
1947 7.34548282623291 265.06 q/s (% mem usage: 4.60, % mem avail: 95.43)
	Command being timed: "emapper.py -i /home/hice1/sfang86/Documents/prodigal_eggnog//results/prodigal/B1181158_S01_L001/B1181158_S01_L001_predicted_proteins_clean.faa --output B1181158_S01_L001 --output_dir /home/hice1/sfang86/Documents/prodigal_eggnog//results/eggnog/B1181158_S01_L001 --data_dir /home/hice1/sfang86/scratch/eggnog_db --cpu 16 --tax_scope bacteria --go_evidence all --decorate_gff /home/hice1/sfang86/Documents/prodigal_eggnog//results/prodigal/B1181158_S01_L001/B1181158_S01_L001_Prodigal.gff --override"
	User time (seconds): 1415.85
	System time (seconds): 34.19
	Percent of CPU this job got: 1176%
	Elapsed (wall clock) time (h:mm:ss or m:ss): 2:03.29
	Average shared text size (kbytes): 0
	Average unshared data size (kbytes): 0
	Average stack size (kbytes): 0
	Average total size (kbytes): 0
	Maximum resident set size (kbytes): 3351984
	Average resident set size (kbytes): 0
	Major (requiring I/O) page faults: 161
	Minor (reclaiming a frame) page faults: 370481
	Voluntary context switches: 2104989
	Involuntary context switches: 30472
	Swaps: 0
	File system inputs: 0
	File system outputs: 261144
	Socket messages sent: 0
	Socket messages received: 0
	Signals delivered: 0
	Page size (bytes): 4096
	Exit status: 0
