[1;32mFunctional annotation of hits...[0m
[1;32mDecorating gff file /home/hice1/sfang86/Documents/prodigal_eggnog//results/prodigal/B1181159_S01_L001/B1181159_S01_L001_Prodigal.gff...[0m
500 2.2318012714385986 224.03 q/s (% mem usage: 5.20, % mem avail: 94.78)
1000 3.9666905403137207 252.10 q/s (% mem usage: 5.20, % mem avail: 94.83)
1500 5.7247490882873535 262.02 q/s (% mem usage: 5.30, % mem avail: 94.69)
1941 7.31843900680542 265.22 q/s (% mem usage: 5.10, % mem avail: 94.85)
	Command being timed: "emapper.py -i /home/hice1/sfang86/Documents/prodigal_eggnog//results/prodigal/B1181159_S01_L001/B1181159_S01_L001_predicted_proteins_clean.faa --output B1181159_S01_L001 --output_dir /home/hice1/sfang86/Documents/prodigal_eggnog//results/eggnog/B1181159_S01_L001 --data_dir /home/hice1/sfang86/scratch/eggnog_db --cpu 16 --tax_scope bacteria --go_evidence all --decorate_gff /home/hice1/sfang86/Documents/prodigal_eggnog//results/prodigal/B1181159_S01_L001/B1181159_S01_L001_Prodigal.gff --override"
	User time (seconds): 1445.53
	System time (seconds): 33.08
	Percent of CPU this job got: 1172%
	Elapsed (wall clock) time (h:mm:ss or m:ss): 2:06.13
	Average shared text size (kbytes): 0
	Average unshared data size (kbytes): 0
	Average stack size (kbytes): 0
	Average total size (kbytes): 0
	Maximum resident set size (kbytes): 3395824
	Average resident set size (kbytes): 0
	Major (requiring I/O) page faults: 261
	Minor (reclaiming a frame) page faults: 372134
	Voluntary context switches: 2074925
	Involuntary context switches: 78558
	Swaps: 0
	File system inputs: 136
	File system outputs: 261776
	Socket messages sent: 0
	Socket messages received: 0
	Signals delivered: 0
	Page size (bytes): 4096
	Exit status: 0
