[1;32mFunctional annotation of hits...[0m
[1;32mDecorating gff file /home/hice1/sfang86/Documents/prodigal_eggnog//results/prodigal/B1181903_S01_L001/B1181903_S01_L001_Prodigal.gff...[0m
500 3.7657017707824707 132.78 q/s (% mem usage: 4.70, % mem avail: 95.32)
1000 5.4398205280303955 183.83 q/s (% mem usage: 4.70, % mem avail: 95.32)
1500 8.31281328201294 180.44 q/s (% mem usage: 4.70, % mem avail: 95.31)
1949 8.765119314193726 222.36 q/s (% mem usage: 4.60, % mem avail: 95.40)
	Command being timed: "emapper.py -i /home/hice1/sfang86/Documents/prodigal_eggnog//results/prodigal/B1181903_S01_L001/B1181903_S01_L001_predicted_proteins_clean.faa --output B1181903_S01_L001 --output_dir /home/hice1/sfang86/Documents/prodigal_eggnog//results/eggnog/B1181903_S01_L001 --data_dir /home/hice1/sfang86/scratch/eggnog_db --cpu 16 --tax_scope bacteria --go_evidence all --decorate_gff /home/hice1/sfang86/Documents/prodigal_eggnog//results/prodigal/B1181903_S01_L001/B1181903_S01_L001_Prodigal.gff --override"
	User time (seconds): 1448.91
	System time (seconds): 34.39
	Percent of CPU this job got: 1173%
	Elapsed (wall clock) time (h:mm:ss or m:ss): 2:06.35
	Average shared text size (kbytes): 0
	Average unshared data size (kbytes): 0
	Average stack size (kbytes): 0
	Average total size (kbytes): 0
	Maximum resident set size (kbytes): 3465060
	Average resident set size (kbytes): 0
	Major (requiring I/O) page faults: 207
	Minor (reclaiming a frame) page faults: 368597
	Voluntary context switches: 2085387
	Involuntary context switches: 26322
	Swaps: 0
	File system inputs: 24
	File system outputs: 262016
	Socket messages sent: 0
	Socket messages received: 0
	Signals delivered: 0
	Page size (bytes): 4096
	Exit status: 0
