[1;32mFunctional annotation of hits...[0m
[1;32mDecorating gff file /home/hice1/sfang86/Documents/prodigal_eggnog//results/prodigal/B1182882_S01_L001/B1182882_S01_L001_Prodigal.gff...[0m
500 2.6815173625946045 186.46 q/s (% mem usage: 4.70, % mem avail: 95.31)
1000 4.119760513305664 242.73 q/s (% mem usage: 4.70, % mem avail: 95.31)
1500 7.358687162399292 203.84 q/s (% mem usage: 4.70, % mem avail: 95.31)
1955 7.421506643295288 263.42 q/s (% mem usage: 4.60, % mem avail: 95.40)
	Command being timed: "emapper.py -i /home/hice1/sfang86/Documents/prodigal_eggnog//results/prodigal/B1182882_S01_L001/B1182882_S01_L001_predicted_proteins_clean.faa --output B1182882_S01_L001 --output_dir /home/hice1/sfang86/Documents/prodigal_eggnog//results/eggnog/B1182882_S01_L001 --data_dir /home/hice1/sfang86/scratch/eggnog_db --cpu 16 --tax_scope bacteria --go_evidence all --decorate_gff /home/hice1/sfang86/Documents/prodigal_eggnog//results/prodigal/B1182882_S01_L001/B1182882_S01_L001_Prodigal.gff --override"
	User time (seconds): 1438.58
	System time (seconds): 35.03
	Percent of CPU this job got: 1161%
	Elapsed (wall clock) time (h:mm:ss or m:ss): 2:06.91
	Average shared text size (kbytes): 0
	Average unshared data size (kbytes): 0
	Average stack size (kbytes): 0
	Average total size (kbytes): 0
	Maximum resident set size (kbytes): 3389732
	Average resident set size (kbytes): 0
	Major (requiring I/O) page faults: 278
	Minor (reclaiming a frame) page faults: 376264
	Voluntary context switches: 2080519
	Involuntary context switches: 60985
	Swaps: 0
	File system inputs: 8
	File system outputs: 261736
	Socket messages sent: 0
	Socket messages received: 0
	Signals delivered: 0
	Page size (bytes): 4096
	Exit status: 0
