[1;32mFunctional annotation of hits...[0m
[1;32mDecorating gff file /home/hice1/sfang86/Documents/prodigal_eggnog//results/prodigal/B1183043_S01_L001/B1183043_S01_L001_Prodigal.gff...[0m
500 4.3104777336120605 116.00 q/s (% mem usage: 4.70, % mem avail: 95.26)
1000 6.141556262969971 162.83 q/s (% mem usage: 4.70, % mem avail: 95.26)
1500 9.242934703826904 162.29 q/s (% mem usage: 4.80, % mem avail: 95.25)
1953 9.29547381401062 210.10 q/s (% mem usage: 4.70, % mem avail: 95.33)
	Command being timed: "emapper.py -i /home/hice1/sfang86/Documents/prodigal_eggnog//results/prodigal/B1183043_S01_L001/B1183043_S01_L001_predicted_proteins_clean.faa --output B1183043_S01_L001 --output_dir /home/hice1/sfang86/Documents/prodigal_eggnog//results/eggnog/B1183043_S01_L001 --data_dir /home/hice1/sfang86/scratch/eggnog_db --cpu 16 --tax_scope bacteria --go_evidence all --decorate_gff /home/hice1/sfang86/Documents/prodigal_eggnog//results/prodigal/B1183043_S01_L001/B1183043_S01_L001_Prodigal.gff --override"
	User time (seconds): 1403.08
	System time (seconds): 34.78
	Percent of CPU this job got: 1167%
	Elapsed (wall clock) time (h:mm:ss or m:ss): 2:03.12
	Average shared text size (kbytes): 0
	Average unshared data size (kbytes): 0
	Average stack size (kbytes): 0
	Average total size (kbytes): 0
	Maximum resident set size (kbytes): 3355488
	Average resident set size (kbytes): 0
	Major (requiring I/O) page faults: 260
	Minor (reclaiming a frame) page faults: 370296
	Voluntary context switches: 2002769
	Involuntary context switches: 35225
	Swaps: 0
	File system inputs: 96
	File system outputs: 261416
	Socket messages sent: 0
	Socket messages received: 0
	Signals delivered: 0
	Page size (bytes): 4096
	Exit status: 0
