[1;32mFunctional annotation of hits...[0m
[1;32mDecorating gff file /home/hice1/sfang86/Documents/prodigal_eggnog//results/prodigal/B1181507_S01_L001/B1181507_S01_L001_Prodigal.gff...[0m
500 2.4768567085266113 201.87 q/s (% mem usage: 4.70, % mem avail: 95.27)
1000 4.170748472213745 239.77 q/s (% mem usage: 4.70, % mem avail: 95.27)
1500 7.277163743972778 206.12 q/s (% mem usage: 4.70, % mem avail: 95.27)
1948 7.9530627727508545 244.94 q/s (% mem usage: 4.60, % mem avail: 95.36)
	Command being timed: "emapper.py -i /home/hice1/sfang86/Documents/prodigal_eggnog//results/prodigal/B1181507_S01_L001/B1181507_S01_L001_predicted_proteins_clean.faa --output B1181507_S01_L001 --output_dir /home/hice1/sfang86/Documents/prodigal_eggnog//results/eggnog/B1181507_S01_L001 --data_dir /home/hice1/sfang86/scratch/eggnog_db --cpu 16 --tax_scope bacteria --go_evidence all --decorate_gff /home/hice1/sfang86/Documents/prodigal_eggnog//results/prodigal/B1181507_S01_L001/B1181507_S01_L001_Prodigal.gff --override"
	User time (seconds): 1449.04
	System time (seconds): 35.56
	Percent of CPU this job got: 1160%
	Elapsed (wall clock) time (h:mm:ss or m:ss): 2:07.97
	Average shared text size (kbytes): 0
	Average unshared data size (kbytes): 0
	Average stack size (kbytes): 0
	Average total size (kbytes): 0
	Maximum resident set size (kbytes): 3429408
	Average resident set size (kbytes): 0
	Major (requiring I/O) page faults: 240
	Minor (reclaiming a frame) page faults: 372639
	Voluntary context switches: 2089548
	Involuntary context switches: 51577
	Swaps: 0
	File system inputs: 0
	File system outputs: 261960
	Socket messages sent: 0
	Socket messages received: 0
	Signals delivered: 0
	Page size (bytes): 4096
	Exit status: 0
