-------------------------------------
PRODIGAL v2.6.3 [February, 2016]         
Univ of Tenn / Oak Ridge National Lab
Doug Hyatt, Loren Hauser, et al.     
-------------------------------------
Request:  Metagenomic, Phase:  Training
Initializing training files...done!
-------------------------------------
Request:  Metagenomic, Phase:  Gene Finding
Finding genes in sequence #1 (207875 bp)...done!
Finding genes in sequence #2 (160555 bp)...done!
Finding genes in sequence #3 (152573 bp)...done!
Finding genes in sequence #4 (122744 bp)...done!
Finding genes in sequence #5 (108607 bp)...done!
Finding genes in sequence #6 (88987 bp)...done!
Finding genes in sequence #7 (83875 bp)...done!
Finding genes in sequence #8 (71953 bp)...done!
Finding genes in sequence #9 (70188 bp)...done!
Finding genes in sequence #10 (63467 bp)...done!
Finding genes in sequence #11 (59633 bp)...done!
Finding genes in sequence #12 (59185 bp)...done!
Finding genes in sequence #13 (57830 bp)...done!
Finding genes in sequence #14 (56589 bp)...done!
Finding genes in sequence #15 (55669 bp)...done!
Finding genes in sequence #16 (52737 bp)...done!
Finding genes in sequence #17 (48905 bp)...done!
Finding genes in sequence #18 (43387 bp)...done!
Finding genes in sequence #19 (41031 bp)...done!
Finding genes in sequence #20 (35391 bp)...done!
Finding genes in sequence #21 (31695 bp)...done!
Finding genes in sequence #22 (31512 bp)...done!
Finding genes in sequence #23 (27973 bp)...done!
Finding genes in sequence #24 (26921 bp)...done!
Finding genes in sequence #25 (25713 bp)...done!
Finding genes in sequence #26 (23885 bp)...done!
Finding genes in sequence #27 (23104 bp)...done!
Finding genes in sequence #28 (22797 bp)...done!
Finding genes in sequence #29 (22781 bp)...done!
Finding genes in sequence #30 (21077 bp)...done!
Finding genes in sequence #31 (20969 bp)...done!
Finding genes in sequence #32 (20701 bp)...done!
Finding genes in sequence #33 (18675 bp)...done!
Finding genes in sequence #34 (14604 bp)...done!
Finding genes in sequence #35 (14322 bp)...done!
Finding genes in sequence #36 (11498 bp)...done!
Finding genes in sequence #37 (9479 bp)...done!
Finding genes in sequence #38 (8799 bp)...done!
Finding genes in sequence #39 (8087 bp)...done!
Finding genes in sequence #40 (7659 bp)...done!
Finding genes in sequence #41 (7448 bp)...done!
Finding genes in sequence #42 (7162 bp)...done!
Finding genes in sequence #43 (6827 bp)...done!
Finding genes in sequence #44 (6286 bp)...done!
Finding genes in sequence #45 (6160 bp)...done!
Finding genes in sequence #46 (5458 bp)...done!
Finding genes in sequence #47 (5412 bp)...done!
Finding genes in sequence #48 (4986 bp)...done!
Finding genes in sequence #49 (4395 bp)...done!
Finding genes in sequence #50 (4351 bp)...done!
Finding genes in sequence #51 (4213 bp)...done!
Finding genes in sequence #52 (3824 bp)...done!
Finding genes in sequence #53 (3740 bp)...done!
Finding genes in sequence #54 (3483 bp)...done!
Finding genes in sequence #55 (3189 bp)...done!
Finding genes in sequence #56 (3173 bp)...done!
Finding genes in sequence #57 (3163 bp)...done!
Finding genes in sequence #58 (3114 bp)...done!
Finding genes in sequence #59 (2882 bp)...done!
Finding genes in sequence #60 (2534 bp)...done!
Finding genes in sequence #61 (1923 bp)...done!
Finding genes in sequence #62 (1906 bp)...done!
Finding genes in sequence #63 (1764 bp)...done!
Finding genes in sequence #64 (1738 bp)...done!
Finding genes in sequence #65 (1722 bp)...done!
Finding genes in sequence #66 (1563 bp)...done!
Finding genes in sequence #67 (1439 bp)...done!
Finding genes in sequence #68 (1216 bp)...done!
Finding genes in sequence #69 (1211 bp)...done!
Finding genes in sequence #70 (840 bp)...done!
Finding genes in sequence #71 (824 bp)...done!
Finding genes in sequence #72 (707 bp)...done!
Finding genes in sequence #73 (694 bp)...done!
Finding genes in sequence #74 (654 bp)...done!
Finding genes in sequence #75 (643 bp)...done!
Finding genes in sequence #76 (622 bp)...done!
Finding genes in sequence #77 (594 bp)...done!
Finding genes in sequence #78 (569 bp)...done!
Finding genes in sequence #79 (527 bp)...done!
Finding genes in sequence #80 (519 bp)...done!
Finding genes in sequence #81 (515 bp)...done!
Finding genes in sequence #82 (515 bp)...done!
Finding genes in sequence #83 (515 bp)...done!
Finding genes in sequence #84 (512 bp)...done!
Finding genes in sequence #85 (501 bp)...done!
	Command being timed: "prodigal -i /home/hice1/sfang86/Documents/prodigal_eggnog//data/contigs/B1182882_S01_L001_contigs.fa -o /home/hice1/sfang86/Documents/prodigal_eggnog//results/prodigal/B1182882_S01_L001/B1182882_S01_L001_prodigal.gff -a /home/hice1/sfang86/Documents/prodigal_eggnog//results/prodigal/B1182882_S01_L001/predicted_proteins.fasta -d /home/hice1/sfang86/Documents/prodigal_eggnog//results/prodigal/B1182882_S01_L001/predicted_genes.fna -p meta -f gff"
	User time (seconds): 17.99
	System time (seconds): 0.01
	Percent of CPU this job got: 98%
	Elapsed (wall clock) time (h:mm:ss or m:ss): 0:18.34
	Average shared text size (kbytes): 0
	Average unshared data size (kbytes): 0
	Average stack size (kbytes): 0
	Average total size (kbytes): 0
	Maximum resident set size (kbytes): 46048
	Average resident set size (kbytes): 0
	Major (requiring I/O) page faults: 0
	Minor (reclaiming a frame) page faults: 8097
	Voluntary context switches: 57
	Involuntary context switches: 38
	Swaps: 0
	File system inputs: 0
	File system outputs: 8216
	Socket messages sent: 0
	Socket messages received: 0
	Signals delivered: 0
	Page size (bytes): 4096
	Exit status: 0
