-------------------------------------
PRODIGAL v2.6.3 [February, 2016]         
Univ of Tenn / Oak Ridge National Lab
Doug Hyatt, Loren Hauser, et al.     
-------------------------------------
Request:  Metagenomic, Phase:  Training
Initializing training files...done!
-------------------------------------
Request:  Metagenomic, Phase:  Gene Finding
Finding genes in sequence #1 (209878 bp)...done!
Finding genes in sequence #2 (207884 bp)...done!
Finding genes in sequence #3 (152618 bp)...done!
Finding genes in sequence #4 (106048 bp)...done!
Finding genes in sequence #5 (91053 bp)...done!
Finding genes in sequence #6 (89088 bp)...done!
Finding genes in sequence #7 (88988 bp)...done!
Finding genes in sequence #8 (86861 bp)...done!
Finding genes in sequence #9 (70166 bp)...done!
Finding genes in sequence #10 (67554 bp)...done!
Finding genes in sequence #11 (64395 bp)...done!
Finding genes in sequence #12 (59123 bp)...done!
Finding genes in sequence #13 (57761 bp)...done!
Finding genes in sequence #14 (55912 bp)...done!
Finding genes in sequence #15 (55669 bp)...done!
Finding genes in sequence #16 (48747 bp)...done!
Finding genes in sequence #17 (47424 bp)...done!
Finding genes in sequence #18 (46570 bp)...done!
Finding genes in sequence #19 (41267 bp)...done!
Finding genes in sequence #20 (41182 bp)...done!
Finding genes in sequence #21 (35490 bp)...done!
Finding genes in sequence #22 (31807 bp)...done!
Finding genes in sequence #23 (25370 bp)...done!
Finding genes in sequence #24 (23885 bp)...done!
Finding genes in sequence #25 (23332 bp)...done!
Finding genes in sequence #26 (23104 bp)...done!
Finding genes in sequence #27 (22797 bp)...done!
Finding genes in sequence #28 (22781 bp)...done!
Finding genes in sequence #29 (21251 bp)...done!
Finding genes in sequence #30 (20701 bp)...done!
Finding genes in sequence #31 (20588 bp)...done!
Finding genes in sequence #32 (17919 bp)...done!
Finding genes in sequence #33 (14604 bp)...done!
Finding genes in sequence #34 (11990 bp)...done!
Finding genes in sequence #35 (11387 bp)...done!
Finding genes in sequence #36 (10089 bp)...done!
Finding genes in sequence #37 (8624 bp)...done!
Finding genes in sequence #38 (7658 bp)...done!
Finding genes in sequence #39 (7476 bp)...done!
Finding genes in sequence #40 (7162 bp)...done!
Finding genes in sequence #41 (6160 bp)...done!
Finding genes in sequence #42 (5458 bp)...done!
Finding genes in sequence #43 (5412 bp)...done!
Finding genes in sequence #44 (5188 bp)...done!
Finding genes in sequence #45 (5119 bp)...done!
Finding genes in sequence #46 (5002 bp)...done!
Finding genes in sequence #47 (4643 bp)...done!
Finding genes in sequence #48 (4280 bp)...done!
Finding genes in sequence #49 (4213 bp)...done!
Finding genes in sequence #50 (4004 bp)...done!
Finding genes in sequence #51 (3740 bp)...done!
Finding genes in sequence #52 (3390 bp)...done!
Finding genes in sequence #53 (3173 bp)...done!
Finding genes in sequence #54 (3122 bp)...done!
Finding genes in sequence #55 (2883 bp)...done!
Finding genes in sequence #56 (2882 bp)...done!
Finding genes in sequence #57 (2534 bp)...done!
Finding genes in sequence #58 (2344 bp)...done!
Finding genes in sequence #59 (2137 bp)...done!
Finding genes in sequence #60 (1906 bp)...done!
Finding genes in sequence #61 (1764 bp)...done!
Finding genes in sequence #62 (1563 bp)...done!
Finding genes in sequence #63 (1439 bp)...done!
Finding genes in sequence #64 (1216 bp)...done!
Finding genes in sequence #65 (1211 bp)...done!
Finding genes in sequence #66 (1082 bp)...done!
Finding genes in sequence #67 (987 bp)...done!
Finding genes in sequence #68 (911 bp)...done!
Finding genes in sequence #69 (824 bp)...done!
Finding genes in sequence #70 (823 bp)...done!
Finding genes in sequence #71 (777 bp)...done!
Finding genes in sequence #72 (694 bp)...done!
Finding genes in sequence #73 (654 bp)...done!
Finding genes in sequence #74 (643 bp)...done!
Finding genes in sequence #75 (622 bp)...done!
Finding genes in sequence #76 (610 bp)...done!
Finding genes in sequence #77 (587 bp)...done!
Finding genes in sequence #78 (535 bp)...done!
	Command being timed: "prodigal -i /home/hice1/sfang86/Documents/prodigal_eggnog//data/contigs/B1181151_S01_L001_contigs.fa -o /home/hice1/sfang86/Documents/prodigal_eggnog//results/prodigal/B1181151_S01_L001/B1181151_S01_L001_prodigal.gff -a /home/hice1/sfang86/Documents/prodigal_eggnog//results/prodigal/B1181151_S01_L001/predicted_proteins.fasta -d /home/hice1/sfang86/Documents/prodigal_eggnog//results/prodigal/B1181151_S01_L001/predicted_genes.fna -p meta -f gff"
	User time (seconds): 18.10
	System time (seconds): 0.01
	Percent of CPU this job got: 99%
	Elapsed (wall clock) time (h:mm:ss or m:ss): 0:18.23
	Average shared text size (kbytes): 0
	Average unshared data size (kbytes): 0
	Average stack size (kbytes): 0
	Average total size (kbytes): 0
	Maximum resident set size (kbytes): 46560
	Average resident set size (kbytes): 0
	Major (requiring I/O) page faults: 0
	Minor (reclaiming a frame) page faults: 8112
	Voluntary context switches: 63
	Involuntary context switches: 47
	Swaps: 0
	File system inputs: 0
	File system outputs: 8640
	Socket messages sent: 0
	Socket messages received: 0
	Signals delivered: 0
	Page size (bytes): 4096
	Exit status: 0
