[1;32mFunctional annotation of hits...[0m
[1;32mDecorating gff file /home/hice1/sfang86/Documents/prodigal_eggnog//results/prodigal/B1180975_S01_L001/B1180975_S01_L001_Prodigal.gff...[0m
500 4.155791521072388 120.31 q/s (% mem usage: 4.70, % mem avail: 95.31)
1000 5.974477767944336 167.38 q/s (% mem usage: 4.70, % mem avail: 95.31)
1500 9.051648616790771 165.72 q/s (% mem usage: 4.70, % mem avail: 95.31)
1955 10.90492844581604 179.28 q/s (% mem usage: 4.60, % mem avail: 95.39)
	Command being timed: "emapper.py -i /home/hice1/sfang86/Documents/prodigal_eggnog//results/prodigal/B1180975_S01_L001/B1180975_S01_L001_predicted_proteins_clean.faa --output B1180975_S01_L001 --output_dir /home/hice1/sfang86/Documents/prodigal_eggnog//results/eggnog/B1180975_S01_L001 --data_dir /home/hice1/sfang86/scratch/eggnog_db --cpu 16 --tax_scope bacteria --go_evidence all --decorate_gff /home/hice1/sfang86/Documents/prodigal_eggnog//results/prodigal/B1180975_S01_L001/B1180975_S01_L001_Prodigal.gff --override"
	User time (seconds): 1422.88
	System time (seconds): 36.35
	Percent of CPU this job got: 1090%
	Elapsed (wall clock) time (h:mm:ss or m:ss): 2:13.82
	Average shared text size (kbytes): 0
	Average unshared data size (kbytes): 0
	Average stack size (kbytes): 0
	Average total size (kbytes): 0
	Maximum resident set size (kbytes): 3385616
	Average resident set size (kbytes): 0
	Major (requiring I/O) page faults: 88
	Minor (reclaiming a frame) page faults: 372599
	Voluntary context switches: 2005616
	Involuntary context switches: 69212
	Swaps: 0
	File system inputs: 13032200
	File system outputs: 261912
	Socket messages sent: 0
	Socket messages received: 0
	Signals delivered: 0
	Page size (bytes): 4096
	Exit status: 0
