[1;32mFunctional annotation of hits...[0m
[1;32mDecorating gff file /home/hice1/sfang86/Documents/prodigal_eggnog//results/prodigal/B1183088_S01_L001/B1183088_S01_L001_Prodigal.gff...[0m
500 3.470667600631714 144.06 q/s (% mem usage: 4.70, % mem avail: 95.27)
1000 5.257588863372803 190.20 q/s (% mem usage: 4.70, % mem avail: 95.27)
1500 8.452549695968628 177.46 q/s (% mem usage: 4.70, % mem avail: 95.26)
1952 8.50920820236206 229.40 q/s (% mem usage: 4.70, % mem avail: 95.34)
	Command being timed: "emapper.py -i /home/hice1/sfang86/Documents/prodigal_eggnog//results/prodigal/B1183088_S01_L001/B1183088_S01_L001_predicted_proteins_clean.faa --output B1183088_S01_L001 --output_dir /home/hice1/sfang86/Documents/prodigal_eggnog//results/eggnog/B1183088_S01_L001 --data_dir /home/hice1/sfang86/scratch/eggnog_db --cpu 16 --tax_scope bacteria --go_evidence all --decorate_gff /home/hice1/sfang86/Documents/prodigal_eggnog//results/prodigal/B1183088_S01_L001/B1183088_S01_L001_Prodigal.gff --override"
	User time (seconds): 1412.42
	System time (seconds): 34.50
	Percent of CPU this job got: 1159%
	Elapsed (wall clock) time (h:mm:ss or m:ss): 2:04.82
	Average shared text size (kbytes): 0
	Average unshared data size (kbytes): 0
	Average stack size (kbytes): 0
	Average total size (kbytes): 0
	Maximum resident set size (kbytes): 3363144
	Average resident set size (kbytes): 0
	Major (requiring I/O) page faults: 232
	Minor (reclaiming a frame) page faults: 372950
	Voluntary context switches: 2102737
	Involuntary context switches: 35116
	Swaps: 0
	File system inputs: 69544
	File system outputs: 261768
	Socket messages sent: 0
	Socket messages received: 0
	Signals delivered: 0
	Page size (bytes): 4096
	Exit status: 0
