[1;32mFunctional annotation of hits...[0m
[1;32mDecorating gff file /home/hice1/sfang86/Documents/prodigal_eggnog//results/prodigal/B1182969_S01_L001/B1182969_S01_L001_Prodigal.gff...[0m
500 4.17374062538147 119.80 q/s (% mem usage: 4.70, % mem avail: 95.31)
1000 6.0027525424957275 166.59 q/s (% mem usage: 4.70, % mem avail: 95.30)
1500 8.927799940109253 168.01 q/s (% mem usage: 4.70, % mem avail: 95.30)
1957 9.354249000549316 209.21 q/s (% mem usage: 4.60, % mem avail: 95.39)
	Command being timed: "emapper.py -i /home/hice1/sfang86/Documents/prodigal_eggnog//results/prodigal/B1182969_S01_L001/B1182969_S01_L001_predicted_proteins_clean.faa --output B1182969_S01_L001 --output_dir /home/hice1/sfang86/Documents/prodigal_eggnog//results/eggnog/B1182969_S01_L001 --data_dir /home/hice1/sfang86/scratch/eggnog_db --cpu 16 --tax_scope bacteria --go_evidence all --decorate_gff /home/hice1/sfang86/Documents/prodigal_eggnog//results/prodigal/B1182969_S01_L001/B1182969_S01_L001_Prodigal.gff --override"
	User time (seconds): 1423.92
	System time (seconds): 34.77
	Percent of CPU this job got: 1156%
	Elapsed (wall clock) time (h:mm:ss or m:ss): 2:06.08
	Average shared text size (kbytes): 0
	Average unshared data size (kbytes): 0
	Average stack size (kbytes): 0
	Average total size (kbytes): 0
	Maximum resident set size (kbytes): 3358520
	Average resident set size (kbytes): 0
	Major (requiring I/O) page faults: 214
	Minor (reclaiming a frame) page faults: 373002
	Voluntary context switches: 2099519
	Involuntary context switches: 61315
	Swaps: 0
	File system inputs: 202272
	File system outputs: 262040
	Socket messages sent: 0
	Socket messages received: 0
	Signals delivered: 0
	Page size (bytes): 4096
	Exit status: 0
