[1;32mFunctional annotation of hits...[0m
[1;32mDecorating gff file /home/hice1/sfang86/Documents/prodigal_eggnog//results/prodigal/B1182970_S01_L001/B1182970_S01_L001_Prodigal.gff...[0m
500 2.8032634258270264 178.36 q/s (% mem usage: 4.60, % mem avail: 95.38)
1000 4.194849491119385 238.39 q/s (% mem usage: 4.60, % mem avail: 95.37)
1500 7.3299500942230225 204.64 q/s (% mem usage: 4.60, % mem avail: 95.36)
1950 7.923650503158569 246.10 q/s (% mem usage: 4.60, % mem avail: 95.41)
	Command being timed: "emapper.py -i /home/hice1/sfang86/Documents/prodigal_eggnog//results/prodigal/B1182970_S01_L001/B1182970_S01_L001_predicted_proteins_clean.faa --output B1182970_S01_L001 --output_dir /home/hice1/sfang86/Documents/prodigal_eggnog//results/eggnog/B1182970_S01_L001 --data_dir /home/hice1/sfang86/scratch/eggnog_db --cpu 16 --tax_scope bacteria --go_evidence all --decorate_gff /home/hice1/sfang86/Documents/prodigal_eggnog//results/prodigal/B1182970_S01_L001/B1182970_S01_L001_Prodigal.gff --override"
	User time (seconds): 1426.10
	System time (seconds): 35.05
	Percent of CPU this job got: 1176%
	Elapsed (wall clock) time (h:mm:ss or m:ss): 2:04.19
	Average shared text size (kbytes): 0
	Average unshared data size (kbytes): 0
	Average stack size (kbytes): 0
	Average total size (kbytes): 0
	Maximum resident set size (kbytes): 3365904
	Average resident set size (kbytes): 0
	Major (requiring I/O) page faults: 257
	Minor (reclaiming a frame) page faults: 373483
	Voluntary context switches: 2005431
	Involuntary context switches: 65711
	Swaps: 0
	File system inputs: 109384
	File system outputs: 261528
	Socket messages sent: 0
	Socket messages received: 0
	Signals delivered: 0
	Page size (bytes): 4096
	Exit status: 0
