[1;32mFunctional annotation of hits...[0m
[1;32mDecorating gff file /home/hice1/sfang86/Documents/prodigal_eggnog//results/prodigal/B1180909_S01_L001/B1180909_S01_L001_Prodigal.gff...[0m
500 4.2064337730407715 118.87 q/s (% mem usage: 4.60, % mem avail: 95.40)
1000 5.756683588027954 173.71 q/s (% mem usage: 4.60, % mem avail: 95.40)
1500 8.854015827178955 169.41 q/s (% mem usage: 4.60, % mem avail: 95.39)
1953 9.157274961471558 213.27 q/s (% mem usage: 4.50, % mem avail: 95.49)
	Command being timed: "emapper.py -i /home/hice1/sfang86/Documents/prodigal_eggnog//results/prodigal/B1180909_S01_L001/B1180909_S01_L001_predicted_proteins_clean.faa --output B1180909_S01_L001 --output_dir /home/hice1/sfang86/Documents/prodigal_eggnog//results/eggnog/B1180909_S01_L001 --data_dir /home/hice1/sfang86/scratch/eggnog_db --cpu 16 --tax_scope bacteria --go_evidence all --decorate_gff /home/hice1/sfang86/Documents/prodigal_eggnog//results/prodigal/B1180909_S01_L001/B1180909_S01_L001_Prodigal.gff --override"
	User time (seconds): 1430.49
	System time (seconds): 35.63
	Percent of CPU this job got: 1124%
	Elapsed (wall clock) time (h:mm:ss or m:ss): 2:10.33
	Average shared text size (kbytes): 0
	Average unshared data size (kbytes): 0
	Average stack size (kbytes): 0
	Average total size (kbytes): 0
	Maximum resident set size (kbytes): 3409824
	Average resident set size (kbytes): 0
	Major (requiring I/O) page faults: 285
	Minor (reclaiming a frame) page faults: 375167
	Voluntary context switches: 2098808
	Involuntary context switches: 46055
	Swaps: 0
	File system inputs: 5229864
	File system outputs: 261328
	Socket messages sent: 0
	Socket messages received: 0
	Signals delivered: 0
	Page size (bytes): 4096
	Exit status: 0
