[1;32mFunctional annotation of hits...[0m
[1;32mDecorating gff file /home/hice1/sfang86/Documents/prodigal_eggnog//results/prodigal/B1181151_S01_L001/B1181151_S01_L001_Prodigal.gff...[0m
500 6.054987192153931 82.58 q/s (% mem usage: 4.70, % mem avail: 95.32)
1000 8.127349615097046 123.04 q/s (% mem usage: 4.70, % mem avail: 95.31)
1500 11.237359046936035 133.48 q/s (% mem usage: 4.70, % mem avail: 95.31)
1948 11.285927772521973 172.60 q/s (% mem usage: 4.60, % mem avail: 95.40)
	Command being timed: "emapper.py -i /home/hice1/sfang86/Documents/prodigal_eggnog//results/prodigal/B1181151_S01_L001/B1181151_S01_L001_predicted_proteins_clean.faa --output B1181151_S01_L001 --output_dir /home/hice1/sfang86/Documents/prodigal_eggnog//results/eggnog/B1181151_S01_L001 --data_dir /home/hice1/sfang86/scratch/eggnog_db --cpu 16 --tax_scope bacteria --go_evidence all --decorate_gff /home/hice1/sfang86/Documents/prodigal_eggnog//results/prodigal/B1181151_S01_L001/B1181151_S01_L001_Prodigal.gff --override"
	User time (seconds): 1432.18
	System time (seconds): 34.88
	Percent of CPU this job got: 1142%
	Elapsed (wall clock) time (h:mm:ss or m:ss): 2:08.42
	Average shared text size (kbytes): 0
	Average unshared data size (kbytes): 0
	Average stack size (kbytes): 0
	Average total size (kbytes): 0
	Maximum resident set size (kbytes): 3394028
	Average resident set size (kbytes): 0
	Major (requiring I/O) page faults: 173
	Minor (reclaiming a frame) page faults: 374742
	Voluntary context switches: 2085411
	Involuntary context switches: 60916
	Swaps: 0
	File system inputs: 0
	File system outputs: 261912
	Socket messages sent: 0
	Socket messages received: 0
	Signals delivered: 0
	Page size (bytes): 4096
	Exit status: 0
