-------------------------------------
PRODIGAL v2.6.3 [February, 2016]         
Univ of Tenn / Oak Ridge National Lab
Doug Hyatt, Loren Hauser, et al.     
-------------------------------------
Request:  Metagenomic, Phase:  Training
Initializing training files...done!
-------------------------------------
Request:  Metagenomic, Phase:  Gene Finding
Finding genes in sequence #1 (207846 bp)...done!
Finding genes in sequence #2 (152571 bp)...done!
Finding genes in sequence #3 (129261 bp)...done!
Finding genes in sequence #4 (116111 bp)...done!
Finding genes in sequence #5 (91053 bp)...done!
Finding genes in sequence #6 (89094 bp)...done!
Finding genes in sequence #7 (88982 bp)...done!
Finding genes in sequence #8 (86774 bp)...done!
Finding genes in sequence #9 (75270 bp)...done!
Finding genes in sequence #10 (71953 bp)...done!
Finding genes in sequence #11 (70166 bp)...done!
Finding genes in sequence #12 (67623 bp)...done!
Finding genes in sequence #13 (59633 bp)...done!
Finding genes in sequence #14 (59179 bp)...done!
Finding genes in sequence #15 (57816 bp)...done!
Finding genes in sequence #16 (55669 bp)...done!
Finding genes in sequence #17 (48732 bp)...done!
Finding genes in sequence #18 (48115 bp)...done!
Finding genes in sequence #19 (46570 bp)...done!
Finding genes in sequence #20 (41931 bp)...done!
Finding genes in sequence #21 (41182 bp)...done!
Finding genes in sequence #22 (37790 bp)...done!
Finding genes in sequence #23 (30725 bp)...done!
Finding genes in sequence #24 (27973 bp)...done!
Finding genes in sequence #25 (25251 bp)...done!
Finding genes in sequence #26 (23332 bp)...done!
Finding genes in sequence #27 (22865 bp)...done!
Finding genes in sequence #28 (22797 bp)...done!
Finding genes in sequence #29 (20969 bp)...done!
Finding genes in sequence #30 (20701 bp)...done!
Finding genes in sequence #31 (20662 bp)...done!
Finding genes in sequence #32 (18675 bp)...done!
Finding genes in sequence #33 (17919 bp)...done!
Finding genes in sequence #34 (14803 bp)...done!
Finding genes in sequence #35 (11383 bp)...done!
Finding genes in sequence #36 (10089 bp)...done!
Finding genes in sequence #37 (8624 bp)...done!
Finding genes in sequence #38 (7658 bp)...done!
Finding genes in sequence #39 (7636 bp)...done!
Finding genes in sequence #40 (7606 bp)...done!
Finding genes in sequence #41 (7448 bp)...done!
Finding genes in sequence #42 (6897 bp)...done!
Finding genes in sequence #43 (6160 bp)...done!
Finding genes in sequence #44 (5521 bp)...done!
Finding genes in sequence #45 (4532 bp)...done!
Finding genes in sequence #46 (4280 bp)...done!
Finding genes in sequence #47 (4213 bp)...done!
Finding genes in sequence #48 (3740 bp)...done!
Finding genes in sequence #49 (3602 bp)...done!
Finding genes in sequence #50 (3390 bp)...done!
Finding genes in sequence #51 (3173 bp)...done!
Finding genes in sequence #52 (3122 bp)...done!
Finding genes in sequence #53 (2883 bp)...done!
Finding genes in sequence #54 (2882 bp)...done!
Finding genes in sequence #55 (2626 bp)...done!
Finding genes in sequence #56 (2534 bp)...done!
Finding genes in sequence #57 (1906 bp)...done!
Finding genes in sequence #58 (1764 bp)...done!
Finding genes in sequence #59 (1763 bp)...done!
Finding genes in sequence #60 (1563 bp)...done!
Finding genes in sequence #61 (1439 bp)...done!
Finding genes in sequence #62 (1216 bp)...done!
Finding genes in sequence #63 (1211 bp)...done!
Finding genes in sequence #64 (840 bp)...done!
Finding genes in sequence #65 (824 bp)...done!
Finding genes in sequence #66 (823 bp)...done!
Finding genes in sequence #67 (694 bp)...done!
Finding genes in sequence #68 (654 bp)...done!
Finding genes in sequence #69 (643 bp)...done!
Finding genes in sequence #70 (622 bp)...done!
Finding genes in sequence #71 (611 bp)...done!
Finding genes in sequence #72 (599 bp)...done!
Finding genes in sequence #73 (587 bp)...done!
Finding genes in sequence #74 (578 bp)...done!
Finding genes in sequence #75 (555 bp)...done!
	Command being timed: "prodigal -i /home/hice1/sfang86/Documents/prodigal_eggnog//data/contigs/B1181159_S01_L001_contigs.fa -o /home/hice1/sfang86/Documents/prodigal_eggnog//results/prodigal/B1181159_S01_L001/B1181159_S01_L001_prodigal.gff -a /home/hice1/sfang86/Documents/prodigal_eggnog//results/prodigal/B1181159_S01_L001/predicted_proteins.fasta -d /home/hice1/sfang86/Documents/prodigal_eggnog//results/prodigal/B1181159_S01_L001/predicted_genes.fna -p meta -f gff"
	User time (seconds): 18.18
	System time (seconds): 0.01
	Percent of CPU this job got: 99%
	Elapsed (wall clock) time (h:mm:ss or m:ss): 0:18.28
	Average shared text size (kbytes): 0
	Average unshared data size (kbytes): 0
	Average stack size (kbytes): 0
	Average total size (kbytes): 0
	Maximum resident set size (kbytes): 46048
	Average resident set size (kbytes): 0
	Major (requiring I/O) page faults: 0
	Minor (reclaiming a frame) page faults: 8096
	Voluntary context switches: 53
	Involuntary context switches: 44
	Swaps: 0
	File system inputs: 0
	File system outputs: 8552
	Socket messages sent: 0
	Socket messages received: 0
	Signals delivered: 0
	Page size (bytes): 4096
	Exit status: 0
