[1;32mFunctional annotation of hits...[0m
[1;32mDecorating gff file /home/hice1/sfang86/Documents/prodigal_eggnog//results/prodigal/B1182033_S01_L001/B1182033_S01_L001_Prodigal.gff...[0m
500 2.236521005630493 223.56 q/s (% mem usage: 4.70, % mem avail: 95.28)
1000 4.122075319290161 242.60 q/s (% mem usage: 4.70, % mem avail: 95.28)
1500 5.899916172027588 254.24 q/s (% mem usage: 4.70, % mem avail: 95.28)
1953 7.469097375869751 261.48 q/s (% mem usage: 4.60, % mem avail: 95.36)
	Command being timed: "emapper.py -i /home/hice1/sfang86/Documents/prodigal_eggnog//results/prodigal/B1182033_S01_L001/B1182033_S01_L001_predicted_proteins_clean.faa --output B1182033_S01_L001 --output_dir /home/hice1/sfang86/Documents/prodigal_eggnog//results/eggnog/B1182033_S01_L001 --data_dir /home/hice1/sfang86/scratch/eggnog_db --cpu 16 --tax_scope bacteria --go_evidence all --decorate_gff /home/hice1/sfang86/Documents/prodigal_eggnog//results/prodigal/B1182033_S01_L001/B1182033_S01_L001_Prodigal.gff --override"
	User time (seconds): 1407.35
	System time (seconds): 35.66
	Percent of CPU this job got: 1128%
	Elapsed (wall clock) time (h:mm:ss or m:ss): 2:07.90
	Average shared text size (kbytes): 0
	Average unshared data size (kbytes): 0
	Average stack size (kbytes): 0
	Average total size (kbytes): 0
	Maximum resident set size (kbytes): 3352912
	Average resident set size (kbytes): 0
	Major (requiring I/O) page faults: 287
	Minor (reclaiming a frame) page faults: 371455
	Voluntary context switches: 1991701
	Involuntary context switches: 38070
	Swaps: 0
	File system inputs: 7368704
	File system outputs: 261680
	Socket messages sent: 0
	Socket messages received: 0
	Signals delivered: 0
	Page size (bytes): 4096
	Exit status: 0
