[1;32mFunctional annotation of hits...[0m
[1;32mDecorating gff file /home/hice1/sfang86/Documents/prodigal_eggnog//results/prodigal/B1181150_S01_L001/B1181150_S01_L001_Prodigal.gff...[0m
500 2.299346446990967 217.45 q/s (% mem usage: 4.70, % mem avail: 95.28)
1000 4.166200399398804 240.03 q/s (% mem usage: 4.70, % mem avail: 95.28)
1500 7.285615921020508 205.89 q/s (% mem usage: 4.70, % mem avail: 95.27)
1951 9.231886625289917 211.33 q/s (% mem usage: 4.60, % mem avail: 95.36)
	Command being timed: "emapper.py -i /home/hice1/sfang86/Documents/prodigal_eggnog//results/prodigal/B1181150_S01_L001/B1181150_S01_L001_predicted_proteins_clean.faa --output B1181150_S01_L001 --output_dir /home/hice1/sfang86/Documents/prodigal_eggnog//results/eggnog/B1181150_S01_L001 --data_dir /home/hice1/sfang86/scratch/eggnog_db --cpu 16 --tax_scope bacteria --go_evidence all --decorate_gff /home/hice1/sfang86/Documents/prodigal_eggnog//results/prodigal/B1181150_S01_L001/B1181150_S01_L001_Prodigal.gff --override"
	User time (seconds): 1439.21
	System time (seconds): 35.02
	Percent of CPU this job got: 1171%
	Elapsed (wall clock) time (h:mm:ss or m:ss): 2:05.80
	Average shared text size (kbytes): 0
	Average unshared data size (kbytes): 0
	Average stack size (kbytes): 0
	Average total size (kbytes): 0
	Maximum resident set size (kbytes): 3414836
	Average resident set size (kbytes): 0
	Major (requiring I/O) page faults: 236
	Minor (reclaiming a frame) page faults: 370861
	Voluntary context switches: 2083418
	Involuntary context switches: 43951
	Swaps: 0
	File system inputs: 90264
	File system outputs: 261704
	Socket messages sent: 0
	Socket messages received: 0
	Signals delivered: 0
	Page size (bytes): 4096
	Exit status: 0
