[1;32mFunctional annotation of hits...[0m
[1;32mDecorating gff file /home/hice1/sfang86/Documents/prodigal_eggnog//results/prodigal/B1220214_S01_L001/B1220214_S01_L001_Prodigal.gff...[0m
500 2.4812135696411133 201.51 q/s (% mem usage: 4.70, % mem avail: 95.31)
1000 4.551902770996094 219.69 q/s (% mem usage: 4.70, % mem avail: 95.31)
1500 6.982296943664551 214.83 q/s (% mem usage: 4.70, % mem avail: 95.30)
1953 7.841920852661133 249.05 q/s (% mem usage: 4.60, % mem avail: 95.39)
	Command being timed: "emapper.py -i /home/hice1/sfang86/Documents/prodigal_eggnog//results/prodigal/B1220214_S01_L001/B1220214_S01_L001_predicted_proteins_clean.faa --output B1220214_S01_L001 --output_dir /home/hice1/sfang86/Documents/prodigal_eggnog//results/eggnog/B1220214_S01_L001 --data_dir /home/hice1/sfang86/scratch/eggnog_db --cpu 16 --tax_scope bacteria --go_evidence all --decorate_gff /home/hice1/sfang86/Documents/prodigal_eggnog//results/prodigal/B1220214_S01_L001/B1220214_S01_L001_Prodigal.gff --override"
	User time (seconds): 1418.54
	System time (seconds): 34.67
	Percent of CPU this job got: 1169%
	Elapsed (wall clock) time (h:mm:ss or m:ss): 2:04.21
	Average shared text size (kbytes): 0
	Average unshared data size (kbytes): 0
	Average stack size (kbytes): 0
	Average total size (kbytes): 0
	Maximum resident set size (kbytes): 3350596
	Average resident set size (kbytes): 0
	Major (requiring I/O) page faults: 233
	Minor (reclaiming a frame) page faults: 367871
	Voluntary context switches: 2006794
	Involuntary context switches: 37040
	Swaps: 0
	File system inputs: 83152
	File system outputs: 261832
	Socket messages sent: 0
	Socket messages received: 0
	Signals delivered: 0
	Page size (bytes): 4096
	Exit status: 0
