[1;32mFunctional annotation of hits...[0m
[1;32mDecorating gff file /home/hice1/sfang86/Documents/prodigal_eggnog//results/prodigal/B1299860_S01_L001/B1299860_S01_L001_Prodigal.gff...[0m
500 4.019795656204224 124.38 q/s (% mem usage: 4.70, % mem avail: 95.30)
1000 5.809338569641113 172.14 q/s (% mem usage: 4.70, % mem avail: 95.30)
1500 7.944117307662964 188.82 q/s (% mem usage: 4.70, % mem avail: 95.30)
1946 9.085261821746826 214.19 q/s (% mem usage: 4.60, % mem avail: 95.38)
	Command being timed: "emapper.py -i /home/hice1/sfang86/Documents/prodigal_eggnog//results/prodigal/B1299860_S01_L001/B1299860_S01_L001_predicted_proteins_clean.faa --output B1299860_S01_L001 --output_dir /home/hice1/sfang86/Documents/prodigal_eggnog//results/eggnog/B1299860_S01_L001 --data_dir /home/hice1/sfang86/scratch/eggnog_db --cpu 16 --tax_scope bacteria --go_evidence all --decorate_gff /home/hice1/sfang86/Documents/prodigal_eggnog//results/prodigal/B1299860_S01_L001/B1299860_S01_L001_Prodigal.gff --override"
	User time (seconds): 1415.82
	System time (seconds): 34.70
	Percent of CPU this job got: 1163%
	Elapsed (wall clock) time (h:mm:ss or m:ss): 2:04.67
	Average shared text size (kbytes): 0
	Average unshared data size (kbytes): 0
	Average stack size (kbytes): 0
	Average total size (kbytes): 0
	Maximum resident set size (kbytes): 3352352
	Average resident set size (kbytes): 0
	Major (requiring I/O) page faults: 280
	Minor (reclaiming a frame) page faults: 372248
	Voluntary context switches: 2100935
	Involuntary context switches: 22326
	Swaps: 0
	File system inputs: 127920
	File system outputs: 261656
	Socket messages sent: 0
	Socket messages received: 0
	Signals delivered: 0
	Page size (bytes): 4096
	Exit status: 0
