-------------------------------------
PRODIGAL v2.6.3 [February, 2016]         
Univ of Tenn / Oak Ridge National Lab
Doug Hyatt, Loren Hauser, et al.     
-------------------------------------
Request:  Metagenomic, Phase:  Training
Initializing training files...done!
-------------------------------------
Request:  Metagenomic, Phase:  Gene Finding
Finding genes in sequence #1 (108568 bp)...done!
Finding genes in sequence #2 (88081 bp)...done!
Finding genes in sequence #3 (82617 bp)...done!
Finding genes in sequence #4 (79476 bp)...done!
Finding genes in sequence #5 (75274 bp)...done!
Finding genes in sequence #6 (72967 bp)...done!
Finding genes in sequence #7 (70412 bp)...done!
Finding genes in sequence #8 (64565 bp)...done!
Finding genes in sequence #9 (64461 bp)...done!
Finding genes in sequence #10 (64393 bp)...done!
Finding genes in sequence #11 (55669 bp)...done!
Finding genes in sequence #12 (55166 bp)...done!
Finding genes in sequence #13 (53352 bp)...done!
Finding genes in sequence #14 (49464 bp)...done!
Finding genes in sequence #15 (48804 bp)...done!
Finding genes in sequence #16 (46712 bp)...done!
Finding genes in sequence #17 (45553 bp)...done!
Finding genes in sequence #18 (44098 bp)...done!
Finding genes in sequence #19 (41182 bp)...done!
Finding genes in sequence #20 (40635 bp)...done!
Finding genes in sequence #21 (40624 bp)...done!
Finding genes in sequence #22 (39218 bp)...done!
Finding genes in sequence #23 (36045 bp)...done!
Finding genes in sequence #24 (34955 bp)...done!
Finding genes in sequence #25 (31621 bp)...done!
Finding genes in sequence #26 (28040 bp)...done!
Finding genes in sequence #27 (24243 bp)...done!
Finding genes in sequence #28 (23332 bp)...done!
Finding genes in sequence #29 (23104 bp)...done!
Finding genes in sequence #30 (22587 bp)...done!
Finding genes in sequence #31 (20969 bp)...done!
Finding genes in sequence #32 (20701 bp)...done!
Finding genes in sequence #33 (20370 bp)...done!
Finding genes in sequence #34 (20167 bp)...done!
Finding genes in sequence #35 (19470 bp)...done!
Finding genes in sequence #36 (18793 bp)...done!
Finding genes in sequence #37 (18383 bp)...done!
Finding genes in sequence #38 (18259 bp)...done!
Finding genes in sequence #39 (17919 bp)...done!
Finding genes in sequence #40 (17801 bp)...done!
Finding genes in sequence #41 (16903 bp)...done!
Finding genes in sequence #42 (16621 bp)...done!
Finding genes in sequence #43 (16312 bp)...done!
Finding genes in sequence #44 (15880 bp)...done!
Finding genes in sequence #45 (15089 bp)...done!
Finding genes in sequence #46 (13603 bp)...done!
Finding genes in sequence #47 (12560 bp)...done!
Finding genes in sequence #48 (11949 bp)...done!
Finding genes in sequence #49 (11498 bp)...done!
Finding genes in sequence #50 (11387 bp)...done!
Finding genes in sequence #51 (10783 bp)...done!
Finding genes in sequence #52 (10205 bp)...done!
Finding genes in sequence #53 (10051 bp)...done!
Finding genes in sequence #54 (9991 bp)...done!
Finding genes in sequence #55 (9785 bp)...done!
Finding genes in sequence #56 (9479 bp)...done!
Finding genes in sequence #57 (9160 bp)...done!
Finding genes in sequence #58 (9151 bp)...done!
Finding genes in sequence #59 (8799 bp)...done!
Finding genes in sequence #60 (8479 bp)...done!
Finding genes in sequence #61 (7907 bp)...done!
Finding genes in sequence #62 (7664 bp)...done!
Finding genes in sequence #63 (7659 bp)...done!
Finding genes in sequence #64 (7448 bp)...done!
Finding genes in sequence #65 (6812 bp)...done!
Finding genes in sequence #66 (6808 bp)...done!
Finding genes in sequence #67 (6160 bp)...done!
Finding genes in sequence #68 (4842 bp)...done!
Finding genes in sequence #69 (4643 bp)...done!
Finding genes in sequence #70 (4390 bp)...done!
Finding genes in sequence #71 (4213 bp)...done!
Finding genes in sequence #72 (3956 bp)...done!
Finding genes in sequence #73 (3951 bp)...done!
Finding genes in sequence #74 (3795 bp)...done!
Finding genes in sequence #75 (3740 bp)...done!
Finding genes in sequence #76 (3620 bp)...done!
Finding genes in sequence #77 (3487 bp)...done!
Finding genes in sequence #78 (3469 bp)...done!
Finding genes in sequence #79 (3393 bp)...done!
Finding genes in sequence #80 (3174 bp)...done!
Finding genes in sequence #81 (3002 bp)...done!
Finding genes in sequence #82 (2937 bp)...done!
Finding genes in sequence #83 (2891 bp)...done!
Finding genes in sequence #84 (2883 bp)...done!
Finding genes in sequence #85 (2876 bp)...done!
Finding genes in sequence #86 (2534 bp)...done!
Finding genes in sequence #87 (2528 bp)...done!
Finding genes in sequence #88 (2344 bp)...done!
Finding genes in sequence #89 (2301 bp)...done!
Finding genes in sequence #90 (2295 bp)...done!
Finding genes in sequence #91 (2137 bp)...done!
Finding genes in sequence #92 (1906 bp)...done!
Finding genes in sequence #93 (1877 bp)...done!
Finding genes in sequence #94 (1765 bp)...done!
Finding genes in sequence #95 (1764 bp)...done!
Finding genes in sequence #96 (1475 bp)...done!
Finding genes in sequence #97 (1439 bp)...done!
Finding genes in sequence #98 (1367 bp)...done!
Finding genes in sequence #99 (1360 bp)...done!
Finding genes in sequence #100 (1318 bp)...done!
Finding genes in sequence #101 (1211 bp)...done!
Finding genes in sequence #102 (1082 bp)...done!
Finding genes in sequence #103 (954 bp)...done!
Finding genes in sequence #104 (943 bp)...done!
Finding genes in sequence #105 (840 bp)...done!
Finding genes in sequence #106 (831 bp)...done!
Finding genes in sequence #107 (828 bp)...done!
Finding genes in sequence #108 (737 bp)...done!
Finding genes in sequence #109 (694 bp)...done!
Finding genes in sequence #110 (655 bp)...done!
Finding genes in sequence #111 (643 bp)...done!
Finding genes in sequence #112 (641 bp)...done!
Finding genes in sequence #113 (636 bp)...done!
Finding genes in sequence #114 (622 bp)...done!
Finding genes in sequence #115 (616 bp)...done!
Finding genes in sequence #116 (555 bp)...done!
Finding genes in sequence #117 (530 bp)...done!
Finding genes in sequence #118 (514 bp)...done!
Finding genes in sequence #119 (512 bp)...done!
	Command being timed: "prodigal -i /home/hice1/sfang86/Documents/prodigal_eggnog//data/contigs/B1299860_S01_L001_contigs.fa -o /home/hice1/sfang86/Documents/prodigal_eggnog//results/prodigal/B1299860_S01_L001/B1299860_S01_L001_prodigal.gff -a /home/hice1/sfang86/Documents/prodigal_eggnog//results/prodigal/B1299860_S01_L001/predicted_proteins.fasta -d /home/hice1/sfang86/Documents/prodigal_eggnog//results/prodigal/B1299860_S01_L001/predicted_genes.fna -p meta -f gff"
	User time (seconds): 16.92
	System time (seconds): 0.01
	Percent of CPU this job got: 98%
	Elapsed (wall clock) time (h:mm:ss or m:ss): 0:17.16
	Average shared text size (kbytes): 0
	Average unshared data size (kbytes): 0
	Average stack size (kbytes): 0
	Average total size (kbytes): 0
	Maximum resident set size (kbytes): 44032
	Average resident set size (kbytes): 0
	Major (requiring I/O) page faults: 0
	Minor (reclaiming a frame) page faults: 7905
	Voluntary context switches: 72
	Involuntary context switches: 75
	Swaps: 0
	File system inputs: 0
	File system outputs: 9600
	Socket messages sent: 0
	Socket messages received: 0
	Signals delivered: 0
	Page size (bytes): 4096
	Exit status: 0
