[1;32mFunctional annotation of hits...[0m
[1;32mDecorating gff file /home/hice1/sfang86/Documents/prodigal_eggnog//results/prodigal/B1330898_S01_L001/B1330898_S01_L001_Prodigal.gff...[0m
500 4.2094886302948 118.78 q/s (% mem usage: 4.70, % mem avail: 95.30)
1000 5.995123863220215 166.80 q/s (% mem usage: 4.70, % mem avail: 95.30)
1500 9.06496810913086 165.47 q/s (% mem usage: 4.70, % mem avail: 95.30)
1943 9.137157440185547 212.65 q/s (% mem usage: 4.60, % mem avail: 95.38)
	Command being timed: "emapper.py -i /home/hice1/sfang86/Documents/prodigal_eggnog//results/prodigal/B1330898_S01_L001/B1330898_S01_L001_predicted_proteins_clean.faa --output B1330898_S01_L001 --output_dir /home/hice1/sfang86/Documents/prodigal_eggnog//results/eggnog/B1330898_S01_L001 --data_dir /home/hice1/sfang86/scratch/eggnog_db --cpu 16 --tax_scope bacteria --go_evidence all --decorate_gff /home/hice1/sfang86/Documents/prodigal_eggnog//results/prodigal/B1330898_S01_L001/B1330898_S01_L001_Prodigal.gff --override"
	User time (seconds): 1378.36
	System time (seconds): 33.99
	Percent of CPU this job got: 1150%
	Elapsed (wall clock) time (h:mm:ss or m:ss): 2:02.71
	Average shared text size (kbytes): 0
	Average unshared data size (kbytes): 0
	Average stack size (kbytes): 0
	Average total size (kbytes): 0
	Maximum resident set size (kbytes): 3333084
	Average resident set size (kbytes): 0
	Major (requiring I/O) page faults: 215
	Minor (reclaiming a frame) page faults: 369001
	Voluntary context switches: 2086916
	Involuntary context switches: 53041
	Swaps: 0
	File system inputs: 0
	File system outputs: 260864
	Socket messages sent: 0
	Socket messages received: 0
	Signals delivered: 0
	Page size (bytes): 4096
	Exit status: 0
