[1;32mFunctional annotation of hits...[0m
[1;32mDecorating gff file /home/hice1/sfang86/Documents/prodigal_eggnog//results/prodigal/B1349086_S01_L001/B1349086_S01_L001_Prodigal.gff...[0m
500 2.4661190509796143 202.75 q/s (% mem usage: 4.70, % mem avail: 95.31)
1000 4.327986001968384 231.05 q/s (% mem usage: 4.70, % mem avail: 95.31)
1500 7.614355087280273 197.00 q/s (% mem usage: 4.70, % mem avail: 95.31)
1942 7.665297269821167 253.35 q/s (% mem usage: 4.60, % mem avail: 95.39)
	Command being timed: "emapper.py -i /home/hice1/sfang86/Documents/prodigal_eggnog//results/prodigal/B1349086_S01_L001/B1349086_S01_L001_predicted_proteins_clean.faa --output B1349086_S01_L001 --output_dir /home/hice1/sfang86/Documents/prodigal_eggnog//results/eggnog/B1349086_S01_L001 --data_dir /home/hice1/sfang86/scratch/eggnog_db --cpu 16 --tax_scope bacteria --go_evidence all --decorate_gff /home/hice1/sfang86/Documents/prodigal_eggnog//results/prodigal/B1349086_S01_L001/B1349086_S01_L001_Prodigal.gff --override"
	User time (seconds): 1425.91
	System time (seconds): 34.20
	Percent of CPU this job got: 1170%
	Elapsed (wall clock) time (h:mm:ss or m:ss): 2:04.75
	Average shared text size (kbytes): 0
	Average unshared data size (kbytes): 0
	Average stack size (kbytes): 0
	Average total size (kbytes): 0
	Maximum resident set size (kbytes): 3396508
	Average resident set size (kbytes): 0
	Major (requiring I/O) page faults: 266
	Minor (reclaiming a frame) page faults: 375117
	Voluntary context switches: 2098540
	Involuntary context switches: 65176
	Swaps: 0
	File system inputs: 0
	File system outputs: 261824
	Socket messages sent: 0
	Socket messages received: 0
	Signals delivered: 0
	Page size (bytes): 4096
	Exit status: 0
