[1;32mFunctional annotation of hits...[0m
[1;32mDecorating gff file /home/hice1/sfang86/Documents/prodigal_eggnog//results/prodigal/B1354959_S01_L001/B1354959_S01_L001_Prodigal.gff...[0m
500 2.5034596920013428 199.72 q/s (% mem usage: 4.70, % mem avail: 95.31)
1000 4.509456634521484 221.76 q/s (% mem usage: 4.70, % mem avail: 95.31)
1500 6.902338981628418 217.32 q/s (% mem usage: 4.70, % mem avail: 95.31)
1950 7.4303247928619385 262.44 q/s (% mem usage: 4.60, % mem avail: 95.39)
	Command being timed: "emapper.py -i /home/hice1/sfang86/Documents/prodigal_eggnog//results/prodigal/B1354959_S01_L001/B1354959_S01_L001_predicted_proteins_clean.faa --output B1354959_S01_L001 --output_dir /home/hice1/sfang86/Documents/prodigal_eggnog//results/eggnog/B1354959_S01_L001 --data_dir /home/hice1/sfang86/scratch/eggnog_db --cpu 16 --tax_scope bacteria --go_evidence all --decorate_gff /home/hice1/sfang86/Documents/prodigal_eggnog//results/prodigal/B1354959_S01_L001/B1354959_S01_L001_Prodigal.gff --override"
	User time (seconds): 1418.57
	System time (seconds): 34.96
	Percent of CPU this job got: 1193%
	Elapsed (wall clock) time (h:mm:ss or m:ss): 2:01.78
	Average shared text size (kbytes): 0
	Average unshared data size (kbytes): 0
	Average stack size (kbytes): 0
	Average total size (kbytes): 0
	Maximum resident set size (kbytes): 3353408
	Average resident set size (kbytes): 0
	Major (requiring I/O) page faults: 308
	Minor (reclaiming a frame) page faults: 372166
	Voluntary context switches: 2015066
	Involuntary context switches: 70420
	Swaps: 0
	File system inputs: 0
	File system outputs: 261464
	Socket messages sent: 0
	Socket messages received: 0
	Signals delivered: 0
	Page size (bytes): 4096
	Exit status: 0
