[1;32mFunctional annotation of hits...[0m
[1;32mDecorating gff file /home/hice1/sfang86/Documents/prodigal_eggnog//results/prodigal/B1367131_S01_L001/B1367131_S01_L001_Prodigal.gff...[0m
500 2.5702145099639893 194.54 q/s (% mem usage: 4.70, % mem avail: 95.31)
1000 4.636690616607666 215.67 q/s (% mem usage: 4.70, % mem avail: 95.31)
1500 6.905375003814697 217.22 q/s (% mem usage: 4.70, % mem avail: 95.31)
1945 7.615367650985718 255.40 q/s (% mem usage: 4.60, % mem avail: 95.39)
	Command being timed: "emapper.py -i /home/hice1/sfang86/Documents/prodigal_eggnog//results/prodigal/B1367131_S01_L001/B1367131_S01_L001_predicted_proteins_clean.faa --output B1367131_S01_L001 --output_dir /home/hice1/sfang86/Documents/prodigal_eggnog//results/eggnog/B1367131_S01_L001 --data_dir /home/hice1/sfang86/scratch/eggnog_db --cpu 16 --tax_scope bacteria --go_evidence all --decorate_gff /home/hice1/sfang86/Documents/prodigal_eggnog//results/prodigal/B1367131_S01_L001/B1367131_S01_L001_Prodigal.gff --override"
	User time (seconds): 1415.21
	System time (seconds): 34.54
	Percent of CPU this job got: 1193%
	Elapsed (wall clock) time (h:mm:ss or m:ss): 2:01.47
	Average shared text size (kbytes): 0
	Average unshared data size (kbytes): 0
	Average stack size (kbytes): 0
	Average total size (kbytes): 0
	Maximum resident set size (kbytes): 3351032
	Average resident set size (kbytes): 0
	Major (requiring I/O) page faults: 311
	Minor (reclaiming a frame) page faults: 377900
	Voluntary context switches: 2007554
	Involuntary context switches: 41755
	Swaps: 0
	File system inputs: 32
	File system outputs: 261656
	Socket messages sent: 0
	Socket messages received: 0
	Signals delivered: 0
	Page size (bytes): 4096
	Exit status: 0
