-------------------------------------
PRODIGAL v2.6.3 [February, 2016]         
Univ of Tenn / Oak Ridge National Lab
Doug Hyatt, Loren Hauser, et al.     
-------------------------------------
Request:  Metagenomic, Phase:  Training
Initializing training files...done!
-------------------------------------
Request:  Metagenomic, Phase:  Gene Finding
Finding genes in sequence #1 (173029 bp)...done!
Finding genes in sequence #2 (152621 bp)...done!
Finding genes in sequence #3 (89116 bp)...done!
Finding genes in sequence #4 (88984 bp)...done!
Finding genes in sequence #5 (86722 bp)...done!
Finding genes in sequence #6 (75274 bp)...done!
Finding genes in sequence #7 (70188 bp)...done!
Finding genes in sequence #8 (67399 bp)...done!
Finding genes in sequence #9 (64395 bp)...done!
Finding genes in sequence #10 (62140 bp)...done!
Finding genes in sequence #11 (59467 bp)...done!
Finding genes in sequence #12 (59329 bp)...done!
Finding genes in sequence #13 (58740 bp)...done!
Finding genes in sequence #14 (57785 bp)...done!
Finding genes in sequence #15 (49688 bp)...done!
Finding genes in sequence #16 (48079 bp)...done!
Finding genes in sequence #17 (46705 bp)...done!
Finding genes in sequence #18 (46170 bp)...done!
Finding genes in sequence #19 (41031 bp)...done!
Finding genes in sequence #20 (40775 bp)...done!
Finding genes in sequence #21 (40642 bp)...done!
Finding genes in sequence #22 (39218 bp)...done!
Finding genes in sequence #23 (35495 bp)...done!
Finding genes in sequence #24 (34955 bp)...done!
Finding genes in sequence #25 (31516 bp)...done!
Finding genes in sequence #26 (31088 bp)...done!
Finding genes in sequence #27 (27973 bp)...done!
Finding genes in sequence #28 (25301 bp)...done!
Finding genes in sequence #29 (23885 bp)...done!
Finding genes in sequence #30 (23375 bp)...done!
Finding genes in sequence #31 (23256 bp)...done!
Finding genes in sequence #32 (23104 bp)...done!
Finding genes in sequence #33 (22712 bp)...done!
Finding genes in sequence #34 (20969 bp)...done!
Finding genes in sequence #35 (20701 bp)...done!
Finding genes in sequence #36 (18917 bp)...done!
Finding genes in sequence #37 (18676 bp)...done!
Finding genes in sequence #38 (17919 bp)...done!
Finding genes in sequence #39 (16898 bp)...done!
Finding genes in sequence #40 (16312 bp)...done!
Finding genes in sequence #41 (14604 bp)...done!
Finding genes in sequence #42 (12673 bp)...done!
Finding genes in sequence #43 (11498 bp)...done!
Finding genes in sequence #44 (9479 bp)...done!
Finding genes in sequence #45 (8979 bp)...done!
Finding genes in sequence #46 (8799 bp)...done!
Finding genes in sequence #47 (8624 bp)...done!
Finding genes in sequence #48 (7659 bp)...done!
Finding genes in sequence #49 (7474 bp)...done!
Finding genes in sequence #50 (7162 bp)...done!
Finding genes in sequence #51 (6827 bp)...done!
Finding genes in sequence #52 (6160 bp)...done!
Finding genes in sequence #53 (5547 bp)...done!
Finding genes in sequence #54 (4653 bp)...done!
Finding genes in sequence #55 (4390 bp)...done!
Finding genes in sequence #56 (4280 bp)...done!
Finding genes in sequence #57 (3956 bp)...done!
Finding genes in sequence #58 (3824 bp)...done!
Finding genes in sequence #59 (3655 bp)...done!
Finding genes in sequence #60 (3469 bp)...done!
Finding genes in sequence #61 (3390 bp)...done!
Finding genes in sequence #62 (3326 bp)...done!
Finding genes in sequence #63 (3173 bp)...done!
Finding genes in sequence #64 (3122 bp)...done!
Finding genes in sequence #65 (3021 bp)...done!
Finding genes in sequence #66 (2883 bp)...done!
Finding genes in sequence #67 (2876 bp)...done!
Finding genes in sequence #68 (2534 bp)...done!
Finding genes in sequence #69 (2301 bp)...done!
Finding genes in sequence #70 (2154 bp)...done!
Finding genes in sequence #71 (1885 bp)...done!
Finding genes in sequence #72 (1764 bp)...done!
Finding genes in sequence #73 (1563 bp)...done!
Finding genes in sequence #74 (1475 bp)...done!
Finding genes in sequence #75 (1439 bp)...done!
Finding genes in sequence #76 (1314 bp)...done!
Finding genes in sequence #77 (1296 bp)...done!
Finding genes in sequence #78 (1077 bp)...done!
Finding genes in sequence #79 (1021 bp)...done!
Finding genes in sequence #80 (975 bp)...done!
Finding genes in sequence #81 (920 bp)...done!
Finding genes in sequence #82 (881 bp)...done!
Finding genes in sequence #83 (840 bp)...done!
Finding genes in sequence #84 (824 bp)...done!
Finding genes in sequence #85 (786 bp)...done!
Finding genes in sequence #86 (747 bp)...done!
Finding genes in sequence #87 (698 bp)...done!
Finding genes in sequence #88 (666 bp)...done!
Finding genes in sequence #89 (654 bp)...done!
Finding genes in sequence #90 (622 bp)...done!
Finding genes in sequence #91 (553 bp)...done!
Finding genes in sequence #92 (546 bp)...done!
Finding genes in sequence #93 (546 bp)...done!
Finding genes in sequence #94 (535 bp)...done!
Finding genes in sequence #95 (530 bp)...done!
Finding genes in sequence #96 (530 bp)...done!
Finding genes in sequence #97 (522 bp)...done!
Finding genes in sequence #98 (519 bp)...done!
Finding genes in sequence #99 (512 bp)...done!
	Command being timed: "prodigal -i /home/hice1/sfang86/Documents/prodigal_eggnog//data/contigs/B1367106_S01_L001_contigs.fa -o /home/hice1/sfang86/Documents/prodigal_eggnog//results/prodigal/B1367106_S01_L001/B1367106_S01_L001_prodigal.gff -a /home/hice1/sfang86/Documents/prodigal_eggnog//results/prodigal/B1367106_S01_L001/predicted_proteins.fasta -d /home/hice1/sfang86/Documents/prodigal_eggnog//results/prodigal/B1367106_S01_L001/predicted_genes.fna -p meta -f gff"
	User time (seconds): 17.63
	System time (seconds): 0.01
	Percent of CPU this job got: 99%
	Elapsed (wall clock) time (h:mm:ss or m:ss): 0:17.73
	Average shared text size (kbytes): 0
	Average unshared data size (kbytes): 0
	Average stack size (kbytes): 0
	Average total size (kbytes): 0
	Maximum resident set size (kbytes): 46024
	Average resident set size (kbytes): 0
	Major (requiring I/O) page faults: 0
	Minor (reclaiming a frame) page faults: 8069
	Voluntary context switches: 70
	Involuntary context switches: 40
	Swaps: 0
	File system inputs: 0
	File system outputs: 9136
	Socket messages sent: 0
	Socket messages received: 0
	Signals delivered: 0
	Page size (bytes): 4096
	Exit status: 0
