-------------------------------------
PRODIGAL v2.6.3 [February, 2016]         
Univ of Tenn / Oak Ridge National Lab
Doug Hyatt, Loren Hauser, et al.     
-------------------------------------
Request:  Metagenomic, Phase:  Training
Initializing training files...done!
-------------------------------------
Request:  Metagenomic, Phase:  Gene Finding
Finding genes in sequence #1 (173018 bp)...done!
Finding genes in sequence #2 (152621 bp)...done!
Finding genes in sequence #3 (128153 bp)...done!
Finding genes in sequence #4 (89116 bp)...done!
Finding genes in sequence #5 (86775 bp)...done!
Finding genes in sequence #6 (75376 bp)...done!
Finding genes in sequence #7 (67597 bp)...done!
Finding genes in sequence #8 (67392 bp)...done!
Finding genes in sequence #9 (64807 bp)...done!
Finding genes in sequence #10 (64395 bp)...done!
Finding genes in sequence #11 (59329 bp)...done!
Finding genes in sequence #12 (59129 bp)...done!
Finding genes in sequence #13 (58110 bp)...done!
Finding genes in sequence #14 (48962 bp)...done!
Finding genes in sequence #15 (48897 bp)...done!
Finding genes in sequence #16 (47252 bp)...done!
Finding genes in sequence #17 (46712 bp)...done!
Finding genes in sequence #18 (43521 bp)...done!
Finding genes in sequence #19 (43378 bp)...done!
Finding genes in sequence #20 (41182 bp)...done!
Finding genes in sequence #21 (40635 bp)...done!
Finding genes in sequence #22 (39218 bp)...done!
Finding genes in sequence #23 (35495 bp)...done!
Finding genes in sequence #24 (34955 bp)...done!
Finding genes in sequence #25 (33758 bp)...done!
Finding genes in sequence #26 (31088 bp)...done!
Finding genes in sequence #27 (27973 bp)...done!
Finding genes in sequence #28 (27102 bp)...done!
Finding genes in sequence #29 (25448 bp)...done!
Finding genes in sequence #30 (23104 bp)...done!
Finding genes in sequence #31 (22712 bp)...done!
Finding genes in sequence #32 (20969 bp)...done!
Finding genes in sequence #33 (20701 bp)...done!
Finding genes in sequence #34 (19196 bp)...done!
Finding genes in sequence #35 (18322 bp)...done!
Finding genes in sequence #36 (17919 bp)...done!
Finding genes in sequence #37 (16903 bp)...done!
Finding genes in sequence #38 (16312 bp)...done!
Finding genes in sequence #39 (15672 bp)...done!
Finding genes in sequence #40 (11920 bp)...done!
Finding genes in sequence #41 (11787 bp)...done!
Finding genes in sequence #42 (11498 bp)...done!
Finding genes in sequence #43 (10783 bp)...done!
Finding genes in sequence #44 (8799 bp)...done!
Finding genes in sequence #45 (8624 bp)...done!
Finding genes in sequence #46 (8480 bp)...done!
Finding genes in sequence #47 (7663 bp)...done!
Finding genes in sequence #48 (7659 bp)...done!
Finding genes in sequence #49 (7162 bp)...done!
Finding genes in sequence #50 (6160 bp)...done!
Finding genes in sequence #51 (5701 bp)...done!
Finding genes in sequence #52 (4653 bp)...done!
Finding genes in sequence #53 (4643 bp)...done!
Finding genes in sequence #54 (4390 bp)...done!
Finding genes in sequence #55 (4280 bp)...done!
Finding genes in sequence #56 (3956 bp)...done!
Finding genes in sequence #57 (3824 bp)...done!
Finding genes in sequence #58 (3795 bp)...done!
Finding genes in sequence #59 (3712 bp)...done!
Finding genes in sequence #60 (3655 bp)...done!
Finding genes in sequence #61 (3469 bp)...done!
Finding genes in sequence #62 (3326 bp)...done!
Finding genes in sequence #63 (3173 bp)...done!
Finding genes in sequence #64 (3122 bp)...done!
Finding genes in sequence #65 (3021 bp)...done!
Finding genes in sequence #66 (2883 bp)...done!
Finding genes in sequence #67 (2534 bp)...done!
Finding genes in sequence #68 (2301 bp)...done!
Finding genes in sequence #69 (2154 bp)...done!
Finding genes in sequence #70 (1885 bp)...done!
Finding genes in sequence #71 (1764 bp)...done!
Finding genes in sequence #72 (1563 bp)...done!
Finding genes in sequence #73 (1475 bp)...done!
Finding genes in sequence #74 (1455 bp)...done!
Finding genes in sequence #75 (1439 bp)...done!
Finding genes in sequence #76 (1367 bp)...done!
Finding genes in sequence #77 (1296 bp)...done!
Finding genes in sequence #78 (1077 bp)...done!
Finding genes in sequence #79 (1021 bp)...done!
Finding genes in sequence #80 (975 bp)...done!
Finding genes in sequence #81 (920 bp)...done!
Finding genes in sequence #82 (840 bp)...done!
Finding genes in sequence #83 (835 bp)...done!
Finding genes in sequence #84 (786 bp)...done!
Finding genes in sequence #85 (698 bp)...done!
Finding genes in sequence #86 (694 bp)...done!
Finding genes in sequence #87 (654 bp)...done!
Finding genes in sequence #88 (622 bp)...done!
Finding genes in sequence #89 (609 bp)...done!
Finding genes in sequence #90 (553 bp)...done!
Finding genes in sequence #91 (546 bp)...done!
Finding genes in sequence #92 (546 bp)...done!
Finding genes in sequence #93 (535 bp)...done!
Finding genes in sequence #94 (530 bp)...done!
Finding genes in sequence #95 (522 bp)...done!
Finding genes in sequence #96 (512 bp)...done!
	Command being timed: "prodigal -i /home/hice1/sfang86/Documents/prodigal_eggnog//data/contigs/B1367104_S01_L001_contigs.fa -o /home/hice1/sfang86/Documents/prodigal_eggnog//results/prodigal/B1367104_S01_L001/B1367104_S01_L001_prodigal.gff -a /home/hice1/sfang86/Documents/prodigal_eggnog//results/prodigal/B1367104_S01_L001/predicted_proteins.fasta -d /home/hice1/sfang86/Documents/prodigal_eggnog//results/prodigal/B1367104_S01_L001/predicted_genes.fna -p meta -f gff"
	User time (seconds): 17.89
	System time (seconds): 0.01
	Percent of CPU this job got: 99%
	Elapsed (wall clock) time (h:mm:ss or m:ss): 0:18.00
	Average shared text size (kbytes): 0
	Average unshared data size (kbytes): 0
	Average stack size (kbytes): 0
	Average total size (kbytes): 0
	Maximum resident set size (kbytes): 46016
	Average resident set size (kbytes): 0
	Major (requiring I/O) page faults: 0
	Minor (reclaiming a frame) page faults: 8069
	Voluntary context switches: 67
	Involuntary context switches: 38
	Swaps: 0
	File system inputs: 0
	File system outputs: 8952
	Socket messages sent: 0
	Socket messages received: 0
	Signals delivered: 0
	Page size (bytes): 4096
	Exit status: 0
