[1;32mFunctional annotation of hits...[0m
[1;32mDecorating gff file /home/hice1/sfang86/Documents/prodigal_eggnog//results/prodigal/B1367104_S01_L001/B1367104_S01_L001_Prodigal.gff...[0m
500 2.721602201461792 183.72 q/s (% mem usage: 4.70, % mem avail: 95.31)
1000 4.225400447845459 236.66 q/s (% mem usage: 4.70, % mem avail: 95.31)
1500 7.152428388595581 209.72 q/s (% mem usage: 4.70, % mem avail: 95.31)
1949 7.399645805358887 263.39 q/s (% mem usage: 4.60, % mem avail: 95.40)
	Command being timed: "emapper.py -i /home/hice1/sfang86/Documents/prodigal_eggnog//results/prodigal/B1367104_S01_L001/B1367104_S01_L001_predicted_proteins_clean.faa --output B1367104_S01_L001 --output_dir /home/hice1/sfang86/Documents/prodigal_eggnog//results/eggnog/B1367104_S01_L001 --data_dir /home/hice1/sfang86/scratch/eggnog_db --cpu 16 --tax_scope bacteria --go_evidence all --decorate_gff /home/hice1/sfang86/Documents/prodigal_eggnog//results/prodigal/B1367104_S01_L001/B1367104_S01_L001_Prodigal.gff --override"
	User time (seconds): 1432.05
	System time (seconds): 34.84
	Percent of CPU this job got: 1199%
	Elapsed (wall clock) time (h:mm:ss or m:ss): 2:02.27
	Average shared text size (kbytes): 0
	Average unshared data size (kbytes): 0
	Average stack size (kbytes): 0
	Average total size (kbytes): 0
	Maximum resident set size (kbytes): 3390624
	Average resident set size (kbytes): 0
	Major (requiring I/O) page faults: 329
	Minor (reclaiming a frame) page faults: 371417
	Voluntary context switches: 2085436
	Involuntary context switches: 52447
	Swaps: 0
	File system inputs: 0
	File system outputs: 262016
	Socket messages sent: 0
	Socket messages received: 0
	Signals delivered: 0
	Page size (bytes): 4096
	Exit status: 0
