[1;32mFunctional annotation of hits...[0m
[1;32mDecorating gff file /home/hice1/sfang86/Documents/prodigal_eggnog//results/prodigal/B1367106_S01_L001/B1367106_S01_L001_Prodigal.gff...[0m
500 2.410372257232666 207.44 q/s (% mem usage: 4.70, % mem avail: 95.31)
1000 4.3398706912994385 230.42 q/s (% mem usage: 4.70, % mem avail: 95.31)
1500 6.814272403717041 220.13 q/s (% mem usage: 4.70, % mem avail: 95.30)
1945 7.414968490600586 262.31 q/s (% mem usage: 4.60, % mem avail: 95.38)
	Command being timed: "emapper.py -i /home/hice1/sfang86/Documents/prodigal_eggnog//results/prodigal/B1367106_S01_L001/B1367106_S01_L001_predicted_proteins_clean.faa --output B1367106_S01_L001 --output_dir /home/hice1/sfang86/Documents/prodigal_eggnog//results/eggnog/B1367106_S01_L001 --data_dir /home/hice1/sfang86/scratch/eggnog_db --cpu 16 --tax_scope bacteria --go_evidence all --decorate_gff /home/hice1/sfang86/Documents/prodigal_eggnog//results/prodigal/B1367106_S01_L001/B1367106_S01_L001_Prodigal.gff --override"
	User time (seconds): 1430.83
	System time (seconds): 34.44
	Percent of CPU this job got: 1198%
	Elapsed (wall clock) time (h:mm:ss or m:ss): 2:02.28
	Average shared text size (kbytes): 0
	Average unshared data size (kbytes): 0
	Average stack size (kbytes): 0
	Average total size (kbytes): 0
	Maximum resident set size (kbytes): 3405152
	Average resident set size (kbytes): 0
	Major (requiring I/O) page faults: 206
	Minor (reclaiming a frame) page faults: 370628
	Voluntary context switches: 2076567
	Involuntary context switches: 61265
	Swaps: 0
	File system inputs: 0
	File system outputs: 261872
	Socket messages sent: 0
	Socket messages received: 0
	Signals delivered: 0
	Page size (bytes): 4096
	Exit status: 0
