[1;32mFunctional annotation of hits...[0m
[1;32mDecorating gff file /home/hice1/sfang86/Documents/prodigal_eggnog//results/prodigal/B2092354_S01_L001/B2092354_S01_L001_Prodigal.gff...[0m
500 2.7622642517089844 181.01 q/s (% mem usage: 4.70, % mem avail: 95.30)
1000 4.618974447250366 216.50 q/s (% mem usage: 4.70, % mem avail: 95.30)
1500 7.755218744277954 193.42 q/s (% mem usage: 4.70, % mem avail: 95.29)
1958 7.8952062129974365 248.00 q/s (% mem usage: 4.60, % mem avail: 95.38)
	Command being timed: "emapper.py -i /home/hice1/sfang86/Documents/prodigal_eggnog//results/prodigal/B2092354_S01_L001/B2092354_S01_L001_predicted_proteins_clean.faa --output B2092354_S01_L001 --output_dir /home/hice1/sfang86/Documents/prodigal_eggnog//results/eggnog/B2092354_S01_L001 --data_dir /home/hice1/sfang86/scratch/eggnog_db --cpu 16 --tax_scope bacteria --go_evidence all --decorate_gff /home/hice1/sfang86/Documents/prodigal_eggnog//results/prodigal/B2092354_S01_L001/B2092354_S01_L001_Prodigal.gff --override"
	User time (seconds): 1416.94
	System time (seconds): 34.90
	Percent of CPU this job got: 1186%
	Elapsed (wall clock) time (h:mm:ss or m:ss): 2:02.31
	Average shared text size (kbytes): 0
	Average unshared data size (kbytes): 0
	Average stack size (kbytes): 0
	Average total size (kbytes): 0
	Maximum resident set size (kbytes): 3360368
	Average resident set size (kbytes): 0
	Major (requiring I/O) page faults: 228
	Minor (reclaiming a frame) page faults: 370472
	Voluntary context switches: 2086114
	Involuntary context switches: 70006
	Swaps: 0
	File system inputs: 32
	File system outputs: 261824
	Socket messages sent: 0
	Socket messages received: 0
	Signals delivered: 0
	Page size (bytes): 4096
	Exit status: 0
