[1;32mFunctional annotation of hits...[0m
[1;32mDecorating gff file /home/hice1/sfang86/Documents/prodigal_eggnog//results/prodigal/B2092301_S01_L001/B2092301_S01_L001_Prodigal.gff...[0m
500 2.2787857055664062 219.42 q/s (% mem usage: 4.70, % mem avail: 95.29)
1000 4.288367748260498 233.19 q/s (% mem usage: 4.70, % mem avail: 95.29)
1500 7.457586288452148 201.14 q/s (% mem usage: 4.70, % mem avail: 95.29)
1952 7.506478548049927 260.04 q/s (% mem usage: 4.60, % mem avail: 95.38)
	Command being timed: "emapper.py -i /home/hice1/sfang86/Documents/prodigal_eggnog//results/prodigal/B2092301_S01_L001/B2092301_S01_L001_predicted_proteins_clean.faa --output B2092301_S01_L001 --output_dir /home/hice1/sfang86/Documents/prodigal_eggnog//results/eggnog/B2092301_S01_L001 --data_dir /home/hice1/sfang86/scratch/eggnog_db --cpu 16 --tax_scope bacteria --go_evidence all --decorate_gff /home/hice1/sfang86/Documents/prodigal_eggnog//results/prodigal/B2092301_S01_L001/B2092301_S01_L001_Prodigal.gff --override"
	User time (seconds): 1422.24
	System time (seconds): 34.86
	Percent of CPU this job got: 1194%
	Elapsed (wall clock) time (h:mm:ss or m:ss): 2:01.99
	Average shared text size (kbytes): 0
	Average unshared data size (kbytes): 0
	Average stack size (kbytes): 0
	Average total size (kbytes): 0
	Maximum resident set size (kbytes): 3364612
	Average resident set size (kbytes): 0
	Major (requiring I/O) page faults: 247
	Minor (reclaiming a frame) page faults: 372563
	Voluntary context switches: 2006253
	Involuntary context switches: 50419
	Swaps: 0
	File system inputs: 57952
	File system outputs: 261816
	Socket messages sent: 0
	Socket messages received: 0
	Signals delivered: 0
	Page size (bytes): 4096
	Exit status: 0
