-------------------------------------
PRODIGAL v2.6.3 [February, 2016]         
Univ of Tenn / Oak Ridge National Lab
Doug Hyatt, Loren Hauser, et al.     
-------------------------------------
Request:  Metagenomic, Phase:  Training
Initializing training files...done!
-------------------------------------
Request:  Metagenomic, Phase:  Gene Finding
Finding genes in sequence #1 (207842 bp)...done!
Finding genes in sequence #2 (168767 bp)...done!
Finding genes in sequence #3 (152573 bp)...done!
Finding genes in sequence #4 (146898 bp)...done!
Finding genes in sequence #5 (91165 bp)...done!
Finding genes in sequence #6 (89125 bp)...done!
Finding genes in sequence #7 (87085 bp)...done!
Finding genes in sequence #8 (76598 bp)...done!
Finding genes in sequence #9 (75270 bp)...done!
Finding genes in sequence #10 (70991 bp)...done!
Finding genes in sequence #11 (70166 bp)...done!
Finding genes in sequence #12 (64078 bp)...done!
Finding genes in sequence #13 (59625 bp)...done!
Finding genes in sequence #14 (59178 bp)...done!
Finding genes in sequence #15 (55691 bp)...done!
Finding genes in sequence #16 (55031 bp)...done!
Finding genes in sequence #17 (49595 bp)...done!
Finding genes in sequence #18 (40829 bp)...done!
Finding genes in sequence #19 (31695 bp)...done!
Finding genes in sequence #20 (31637 bp)...done!
Finding genes in sequence #21 (28167 bp)...done!
Finding genes in sequence #22 (25233 bp)...done!
Finding genes in sequence #23 (23332 bp)...done!
Finding genes in sequence #24 (23104 bp)...done!
Finding genes in sequence #25 (22781 bp)...done!
Finding genes in sequence #26 (22712 bp)...done!
Finding genes in sequence #27 (21541 bp)...done!
Finding genes in sequence #28 (20969 bp)...done!
Finding genes in sequence #29 (20701 bp)...done!
Finding genes in sequence #30 (19008 bp)...done!
Finding genes in sequence #31 (18710 bp)...done!
Finding genes in sequence #32 (17918 bp)...done!
Finding genes in sequence #33 (16312 bp)...done!
Finding genes in sequence #34 (15085 bp)...done!
Finding genes in sequence #35 (10089 bp)...done!
Finding genes in sequence #36 (8799 bp)...done!
Finding genes in sequence #37 (8624 bp)...done!
Finding genes in sequence #38 (7663 bp)...done!
Finding genes in sequence #39 (7659 bp)...done!
Finding genes in sequence #40 (7476 bp)...done!
Finding genes in sequence #41 (7351 bp)...done!
Finding genes in sequence #42 (7162 bp)...done!
Finding genes in sequence #43 (6827 bp)...done!
Finding genes in sequence #44 (6160 bp)...done!
Finding genes in sequence #45 (5925 bp)...done!
Finding genes in sequence #46 (5225 bp)...done!
Finding genes in sequence #47 (5161 bp)...done!
Finding genes in sequence #48 (5119 bp)...done!
Finding genes in sequence #49 (4520 bp)...done!
Finding genes in sequence #50 (4351 bp)...done!
Finding genes in sequence #51 (4280 bp)...done!
Finding genes in sequence #52 (4246 bp)...done!
Finding genes in sequence #53 (3944 bp)...done!
Finding genes in sequence #54 (3655 bp)...done!
Finding genes in sequence #55 (3095 bp)...done!
Finding genes in sequence #56 (2883 bp)...done!
Finding genes in sequence #57 (2882 bp)...done!
Finding genes in sequence #58 (2724 bp)...done!
Finding genes in sequence #59 (2618 bp)...done!
Finding genes in sequence #60 (2344 bp)...done!
Finding genes in sequence #61 (2301 bp)...done!
Finding genes in sequence #62 (2139 bp)...done!
Finding genes in sequence #63 (2103 bp)...done!
Finding genes in sequence #64 (1906 bp)...done!
Finding genes in sequence #65 (1764 bp)...done!
Finding genes in sequence #66 (1563 bp)...done!
Finding genes in sequence #67 (1439 bp)...done!
Finding genes in sequence #68 (1338 bp)...done!
Finding genes in sequence #69 (1296 bp)...done!
Finding genes in sequence #70 (1216 bp)...done!
Finding genes in sequence #71 (1175 bp)...done!
Finding genes in sequence #72 (947 bp)...done!
Finding genes in sequence #73 (938 bp)...done!
Finding genes in sequence #74 (840 bp)...done!
Finding genes in sequence #75 (758 bp)...done!
Finding genes in sequence #76 (747 bp)...done!
Finding genes in sequence #77 (666 bp)...done!
Finding genes in sequence #78 (654 bp)...done!
Finding genes in sequence #79 (624 bp)...done!
Finding genes in sequence #80 (622 bp)...done!
Finding genes in sequence #81 (569 bp)...done!
Finding genes in sequence #82 (535 bp)...done!
Finding genes in sequence #83 (532 bp)...done!
Finding genes in sequence #84 (522 bp)...done!
Finding genes in sequence #85 (512 bp)...done!
	Command being timed: "prodigal -i /home/hice1/sfang86/Documents/prodigal_eggnog//data/contigs/B2092301_S01_L001_contigs.fa -o /home/hice1/sfang86/Documents/prodigal_eggnog//results/prodigal/B2092301_S01_L001/B2092301_S01_L001_prodigal.gff -a /home/hice1/sfang86/Documents/prodigal_eggnog//results/prodigal/B2092301_S01_L001/predicted_proteins.fasta -d /home/hice1/sfang86/Documents/prodigal_eggnog//results/prodigal/B2092301_S01_L001/predicted_genes.fna -p meta -f gff"
	User time (seconds): 18.04
	System time (seconds): 0.01
	Percent of CPU this job got: 99%
	Elapsed (wall clock) time (h:mm:ss or m:ss): 0:18.14
	Average shared text size (kbytes): 0
	Average unshared data size (kbytes): 0
	Average stack size (kbytes): 0
	Average total size (kbytes): 0
	Maximum resident set size (kbytes): 46048
	Average resident set size (kbytes): 0
	Major (requiring I/O) page faults: 0
	Minor (reclaiming a frame) page faults: 8099
	Voluntary context switches: 55
	Involuntary context switches: 42
	Swaps: 0
	File system inputs: 0
	File system outputs: 8800
	Socket messages sent: 0
	Socket messages received: 0
	Signals delivered: 0
	Page size (bytes): 4096
	Exit status: 0
