[1;32mFunctional annotation of hits...[0m
[1;32mDecorating gff file /home/hice1/sfang86/Documents/prodigal_eggnog//results/prodigal/B2092391_S01_L001/B2092391_S01_L001_Prodigal.gff...[0m
500 2.3448660373687744 213.23 q/s (% mem usage: 4.70, % mem avail: 95.30)
1000 4.169832468032837 239.82 q/s (% mem usage: 4.70, % mem avail: 95.29)
1500 7.242105960845947 207.12 q/s (% mem usage: 4.70, % mem avail: 95.29)
1955 7.461677312850952 262.01 q/s (% mem usage: 4.60, % mem avail: 95.38)
	Command being timed: "emapper.py -i /home/hice1/sfang86/Documents/prodigal_eggnog//results/prodigal/B2092391_S01_L001/B2092391_S01_L001_predicted_proteins_clean.faa --output B2092391_S01_L001 --output_dir /home/hice1/sfang86/Documents/prodigal_eggnog//results/eggnog/B2092391_S01_L001 --data_dir /home/hice1/sfang86/scratch/eggnog_db --cpu 16 --tax_scope bacteria --go_evidence all --decorate_gff /home/hice1/sfang86/Documents/prodigal_eggnog//results/prodigal/B2092391_S01_L001/B2092391_S01_L001_Prodigal.gff --override"
	User time (seconds): 1411.85
	System time (seconds): 34.91
	Percent of CPU this job got: 1174%
	Elapsed (wall clock) time (h:mm:ss or m:ss): 2:03.20
	Average shared text size (kbytes): 0
	Average unshared data size (kbytes): 0
	Average stack size (kbytes): 0
	Average total size (kbytes): 0
	Maximum resident set size (kbytes): 3351000
	Average resident set size (kbytes): 0
	Major (requiring I/O) page faults: 281
	Minor (reclaiming a frame) page faults: 370060
	Voluntary context switches: 2089812
	Involuntary context switches: 55196
	Swaps: 0
	File system inputs: 0
	File system outputs: 261304
	Socket messages sent: 0
	Socket messages received: 0
	Signals delivered: 0
	Page size (bytes): 4096
	Exit status: 0
