[1;32mFunctional annotation of hits...[0m
[1;32mDecorating gff file /home/hice1/sfang86/Documents/prodigal_eggnog//results/prodigal/B2541877_S01_L001/B2541877_S01_L001_Prodigal.gff...[0m
500 2.407938003540039 207.65 q/s (% mem usage: 4.70, % mem avail: 95.30)
1000 4.052213191986084 246.78 q/s (% mem usage: 4.70, % mem avail: 95.30)
1500 7.001784324645996 214.23 q/s (% mem usage: 4.70, % mem avail: 95.29)
1953 7.297224283218384 267.64 q/s (% mem usage: 4.60, % mem avail: 95.38)
	Command being timed: "emapper.py -i /home/hice1/sfang86/Documents/prodigal_eggnog//results/prodigal/B2541877_S01_L001/B2541877_S01_L001_predicted_proteins_clean.faa --output B2541877_S01_L001 --output_dir /home/hice1/sfang86/Documents/prodigal_eggnog//results/eggnog/B2541877_S01_L001 --data_dir /home/hice1/sfang86/scratch/eggnog_db --cpu 16 --tax_scope bacteria --go_evidence all --decorate_gff /home/hice1/sfang86/Documents/prodigal_eggnog//results/prodigal/B2541877_S01_L001/B2541877_S01_L001_Prodigal.gff --override"
	User time (seconds): 1420.37
	System time (seconds): 34.98
	Percent of CPU this job got: 1176%
	Elapsed (wall clock) time (h:mm:ss or m:ss): 2:03.69
	Average shared text size (kbytes): 0
	Average unshared data size (kbytes): 0
	Average stack size (kbytes): 0
	Average total size (kbytes): 0
	Maximum resident set size (kbytes): 3352648
	Average resident set size (kbytes): 0
	Major (requiring I/O) page faults: 277
	Minor (reclaiming a frame) page faults: 372516
	Voluntary context switches: 2004472
	Involuntary context switches: 43348
	Swaps: 0
	File system inputs: 256
	File system outputs: 261512
	Socket messages sent: 0
	Socket messages received: 0
	Signals delivered: 0
	Page size (bytes): 4096
	Exit status: 0
