-------------------------------------
PRODIGAL v2.6.3 [February, 2016]         
Univ of Tenn / Oak Ridge National Lab
Doug Hyatt, Loren Hauser, et al.     
-------------------------------------
Request:  Metagenomic, Phase:  Training
Initializing training files...done!
-------------------------------------
Request:  Metagenomic, Phase:  Gene Finding
Finding genes in sequence #1 (207910 bp)...done!
Finding genes in sequence #2 (152573 bp)...done!
Finding genes in sequence #3 (146807 bp)...done!
Finding genes in sequence #4 (129285 bp)...done!
Finding genes in sequence #5 (89094 bp)...done!
Finding genes in sequence #6 (86368 bp)...done!
Finding genes in sequence #7 (84017 bp)...done!
Finding genes in sequence #8 (80176 bp)...done!
Finding genes in sequence #9 (75274 bp)...done!
Finding genes in sequence #10 (70166 bp)...done!
Finding genes in sequence #11 (64395 bp)...done!
Finding genes in sequence #12 (63377 bp)...done!
Finding genes in sequence #13 (57236 bp)...done!
Finding genes in sequence #14 (48806 bp)...done!
Finding genes in sequence #15 (47413 bp)...done!
Finding genes in sequence #16 (47093 bp)...done!
Finding genes in sequence #17 (41182 bp)...done!
Finding genes in sequence #18 (40566 bp)...done!
Finding genes in sequence #19 (40479 bp)...done!
Finding genes in sequence #20 (36995 bp)...done!
Finding genes in sequence #21 (35187 bp)...done!
Finding genes in sequence #22 (31515 bp)...done!
Finding genes in sequence #23 (27924 bp)...done!
Finding genes in sequence #24 (25277 bp)...done!
Finding genes in sequence #25 (23885 bp)...done!
Finding genes in sequence #26 (23256 bp)...done!
Finding genes in sequence #27 (23104 bp)...done!
Finding genes in sequence #28 (22671 bp)...done!
Finding genes in sequence #29 (21502 bp)...done!
Finding genes in sequence #30 (21366 bp)...done!
Finding genes in sequence #31 (20969 bp)...done!
Finding genes in sequence #32 (20701 bp)...done!
Finding genes in sequence #33 (18694 bp)...done!
Finding genes in sequence #34 (18675 bp)...done!
Finding genes in sequence #35 (17919 bp)...done!
Finding genes in sequence #36 (14816 bp)...done!
Finding genes in sequence #37 (14052 bp)...done!
Finding genes in sequence #38 (11304 bp)...done!
Finding genes in sequence #39 (9356 bp)...done!
Finding genes in sequence #40 (9151 bp)...done!
Finding genes in sequence #41 (7659 bp)...done!
Finding genes in sequence #42 (7547 bp)...done!
Finding genes in sequence #43 (7476 bp)...done!
Finding genes in sequence #44 (7442 bp)...done!
Finding genes in sequence #45 (7162 bp)...done!
Finding genes in sequence #46 (6829 bp)...done!
Finding genes in sequence #47 (6160 bp)...done!
Finding genes in sequence #48 (5253 bp)...done!
Finding genes in sequence #49 (5119 bp)...done!
Finding genes in sequence #50 (5077 bp)...done!
Finding genes in sequence #51 (4395 bp)...done!
Finding genes in sequence #52 (4176 bp)...done!
Finding genes in sequence #53 (3973 bp)...done!
Finding genes in sequence #54 (3655 bp)...done!
Finding genes in sequence #55 (3174 bp)...done!
Finding genes in sequence #56 (3159 bp)...done!
Finding genes in sequence #57 (2883 bp)...done!
Finding genes in sequence #58 (2876 bp)...done!
Finding genes in sequence #59 (2869 bp)...done!
Finding genes in sequence #60 (2534 bp)...done!
Finding genes in sequence #61 (2344 bp)...done!
Finding genes in sequence #62 (2301 bp)...done!
Finding genes in sequence #63 (2089 bp)...done!
Finding genes in sequence #64 (1906 bp)...done!
Finding genes in sequence #65 (1813 bp)...done!
Finding genes in sequence #66 (1635 bp)...done!
Finding genes in sequence #67 (1563 bp)...done!
Finding genes in sequence #68 (1439 bp)...done!
Finding genes in sequence #69 (1296 bp)...done!
Finding genes in sequence #70 (1216 bp)...done!
Finding genes in sequence #71 (1095 bp)...done!
Finding genes in sequence #72 (1091 bp)...done!
Finding genes in sequence #73 (995 bp)...done!
Finding genes in sequence #74 (959 bp)...done!
Finding genes in sequence #75 (840 bp)...done!
Finding genes in sequence #76 (824 bp)...done!
Finding genes in sequence #77 (760 bp)...done!
Finding genes in sequence #78 (729 bp)...done!
Finding genes in sequence #79 (694 bp)...done!
Finding genes in sequence #80 (644 bp)...done!
Finding genes in sequence #81 (643 bp)...done!
Finding genes in sequence #82 (642 bp)...done!
Finding genes in sequence #83 (584 bp)...done!
Finding genes in sequence #84 (551 bp)...done!
Finding genes in sequence #85 (529 bp)...done!
Finding genes in sequence #86 (515 bp)...done!
Finding genes in sequence #87 (512 bp)...done!
Finding genes in sequence #88 (502 bp)...done!
	Command being timed: "prodigal -i /home/hice1/sfang86/Documents/prodigal_eggnog//data/contigs/B2541877_S01_L001_contigs.fa -o /home/hice1/sfang86/Documents/prodigal_eggnog//results/prodigal/B2541877_S01_L001/B2541877_S01_L001_prodigal.gff -a /home/hice1/sfang86/Documents/prodigal_eggnog//results/prodigal/B2541877_S01_L001/predicted_proteins.fasta -d /home/hice1/sfang86/Documents/prodigal_eggnog//results/prodigal/B2541877_S01_L001/predicted_genes.fna -p meta -f gff"
	User time (seconds): 17.94
	System time (seconds): 0.01
	Percent of CPU this job got: 98%
	Elapsed (wall clock) time (h:mm:ss or m:ss): 0:18.14
	Average shared text size (kbytes): 0
	Average unshared data size (kbytes): 0
	Average stack size (kbytes): 0
	Average total size (kbytes): 0
	Maximum resident set size (kbytes): 46048
	Average resident set size (kbytes): 0
	Major (requiring I/O) page faults: 0
	Minor (reclaiming a frame) page faults: 8096
	Voluntary context switches: 57
	Involuntary context switches: 31
	Swaps: 0
	File system inputs: 0
	File system outputs: 8848
	Socket messages sent: 0
	Socket messages received: 0
	Signals delivered: 0
	Page size (bytes): 4096
	Exit status: 0
