[2025-03-25 17:37:31] INFO: CheckM v1.2.3
[2025-03-25 17:37:31] INFO: checkm analyze --threads 16 -x fa Ng.markers /home/hice1/calnoubani3/Documents/B3_Final/checkm/asm/B2541877_S01_L001_contigs.fa /home/hice1/calnoubani3/Documents/B3_Final/checkm/checkm_output/B2541877_output
[2025-03-25 17:37:31] INFO: CheckM data: /home/hice1/calnoubani3/Documents/B3_Final/checkm/db
[2025-03-25 17:37:31] INFO: [CheckM - analyze] Identifying marker genes in bins.
[2025-03-25 17:49:41] INFO: CheckM v1.2.3
[2025-03-25 17:49:41] INFO: checkm analyze --threads 16 -x fa Ng.markers /home/hice1/calnoubani3/Documents/B3_Final/checkm/checkm_output/B2541877_output/bins_input /home/hice1/calnoubani3/Documents/B3_Final/checkm/checkm_output/B2541877_output
[2025-03-25 17:49:41] INFO: CheckM data: /home/hice1/calnoubani3/Documents/B3_Final/checkm/db
[2025-03-25 17:49:41] INFO: [CheckM - analyze] Identifying marker genes in bins.
[2025-03-25 17:49:41] INFO: Identifying marker genes in 1 bins with 16 threads:
[2025-03-25 17:50:38] INFO: Saving HMM info to file.
[2025-03-25 17:50:38] INFO: { Current stage: 0:00:57.184 || Total: 0:00:57.184 }
[2025-03-25 17:50:38] INFO: Parsing HMM hits to marker genes:
[2025-03-25 17:50:38] INFO: Aligning marker genes with multiple hits in a single bin:
[2025-03-25 17:50:38] INFO: { Current stage: 0:00:00.193 || Total: 0:00:57.378 }
[2025-03-25 17:50:38] INFO: Calculating genome statistics for 1 bins with 16 threads:
[2025-03-25 17:50:38] INFO: { Current stage: 0:00:00.067 || Total: 0:00:57.445 }
[2025-03-25 18:17:15] INFO: CheckM v1.2.3
[2025-03-25 18:17:15] INFO: checkm analyze --threads 16 -x fa Ng.markers /home/hice1/calnoubani3/Documents/B3_Final/checkm/checkm_output/B2541877_output/bins_input /home/hice1/calnoubani3/Documents/B3_Final/checkm/checkm_output/B2541877_output
[2025-03-25 18:17:15] INFO: CheckM data: /home/hice1/calnoubani3/Documents/B3_Final/checkm/db
[2025-03-25 18:17:15] INFO: [CheckM - analyze] Identifying marker genes in bins.
[2025-03-25 18:17:15] INFO: Identifying marker genes in 1 bins with 16 threads:
[2025-03-25 18:18:06] INFO: Saving HMM info to file.
[2025-03-25 18:18:06] INFO: { Current stage: 0:00:51.505 || Total: 0:00:51.505 }
[2025-03-25 18:18:06] INFO: Parsing HMM hits to marker genes:
[2025-03-25 18:18:06] INFO: Aligning marker genes with multiple hits in a single bin:
[2025-03-25 18:18:07] INFO: { Current stage: 0:00:01.156 || Total: 0:00:52.661 }
[2025-03-25 18:18:07] INFO: Calculating genome statistics for 1 bins with 16 threads:
[2025-03-25 18:18:08] INFO: { Current stage: 0:00:00.067 || Total: 0:00:52.729 }
