[2025-03-25 17:36:56] INFO: CheckM v1.2.3
[2025-03-25 17:36:56] INFO: checkm analyze --threads 16 -x fa Ng.markers /home/hice1/calnoubani3/Documents/B3_Final/checkm/asm/B1182033_S01_L001_contigs.fa /home/hice1/calnoubani3/Documents/B3_Final/checkm/checkm_output/B1182033_output
[2025-03-25 17:36:56] INFO: CheckM data: /home/hice1/calnoubani3/Documents/B3_Final/checkm/db
[2025-03-25 17:36:56] INFO: [CheckM - analyze] Identifying marker genes in bins.
[2025-03-25 17:42:21] INFO: CheckM v1.2.3
[2025-03-25 17:42:21] INFO: checkm analyze --threads 16 -x fa Ng.markers /home/hice1/calnoubani3/Documents/B3_Final/checkm/checkm_output/B1182033_output/bins_input /home/hice1/calnoubani3/Documents/B3_Final/checkm/checkm_output/B1182033_output
[2025-03-25 17:42:21] INFO: CheckM data: /home/hice1/calnoubani3/Documents/B3_Final/checkm/db
[2025-03-25 17:42:21] INFO: [CheckM - analyze] Identifying marker genes in bins.
[2025-03-25 17:42:21] INFO: Identifying marker genes in 1 bins with 16 threads:
[2025-03-25 17:57:42] INFO: CheckM v1.2.3
[2025-03-25 17:57:42] INFO: checkm analyze --threads 16 -x fa Ng.markers /home/hice1/calnoubani3/Documents/B3_Final/checkm/checkm_output/B1182033_output/bins_input /home/hice1/calnoubani3/Documents/B3_Final/checkm/checkm_output/B1182033_output
[2025-03-25 17:57:42] INFO: CheckM data: /home/hice1/calnoubani3/Documents/B3_Final/checkm/db
[2025-03-25 17:57:42] INFO: [CheckM - analyze] Identifying marker genes in bins.
[2025-03-25 17:57:42] INFO: Identifying marker genes in 1 bins with 16 threads:
[2025-03-25 17:58:32] INFO: Saving HMM info to file.
[2025-03-25 17:58:33] INFO: { Current stage: 0:00:50.961 || Total: 0:00:50.961 }
[2025-03-25 17:58:33] INFO: Parsing HMM hits to marker genes:
[2025-03-25 17:58:33] INFO: Aligning marker genes with multiple hits in a single bin:
[2025-03-25 17:58:33] INFO: { Current stage: 0:00:00.699 || Total: 0:00:51.660 }
[2025-03-25 17:58:33] INFO: Calculating genome statistics for 1 bins with 16 threads:
[2025-03-25 17:58:33] INFO: { Current stage: 0:00:00.148 || Total: 0:00:51.809 }
