[2025-03-25 17:37:08] INFO: CheckM v1.2.3
[2025-03-25 17:37:08] INFO: checkm analyze --threads 16 -x fa Ng.markers /home/hice1/calnoubani3/Documents/B3_Final/checkm/asm/B1183088_S01_L001_contigs.fa /home/hice1/calnoubani3/Documents/B3_Final/checkm/checkm_output/B1183088_output
[2025-03-25 17:37:08] INFO: CheckM data: /home/hice1/calnoubani3/Documents/B3_Final/checkm/db
[2025-03-25 17:37:08] INFO: [CheckM - analyze] Identifying marker genes in bins.
[2025-03-25 17:43:19] INFO: CheckM v1.2.3
[2025-03-25 17:43:19] INFO: checkm analyze --threads 16 -x fa Ng.markers /home/hice1/calnoubani3/Documents/B3_Final/checkm/checkm_output/B1183088_output/bins_input /home/hice1/calnoubani3/Documents/B3_Final/checkm/checkm_output/B1183088_output
[2025-03-25 17:43:19] INFO: CheckM data: /home/hice1/calnoubani3/Documents/B3_Final/checkm/db
[2025-03-25 17:43:19] INFO: [CheckM - analyze] Identifying marker genes in bins.
[2025-03-25 17:43:19] INFO: Identifying marker genes in 1 bins with 16 threads:
[2025-03-25 18:03:07] INFO: CheckM v1.2.3
[2025-03-25 18:03:07] INFO: checkm analyze --threads 16 -x fa Ng.markers /home/hice1/calnoubani3/Documents/B3_Final/checkm/checkm_output/B1183088_output/bins_input /home/hice1/calnoubani3/Documents/B3_Final/checkm/checkm_output/B1183088_output
[2025-03-25 18:03:07] INFO: CheckM data: /home/hice1/calnoubani3/Documents/B3_Final/checkm/db
[2025-03-25 18:03:07] INFO: [CheckM - analyze] Identifying marker genes in bins.
[2025-03-25 18:03:07] INFO: Identifying marker genes in 1 bins with 16 threads:
[2025-03-25 18:03:57] INFO: Saving HMM info to file.
[2025-03-25 18:03:58] INFO: { Current stage: 0:00:50.693 || Total: 0:00:50.693 }
[2025-03-25 18:03:58] INFO: Parsing HMM hits to marker genes:
[2025-03-25 18:03:58] INFO: Aligning marker genes with multiple hits in a single bin:
[2025-03-25 18:03:58] INFO: { Current stage: 0:00:00.273 || Total: 0:00:50.966 }
[2025-03-25 18:03:58] INFO: Calculating genome statistics for 1 bins with 16 threads:
[2025-03-25 18:03:58] INFO: { Current stage: 0:00:00.073 || Total: 0:00:51.040 }
