[2025-03-25 17:37:05] INFO: CheckM v1.2.3
[2025-03-25 17:37:05] INFO: checkm analyze --threads 16 -x fa Ng.markers /home/hice1/calnoubani3/Documents/B3_Final/checkm/asm/B1182970_S01_L001_contigs.fa /home/hice1/calnoubani3/Documents/B3_Final/checkm/checkm_output/B1182970_output
[2025-03-25 17:37:05] INFO: CheckM data: /home/hice1/calnoubani3/Documents/B3_Final/checkm/db
[2025-03-25 17:37:05] INFO: [CheckM - analyze] Identifying marker genes in bins.
[2025-03-25 17:43:01] INFO: CheckM v1.2.3
[2025-03-25 17:43:01] INFO: checkm analyze --threads 16 -x fa Ng.markers /home/hice1/calnoubani3/Documents/B3_Final/checkm/checkm_output/B1182970_output/bins_input /home/hice1/calnoubani3/Documents/B3_Final/checkm/checkm_output/B1182970_output
[2025-03-25 17:43:01] INFO: CheckM data: /home/hice1/calnoubani3/Documents/B3_Final/checkm/db
[2025-03-25 17:43:01] INFO: [CheckM - analyze] Identifying marker genes in bins.
[2025-03-25 17:43:01] INFO: Identifying marker genes in 1 bins with 16 threads:
[2025-03-25 18:01:22] INFO: CheckM v1.2.3
[2025-03-25 18:01:22] INFO: checkm analyze --threads 16 -x fa Ng.markers /home/hice1/calnoubani3/Documents/B3_Final/checkm/checkm_output/B1182970_output/bins_input /home/hice1/calnoubani3/Documents/B3_Final/checkm/checkm_output/B1182970_output
[2025-03-25 18:01:22] INFO: CheckM data: /home/hice1/calnoubani3/Documents/B3_Final/checkm/db
[2025-03-25 18:01:22] INFO: [CheckM - analyze] Identifying marker genes in bins.
[2025-03-25 18:01:22] INFO: Identifying marker genes in 1 bins with 16 threads:
[2025-03-25 18:02:13] INFO: Saving HMM info to file.
[2025-03-25 18:02:13] INFO: { Current stage: 0:00:50.758 || Total: 0:00:50.758 }
[2025-03-25 18:02:13] INFO: Parsing HMM hits to marker genes:
[2025-03-25 18:02:13] INFO: Aligning marker genes with multiple hits in a single bin:
[2025-03-25 18:02:13] INFO: { Current stage: 0:00:00.186 || Total: 0:00:50.945 }
[2025-03-25 18:02:13] INFO: Calculating genome statistics for 1 bins with 16 threads:
[2025-03-25 18:02:13] INFO: { Current stage: 0:00:00.064 || Total: 0:00:51.009 }
