[2025-03-25 17:37:11] INFO: CheckM v1.2.3
[2025-03-25 17:37:11] INFO: checkm analyze --threads 16 -x fa Ng.markers /home/hice1/calnoubani3/Documents/B3_Final/checkm/asm/B1299860_S01_L001_contigs.fa /home/hice1/calnoubani3/Documents/B3_Final/checkm/checkm_output/B1299860_output
[2025-03-25 17:37:11] INFO: CheckM data: /home/hice1/calnoubani3/Documents/B3_Final/checkm/db
[2025-03-25 17:37:11] INFO: [CheckM - analyze] Identifying marker genes in bins.
[2025-03-25 17:43:33] INFO: CheckM v1.2.3
[2025-03-25 17:43:33] INFO: checkm analyze --threads 16 -x fa Ng.markers /home/hice1/calnoubani3/Documents/B3_Final/checkm/checkm_output/B1299860_output/bins_input /home/hice1/calnoubani3/Documents/B3_Final/checkm/checkm_output/B1299860_output
[2025-03-25 17:43:33] INFO: CheckM data: /home/hice1/calnoubani3/Documents/B3_Final/checkm/db
[2025-03-25 17:43:33] INFO: [CheckM - analyze] Identifying marker genes in bins.
[2025-03-25 17:43:33] INFO: Identifying marker genes in 1 bins with 16 threads:
[2025-03-25 18:05:02] INFO: CheckM v1.2.3
[2025-03-25 18:05:02] INFO: checkm analyze --threads 16 -x fa Ng.markers /home/hice1/calnoubani3/Documents/B3_Final/checkm/checkm_output/B1299860_output/bins_input /home/hice1/calnoubani3/Documents/B3_Final/checkm/checkm_output/B1299860_output
[2025-03-25 18:05:02] INFO: CheckM data: /home/hice1/calnoubani3/Documents/B3_Final/checkm/db
[2025-03-25 18:05:02] INFO: [CheckM - analyze] Identifying marker genes in bins.
[2025-03-25 18:05:02] INFO: Identifying marker genes in 1 bins with 16 threads:
[2025-03-25 18:05:52] INFO: Saving HMM info to file.
[2025-03-25 18:05:52] INFO: { Current stage: 0:00:50.495 || Total: 0:00:50.495 }
[2025-03-25 18:05:52] INFO: Parsing HMM hits to marker genes:
[2025-03-25 18:05:52] INFO: Aligning marker genes with multiple hits in a single bin:
[2025-03-25 18:05:52] INFO: { Current stage: 0:00:00.187 || Total: 0:00:50.682 }
[2025-03-25 18:05:52] INFO: Calculating genome statistics for 1 bins with 16 threads:
[2025-03-25 18:05:52] INFO: { Current stage: 0:00:00.064 || Total: 0:00:50.747 }
