	Command being timed: "./interproscan.sh -i /home/hice1/calnoubani3/Documents/B2_Final/results/gemoma/B0994811_S01_L001/B0994811_S01_L001_predicted_proteins_clean.faa -f gff3 -o /home/hice1/calnoubani3/Documents/B2_Final/results/interpro/B0994811_S01_L001_interpro.gff -appl Pfam,SMART,TIGRFAM,ProSitePatterns,CDD,PRINTS,SUPERFAMILY --goterms --pathways -cpu 8"
	User time (seconds): 218.19
	System time (seconds): 13.27
	Percent of CPU this job got: 246%
	Elapsed (wall clock) time (h:mm:ss or m:ss): 1:33.92
	Average shared text size (kbytes): 0
	Average unshared data size (kbytes): 0
	Average stack size (kbytes): 0
	Average total size (kbytes): 0
	Maximum resident set size (kbytes): 3776052
	Average resident set size (kbytes): 0
	Major (requiring I/O) page faults: 2037
	Minor (reclaiming a frame) page faults: 801748
	Voluntary context switches: 694557
	Involuntary context switches: 3840
	Swaps: 0
	File system inputs: 473848
	File system outputs: 1663576
	Socket messages sent: 0
	Socket messages received: 0
	Signals delivered: 0
	Page size (bytes): 4096
	Exit status: 0
