	Command being timed: "./interproscan.sh -i /home/hice1/calnoubani3/Documents/B2_Final/results/gemoma/B1183043_S01_L001/B1183043_S01_L001_predicted_proteins_clean.faa -f gff3 -o /home/hice1/calnoubani3/Documents/B2_Final/results/interpro/B1183043_S01_L001_interpro.gff -appl Pfam,SMART,TIGRFAM,ProSitePatterns,CDD,PRINTS,SUPERFAMILY --goterms --pathways -cpu 8"
	User time (seconds): 215.40
	System time (seconds): 13.10
	Percent of CPU this job got: 230%
	Elapsed (wall clock) time (h:mm:ss or m:ss): 1:39.32
	Average shared text size (kbytes): 0
	Average unshared data size (kbytes): 0
	Average stack size (kbytes): 0
	Average total size (kbytes): 0
	Maximum resident set size (kbytes): 3945744
	Average resident set size (kbytes): 0
	Major (requiring I/O) page faults: 2040
	Minor (reclaiming a frame) page faults: 780031
	Voluntary context switches: 758684
	Involuntary context switches: 3557
	Swaps: 0
	File system inputs: 474880
	File system outputs: 1670456
	Socket messages sent: 0
	Socket messages received: 0
	Signals delivered: 0
	Page size (bytes): 4096
	Exit status: 0
