	Command being timed: "./interproscan.sh -i /home/hice1/calnoubani3/Documents/B2_Final/results/gemoma/B1182882_S01_L001/B1182882_S01_L001_predicted_proteins_clean.faa -f gff3 -o /home/hice1/calnoubani3/Documents/B2_Final/results/interpro/B1182882_S01_L001_interpro.gff -appl Pfam,SMART,TIGRFAM,ProSitePatterns,CDD,PRINTS,SUPERFAMILY --goterms --pathways -cpu 8"
	User time (seconds): 214.57
	System time (seconds): 12.55
	Percent of CPU this job got: 248%
	Elapsed (wall clock) time (h:mm:ss or m:ss): 1:31.44
	Average shared text size (kbytes): 0
	Average unshared data size (kbytes): 0
	Average stack size (kbytes): 0
	Average total size (kbytes): 0
	Maximum resident set size (kbytes): 3635068
	Average resident set size (kbytes): 0
	Major (requiring I/O) page faults: 2036
	Minor (reclaiming a frame) page faults: 807837
	Voluntary context switches: 653098
	Involuntary context switches: 3136
	Swaps: 0
	File system inputs: 474880
	File system outputs: 1690512
	Socket messages sent: 0
	Socket messages received: 0
	Signals delivered: 0
	Page size (bytes): 4096
	Exit status: 0
