	Command being timed: "./interproscan.sh -i /home/hice1/calnoubani3/Documents/B2_Final/results/gemoma/B1181151_S01_L001/B1181151_S01_L001_predicted_proteins_clean.faa -f gff3 -o /home/hice1/calnoubani3/Documents/B2_Final/results/interpro/B1181151_S01_L001_interpro.gff -appl Pfam,SMART,TIGRFAM,ProSitePatterns,CDD,PRINTS,SUPERFAMILY --goterms --pathways -cpu 8"
	User time (seconds): 228.37
	System time (seconds): 13.66
	Percent of CPU this job got: 236%
	Elapsed (wall clock) time (h:mm:ss or m:ss): 1:42.13
	Average shared text size (kbytes): 0
	Average unshared data size (kbytes): 0
	Average stack size (kbytes): 0
	Average total size (kbytes): 0
	Maximum resident set size (kbytes): 3302008
	Average resident set size (kbytes): 0
	Major (requiring I/O) page faults: 5092
	Minor (reclaiming a frame) page faults: 889191
	Voluntary context switches: 776582
	Involuntary context switches: 3661
	Swaps: 0
	File system inputs: 1179944
	File system outputs: 1676832
	Socket messages sent: 0
	Socket messages received: 0
	Signals delivered: 0
	Page size (bytes): 4096
	Exit status: 0
