	Command being timed: "./interproscan.sh -i /home/hice1/calnoubani3/Documents/B2_Final/results/gemoma/B1330897_S01_L001/B1330897_S01_L001_predicted_proteins_clean.faa -f gff3 -o /home/hice1/calnoubani3/Documents/B2_Final/results/interpro/B1330897_S01_L001_interpro.gff -appl Pfam,SMART,TIGRFAM,ProSitePatterns,CDD,PRINTS,SUPERFAMILY --goterms --pathways -cpu 8"
	User time (seconds): 220.99
	System time (seconds): 13.12
	Percent of CPU this job got: 242%
	Elapsed (wall clock) time (h:mm:ss or m:ss): 1:36.70
	Average shared text size (kbytes): 0
	Average unshared data size (kbytes): 0
	Average stack size (kbytes): 0
	Average total size (kbytes): 0
	Maximum resident set size (kbytes): 3838036
	Average resident set size (kbytes): 0
	Major (requiring I/O) page faults: 2299
	Minor (reclaiming a frame) page faults: 922649
	Voluntary context switches: 634397
	Involuntary context switches: 3535
	Swaps: 0
	File system inputs: 477064
	File system outputs: 1670992
	Socket messages sent: 0
	Socket messages received: 0
	Signals delivered: 0
	Page size (bytes): 4096
	Exit status: 0
