	Command being timed: "./interproscan.sh -i /home/hice1/calnoubani3/Documents/B2_Final/results/gemoma/B1838859_S01_L001/B1838859_S01_L001_predicted_proteins_clean.faa -f gff3 -o /home/hice1/calnoubani3/Documents/B2_Final/results/interpro/B1838859_S01_L001_interpro.gff -appl Pfam,SMART,TIGRFAM,ProSitePatterns,CDD,PRINTS,SUPERFAMILY --goterms --pathways -cpu 8"
	User time (seconds): 220.59
	System time (seconds): 13.06
	Percent of CPU this job got: 237%
	Elapsed (wall clock) time (h:mm:ss or m:ss): 1:38.39
	Average shared text size (kbytes): 0
	Average unshared data size (kbytes): 0
	Average stack size (kbytes): 0
	Average total size (kbytes): 0
	Maximum resident set size (kbytes): 3799520
	Average resident set size (kbytes): 0
	Major (requiring I/O) page faults: 2054
	Minor (reclaiming a frame) page faults: 817274
	Voluntary context switches: 762291
	Involuntary context switches: 3723
	Swaps: 0
	File system inputs: 475472
	File system outputs: 1679520
	Socket messages sent: 0
	Socket messages received: 0
	Signals delivered: 0
	Page size (bytes): 4096
	Exit status: 0
