	Command being timed: "./interproscan.sh -i /home/hice1/calnoubani3/Documents/B2_Final/results/gemoma/B2092391_S01_L001/B2092391_S01_L001_predicted_proteins_clean.faa -f gff3 -o /home/hice1/calnoubani3/Documents/B2_Final/results/interpro/B2092391_S01_L001_interpro.gff -appl Pfam,SMART,TIGRFAM,ProSitePatterns,CDD,PRINTS,SUPERFAMILY --goterms --pathways -cpu 8"
	User time (seconds): 222.54
	System time (seconds): 13.56
	Percent of CPU this job got: 254%
	Elapsed (wall clock) time (h:mm:ss or m:ss): 1:32.79
	Average shared text size (kbytes): 0
	Average unshared data size (kbytes): 0
	Average stack size (kbytes): 0
	Average total size (kbytes): 0
	Maximum resident set size (kbytes): 3707768
	Average resident set size (kbytes): 0
	Major (requiring I/O) page faults: 2041
	Minor (reclaiming a frame) page faults: 895238
	Voluntary context switches: 714875
	Involuntary context switches: 3608
	Swaps: 0
	File system inputs: 474824
	File system outputs: 1687240
	Socket messages sent: 0
	Socket messages received: 0
	Signals delivered: 0
	Page size (bytes): 4096
	Exit status: 0
