	Command being timed: "./interproscan.sh -i /home/hice1/calnoubani3/Documents/B2_Final/results/gemoma/B2541877_S01_L001/B2541877_S01_L001_predicted_proteins_clean.faa -f gff3 -o /home/hice1/calnoubani3/Documents/B2_Final/results/interpro/B2541877_S01_L001_interpro.gff -appl Pfam,SMART,TIGRFAM,ProSitePatterns,CDD,PRINTS,SUPERFAMILY --goterms --pathways -cpu 8"
	User time (seconds): 228.98
	System time (seconds): 14.02
	Percent of CPU this job got: 257%
	Elapsed (wall clock) time (h:mm:ss or m:ss): 1:34.53
	Average shared text size (kbytes): 0
	Average unshared data size (kbytes): 0
	Average stack size (kbytes): 0
	Average total size (kbytes): 0
	Maximum resident set size (kbytes): 3895664
	Average resident set size (kbytes): 0
	Major (requiring I/O) page faults: 2809
	Minor (reclaiming a frame) page faults: 930942
	Voluntary context switches: 756164
	Involuntary context switches: 3636
	Swaps: 0
	File system inputs: 480368
	File system outputs: 1660400
	Socket messages sent: 0
	Socket messages received: 0
	Signals delivered: 0
	Page size (bytes): 4096
	Exit status: 0
