[2025-03-25 17:36:52] INFO: CheckM v1.2.3
[2025-03-25 17:36:52] INFO: checkm analyze --threads 16 -x fa Ng.markers /home/hice1/calnoubani3/Documents/B3_Final/checkm/asm/B1181507_S01_L001_contigs.fa /home/hice1/calnoubani3/Documents/B3_Final/checkm/checkm_output/B1181507_output
[2025-03-25 17:36:52] INFO: CheckM data: /home/hice1/calnoubani3/Documents/B3_Final/checkm/db
[2025-03-25 17:36:52] INFO: [CheckM - analyze] Identifying marker genes in bins.
[2025-03-25 17:42:06] INFO: CheckM v1.2.3
[2025-03-25 17:42:06] INFO: checkm analyze --threads 16 -x fa Ng.markers /home/hice1/calnoubani3/Documents/B3_Final/checkm/checkm_output/B1181507_output/bins_input /home/hice1/calnoubani3/Documents/B3_Final/checkm/checkm_output/B1181507_output
[2025-03-25 17:42:06] INFO: CheckM data: /home/hice1/calnoubani3/Documents/B3_Final/checkm/db
[2025-03-25 17:42:06] INFO: [CheckM - analyze] Identifying marker genes in bins.
[2025-03-25 17:42:06] INFO: Identifying marker genes in 1 bins with 16 threads:
[2025-03-25 17:55:48] INFO: CheckM v1.2.3
[2025-03-25 17:55:48] INFO: checkm analyze --threads 16 -x fa Ng.markers /home/hice1/calnoubani3/Documents/B3_Final/checkm/checkm_output/B1181507_output/bins_input /home/hice1/calnoubani3/Documents/B3_Final/checkm/checkm_output/B1181507_output
[2025-03-25 17:55:48] INFO: CheckM data: /home/hice1/calnoubani3/Documents/B3_Final/checkm/db
[2025-03-25 17:55:48] INFO: [CheckM - analyze] Identifying marker genes in bins.
[2025-03-25 17:55:48] INFO: Identifying marker genes in 1 bins with 16 threads:
[2025-03-25 17:56:38] INFO: Saving HMM info to file.
[2025-03-25 17:56:38] INFO: { Current stage: 0:00:50.688 || Total: 0:00:50.688 }
[2025-03-25 17:56:38] INFO: Parsing HMM hits to marker genes:
[2025-03-25 17:56:39] INFO: Aligning marker genes with multiple hits in a single bin:
[2025-03-25 17:56:39] INFO: { Current stage: 0:00:00.643 || Total: 0:00:51.332 }
[2025-03-25 17:56:39] INFO: Calculating genome statistics for 1 bins with 16 threads:
[2025-03-25 17:56:39] INFO: { Current stage: 0:00:00.078 || Total: 0:00:51.410 }
