>>>>>>>>>>>>>>>>>>
Reference = [./ASM684v1_reference.fna]
Query = [./B1299860/B1299860_problem.fna]
Kmer size = 16
Fragment length = 3000
Threads = 1
ANI output file = ./B1299860/FastANI_B1299860Output.tsv
Sanity Check  = 0
>>>>>>>>>>>>>>>>>>
INFO [thread 0], skch::main, Count of threads executing parallel_for : 1
INFO [thread 0], skch::Sketch::build, window size for minimizer sampling  = 24
INFO [thread 0], skch::Sketch::build, minimizers picked from reference = 172496
INFO [thread 0], skch::Sketch::index, unique minimizers = 160250
INFO [thread 0], skch::Sketch::computeFreqHist, Frequency histogram of minimizers = (1, 154903) ... (89, 1)
INFO [thread 0], skch::Sketch::computeFreqHist, consider all minimizers during lookup.
INFO [thread 0], skch::main, Time spent sketching the reference : 0.218416 sec
INFO [thread 0], skch::main, Start Map 1
INFO [thread 0], skch::main, Time spent mapping fragments in query #1 : 2.3468 sec
INFO [thread 0], skch::main, Time spent post mapping : 0.000662703 sec
INFO [thread 0], skch::main, ready to exit the loop
INFO, skch::main, parallel_for execution finished
