[2025-03-25 17:36:25] INFO: CheckM v1.2.3
[2025-03-25 17:36:25] INFO: checkm analyze --threads 16 -x fa Ng.markers /home/hice1/calnoubani3/Documents/B3_Final/checkm/asm/B0994486_S01_L001_contigs.fa /home/hice1/calnoubani3/Documents/B3_Final/checkm/checkm_output/B0994486_output
[2025-03-25 17:36:25] INFO: CheckM data: /home/hice1/calnoubani3/Documents/B3_Final/checkm/db
[2025-03-25 17:36:25] INFO: [CheckM - analyze] Identifying marker genes in bins.
[2025-03-25 17:40:43] INFO: CheckM v1.2.3
[2025-03-25 17:40:43] INFO: checkm analyze --threads 16 -x fa Ng.markers /home/hice1/calnoubani3/Documents/B3_Final/checkm/checkm_output/B0994486_output/bins_input /home/hice1/calnoubani3/Documents/B3_Final/checkm/checkm_output/B0994486_output
[2025-03-25 17:40:43] INFO: CheckM data: /home/hice1/calnoubani3/Documents/B3_Final/checkm/db
[2025-03-25 17:40:43] INFO: [CheckM - analyze] Identifying marker genes in bins.
[2025-03-25 17:40:43] INFO: Identifying marker genes in 1 bins with 16 threads:
[2025-03-25 17:47:31] INFO: CheckM v1.2.3
[2025-03-25 17:47:31] INFO: checkm analyze --threads 16 -x fa Ng.markers /home/hice1/calnoubani3/Documents/B3_Final/checkm/checkm_output/B0994486_output/bins_input /home/hice1/calnoubani3/Documents/B3_Final/checkm/checkm_output/B0994486_output
[2025-03-25 17:47:31] INFO: CheckM data: /home/hice1/calnoubani3/Documents/B3_Final/checkm/db
[2025-03-25 17:47:31] INFO: [CheckM - analyze] Identifying marker genes in bins.
[2025-03-25 17:47:31] INFO: Identifying marker genes in 1 bins with 16 threads:
[2025-03-25 17:48:22] INFO: Saving HMM info to file.
[2025-03-25 17:48:22] INFO: { Current stage: 0:00:50.645 || Total: 0:00:50.645 }
[2025-03-25 17:48:22] INFO: Parsing HMM hits to marker genes:
[2025-03-25 17:48:22] INFO: Aligning marker genes with multiple hits in a single bin:
[2025-03-25 17:48:23] INFO: { Current stage: 0:00:00.681 || Total: 0:00:51.326 }
[2025-03-25 17:48:23] INFO: Calculating genome statistics for 1 bins with 16 threads:
[2025-03-25 17:48:23] INFO: { Current stage: 0:00:00.142 || Total: 0:00:51.469 }
