[2025-03-25 17:36:23] INFO: CheckM v1.2.3
[2025-03-25 17:36:23] INFO: checkm analyze --threads 16 -x fa Ng.markers /home/hice1/calnoubani3/Documents/B3_Final/checkm/asm/B0993986_S01_L001_contigs.fa /home/hice1/calnoubani3/Documents/B3_Final/checkm/checkm_output/B0993986_output
[2025-03-25 17:36:23] INFO: CheckM data: /home/hice1/calnoubani3/Documents/B3_Final/checkm/db
[2025-03-25 17:36:23] INFO: [CheckM - analyze] Identifying marker genes in bins.
[2025-03-25 17:40:29] INFO: CheckM v1.2.3
[2025-03-25 17:40:29] INFO: checkm analyze --threads 16 -x fa Ng.markers /home/hice1/calnoubani3/Documents/B3_Final/checkm/checkm_output/B0993986_output/bins_input /home/hice1/calnoubani3/Documents/B3_Final/checkm/checkm_output/B0993986_output
[2025-03-25 17:40:29] INFO: CheckM data: /home/hice1/calnoubani3/Documents/B3_Final/checkm/db
[2025-03-25 17:40:29] INFO: [CheckM - analyze] Identifying marker genes in bins.
[2025-03-25 17:40:29] INFO: Identifying marker genes in 1 bins with 16 threads:
[2025-03-25 17:46:35] INFO: CheckM v1.2.3
[2025-03-25 17:46:35] INFO: checkm analyze --threads 16 -x fa Ng.markers /home/hice1/calnoubani3/Documents/B3_Final/checkm/checkm_output/B0993986_output/bins_input /home/hice1/calnoubani3/Documents/B3_Final/checkm/checkm_output/B0993986_output
[2025-03-25 17:46:35] INFO: CheckM data: /home/hice1/calnoubani3/Documents/B3_Final/checkm/db
[2025-03-25 17:46:35] INFO: [CheckM - analyze] Identifying marker genes in bins.
[2025-03-25 17:46:35] INFO: Identifying marker genes in 1 bins with 16 threads:
[2025-03-25 17:47:26] INFO: Saving HMM info to file.
[2025-03-25 17:47:26] INFO: { Current stage: 0:00:50.799 || Total: 0:00:50.799 }
[2025-03-25 17:47:26] INFO: Parsing HMM hits to marker genes:
[2025-03-25 17:47:26] INFO: Aligning marker genes with multiple hits in a single bin:
[2025-03-25 17:47:27] INFO: { Current stage: 0:00:00.809 || Total: 0:00:51.608 }
[2025-03-25 17:47:27] INFO: Calculating genome statistics for 1 bins with 16 threads:
[2025-03-25 17:47:27] INFO: { Current stage: 0:00:00.133 || Total: 0:00:51.742 }
