[2025-03-25 17:36:43] INFO: CheckM v1.2.3
[2025-03-25 17:36:43] INFO: checkm analyze --threads 16 -x fa Ng.markers /home/hice1/calnoubani3/Documents/B3_Final/checkm/asm/B1181159_S01_L001_contigs.fa /home/hice1/calnoubani3/Documents/B3_Final/checkm/checkm_output/B1181159_output
[2025-03-25 17:36:43] INFO: CheckM data: /home/hice1/calnoubani3/Documents/B3_Final/checkm/db
[2025-03-25 17:36:43] INFO: [CheckM - analyze] Identifying marker genes in bins.
[2025-03-25 17:41:58] INFO: CheckM v1.2.3
[2025-03-25 17:41:58] INFO: checkm analyze --threads 16 -x fa Ng.markers /home/hice1/calnoubani3/Documents/B3_Final/checkm/checkm_output/B1181159_output/bins_input /home/hice1/calnoubani3/Documents/B3_Final/checkm/checkm_output/B1181159_output
[2025-03-25 17:41:58] INFO: CheckM data: /home/hice1/calnoubani3/Documents/B3_Final/checkm/db
[2025-03-25 17:41:58] INFO: [CheckM - analyze] Identifying marker genes in bins.
[2025-03-25 17:41:58] INFO: Identifying marker genes in 1 bins with 16 threads:
[2025-03-25 17:54:53] INFO: CheckM v1.2.3
[2025-03-25 17:54:53] INFO: checkm analyze --threads 16 -x fa Ng.markers /home/hice1/calnoubani3/Documents/B3_Final/checkm/checkm_output/B1181159_output/bins_input /home/hice1/calnoubani3/Documents/B3_Final/checkm/checkm_output/B1181159_output
[2025-03-25 17:54:53] INFO: CheckM data: /home/hice1/calnoubani3/Documents/B3_Final/checkm/db
[2025-03-25 17:54:53] INFO: [CheckM - analyze] Identifying marker genes in bins.
[2025-03-25 17:54:53] INFO: Identifying marker genes in 1 bins with 16 threads:
[2025-03-25 17:55:43] INFO: Saving HMM info to file.
[2025-03-25 17:55:43] INFO: { Current stage: 0:00:50.523 || Total: 0:00:50.523 }
[2025-03-25 17:55:43] INFO: Parsing HMM hits to marker genes:
[2025-03-25 17:55:43] INFO: Aligning marker genes with multiple hits in a single bin:
[2025-03-25 17:55:44] INFO: { Current stage: 0:00:00.666 || Total: 0:00:51.190 }
[2025-03-25 17:55:44] INFO: Calculating genome statistics for 1 bins with 16 threads:
[2025-03-25 17:55:44] INFO: { Current stage: 0:00:00.102 || Total: 0:00:51.292 }
