[2025-03-25 17:37:15] INFO: CheckM v1.2.3
[2025-03-25 17:37:15] INFO: checkm analyze --threads 16 -x fa Ng.markers /home/hice1/calnoubani3/Documents/B3_Final/checkm/asm/B1349086_S01_L001_contigs.fa /home/hice1/calnoubani3/Documents/B3_Final/checkm/checkm_output/B1349086_output
[2025-03-25 17:37:15] INFO: CheckM data: /home/hice1/calnoubani3/Documents/B3_Final/checkm/db
[2025-03-25 17:37:15] INFO: [CheckM - analyze] Identifying marker genes in bins.
[2025-03-25 17:44:04] INFO: CheckM v1.2.3
[2025-03-25 17:44:04] INFO: checkm analyze --threads 16 -x fa Ng.markers /home/hice1/calnoubani3/Documents/B3_Final/checkm/checkm_output/B1349086_output/bins_input /home/hice1/calnoubani3/Documents/B3_Final/checkm/checkm_output/B1349086_output
[2025-03-25 17:44:04] INFO: CheckM data: /home/hice1/calnoubani3/Documents/B3_Final/checkm/db
[2025-03-25 17:44:04] INFO: [CheckM - analyze] Identifying marker genes in bins.
[2025-03-25 17:44:04] INFO: Identifying marker genes in 1 bins with 16 threads:
[2025-03-25 18:07:48] INFO: CheckM v1.2.3
[2025-03-25 18:07:48] INFO: checkm analyze --threads 16 -x fa Ng.markers /home/hice1/calnoubani3/Documents/B3_Final/checkm/checkm_output/B1349086_output/bins_input /home/hice1/calnoubani3/Documents/B3_Final/checkm/checkm_output/B1349086_output
[2025-03-25 18:07:48] INFO: CheckM data: /home/hice1/calnoubani3/Documents/B3_Final/checkm/db
[2025-03-25 18:07:48] INFO: [CheckM - analyze] Identifying marker genes in bins.
[2025-03-25 18:07:48] INFO: Identifying marker genes in 1 bins with 16 threads:
[2025-03-25 18:08:38] INFO: Saving HMM info to file.
[2025-03-25 18:08:38] INFO: { Current stage: 0:00:49.873 || Total: 0:00:49.873 }
[2025-03-25 18:08:38] INFO: Parsing HMM hits to marker genes:
[2025-03-25 18:08:38] INFO: Aligning marker genes with multiple hits in a single bin:
[2025-03-25 18:08:38] INFO: { Current stage: 0:00:00.184 || Total: 0:00:50.058 }
[2025-03-25 18:08:38] INFO: Calculating genome statistics for 1 bins with 16 threads:
[2025-03-25 18:08:38] INFO: { Current stage: 0:00:00.065 || Total: 0:00:50.123 }
