[2025-03-25 17:36:26] INFO: CheckM v1.2.3
[2025-03-25 17:36:26] INFO: checkm analyze --threads 16 -x fa Ng.markers /home/hice1/calnoubani3/Documents/B3_Final/checkm/asm/B0994811_S01_L001_contigs.fa /home/hice1/calnoubani3/Documents/B3_Final/checkm/checkm_output/B0994811_output
[2025-03-25 17:36:26] INFO: CheckM data: /home/hice1/calnoubani3/Documents/B3_Final/checkm/db
[2025-03-25 17:36:26] INFO: [CheckM - analyze] Identifying marker genes in bins.
[2025-03-25 17:40:56] INFO: CheckM v1.2.3
[2025-03-25 17:40:56] INFO: checkm analyze --threads 16 -x fa Ng.markers /home/hice1/calnoubani3/Documents/B3_Final/checkm/checkm_output/B0994811_output/bins_input /home/hice1/calnoubani3/Documents/B3_Final/checkm/checkm_output/B0994811_output
[2025-03-25 17:40:56] INFO: CheckM data: /home/hice1/calnoubani3/Documents/B3_Final/checkm/db
[2025-03-25 17:40:56] INFO: [CheckM - analyze] Identifying marker genes in bins.
[2025-03-25 17:40:56] INFO: Identifying marker genes in 1 bins with 16 threads:
[2025-03-25 17:48:27] INFO: CheckM v1.2.3
[2025-03-25 17:48:27] INFO: checkm analyze --threads 16 -x fa Ng.markers /home/hice1/calnoubani3/Documents/B3_Final/checkm/checkm_output/B0994811_output/bins_input /home/hice1/calnoubani3/Documents/B3_Final/checkm/checkm_output/B0994811_output
[2025-03-25 17:48:27] INFO: CheckM data: /home/hice1/calnoubani3/Documents/B3_Final/checkm/db
[2025-03-25 17:48:27] INFO: [CheckM - analyze] Identifying marker genes in bins.
[2025-03-25 17:48:27] INFO: Identifying marker genes in 1 bins with 16 threads:
[2025-03-25 17:49:18] INFO: Saving HMM info to file.
[2025-03-25 17:49:18] INFO: { Current stage: 0:00:51.251 || Total: 0:00:51.251 }
[2025-03-25 17:49:18] INFO: Parsing HMM hits to marker genes:
[2025-03-25 17:49:18] INFO: Aligning marker genes with multiple hits in a single bin:
[2025-03-25 17:49:18] INFO: { Current stage: 0:00:00.189 || Total: 0:00:51.440 }
[2025-03-25 17:49:18] INFO: Calculating genome statistics for 1 bins with 16 threads:
[2025-03-25 17:49:18] INFO: { Current stage: 0:00:00.064 || Total: 0:00:51.504 }
