[1;32mFunctional annotation of hits...[0m
[1;32mDecorating gff file /home/hice1/sfang86/Documents/B2_Final_gff_16/results/gemoma/B0994850_S01_L001/B0994850_S01_L001_GeMoMa.gff...[0m
500 2.5704638957977295 194.52 q/s (% mem usage: 6.30, % mem avail: 93.70)
1000 4.378610849380493 228.38 q/s (% mem usage: 6.30, % mem avail: 93.69)
1500 6.51544189453125 230.22 q/s (% mem usage: 6.30, % mem avail: 93.70)
1506 6.574097394943237 229.08 q/s (% mem usage: 6.20, % mem avail: 93.76)
	Command being timed: "emapper.py -i /home/hice1/sfang86/Documents/B2_Final_gff_16/results/gemoma/B0994850_S01_L001/B0994850_S01_L001_predicted_proteins_clean.faa --output B0994850_S01_L001 --output_dir /home/hice1/sfang86/Documents/B2_Final_gff_16/results/eggnog/B0994850_S01_L001 --data_dir /home/hice1/sfang86/scratch/eggnog_db --cpu 16 --tax_scope bacteria --go_evidence all --decorate_gff /home/hice1/sfang86/Documents/B2_Final_gff_16/results/gemoma/B0994850_S01_L001/B0994850_S01_L001_GeMoMa.gff --override"
	User time (seconds): 1458.20
	System time (seconds): 39.99
	Percent of CPU this job got: 909%
	Elapsed (wall clock) time (h:mm:ss or m:ss): 2:44.72
	Average shared text size (kbytes): 0
	Average unshared data size (kbytes): 0
	Average stack size (kbytes): 0
	Average total size (kbytes): 0
	Maximum resident set size (kbytes): 3717368
	Average resident set size (kbytes): 0
	Major (requiring I/O) page faults: 128
	Minor (reclaiming a frame) page faults: 699963
	Voluntary context switches: 1850073
	Involuntary context switches: 40059
	Swaps: 0
	File system inputs: 0
	File system outputs: 238248
	Socket messages sent: 0
	Socket messages received: 0
	Signals delivered: 0
	Page size (bytes): 4096
	Exit status: 0
