[1;32mFunctional annotation of hits...[0m
[1;32mDecorating gff file /home/hice1/sfang86/Documents/B2_Final_gff_16/results/gemoma/B0993986_S01_L001/B0993986_S01_L001_GeMoMa.gff...[0m
500 27.521154165267944 18.17 q/s (% mem usage: 5.00, % mem avail: 95.00)
1000 27.53609561920166 36.32 q/s (% mem usage: 5.00, % mem avail: 95.00)
1498 66.36176705360413 22.57 q/s (% mem usage: 4.90, % mem avail: 95.06)
	Command being timed: "emapper.py -i /home/hice1/sfang86/Documents/B2_Final_gff_16/results/gemoma/B0993986_S01_L001/B0993986_S01_L001_predicted_proteins_clean.faa --output B0993986_S01_L001 --output_dir /home/hice1/sfang86/Documents/B2_Final_gff_16/results/eggnog/B0993986_S01_L001 --data_dir /home/hice1/sfang86/scratch/eggnog_db --cpu 16 --tax_scope bacteria --go_evidence all --decorate_gff /home/hice1/sfang86/Documents/B2_Final_gff_16/results/gemoma/B0993986_S01_L001/B0993986_S01_L001_GeMoMa.gff --override"
	User time (seconds): 1423.12
	System time (seconds): 43.66
	Percent of CPU this job got: 624%
	Elapsed (wall clock) time (h:mm:ss or m:ss): 3:54.94
	Average shared text size (kbytes): 0
	Average unshared data size (kbytes): 0
	Average stack size (kbytes): 0
	Average total size (kbytes): 0
	Maximum resident set size (kbytes): 3714744
	Average resident set size (kbytes): 0
	Major (requiring I/O) page faults: 471
	Minor (reclaiming a frame) page faults: 706984
	Voluntary context switches: 1459751
	Involuntary context switches: 29552
	Swaps: 0
	File system inputs: 22718104
	File system outputs: 238312
	Socket messages sent: 0
	Socket messages received: 0
	Signals delivered: 0
	Page size (bytes): 4096
	Exit status: 0
