[1;32mFunctional annotation of hits...[0m
[1;32mDecorating gff file /home/hice1/sfang86/Documents/B2_Final_gff_16/results/gemoma/B1182882_S01_L001/B1182882_S01_L001_GeMoMa.gff...[0m
500 5.492734670639038 91.03 q/s (% mem usage: 7.60, % mem avail: 92.36)
1000 7.238842248916626 138.14 q/s (% mem usage: 7.60, % mem avail: 92.36)
1500 9.299607515335083 161.30 q/s (% mem usage: 7.60, % mem avail: 92.36)
1504 9.3543701171875 160.78 q/s (% mem usage: 7.60, % mem avail: 92.42)
	Command being timed: "emapper.py -i /home/hice1/sfang86/Documents/B2_Final_gff_16/results/gemoma/B1182882_S01_L001/B1182882_S01_L001_predicted_proteins_clean.faa --output B1182882_S01_L001 --output_dir /home/hice1/sfang86/Documents/B2_Final_gff_16/results/eggnog/B1182882_S01_L001 --data_dir /home/hice1/sfang86/scratch/eggnog_db --cpu 16 --tax_scope bacteria --go_evidence all --decorate_gff /home/hice1/sfang86/Documents/B2_Final_gff_16/results/gemoma/B1182882_S01_L001/B1182882_S01_L001_GeMoMa.gff --override"
	User time (seconds): 1474.69
	System time (seconds): 39.75
	Percent of CPU this job got: 807%
	Elapsed (wall clock) time (h:mm:ss or m:ss): 3:07.51
	Average shared text size (kbytes): 0
	Average unshared data size (kbytes): 0
	Average stack size (kbytes): 0
	Average total size (kbytes): 0
	Maximum resident set size (kbytes): 3765296
	Average resident set size (kbytes): 0
	Major (requiring I/O) page faults: 179
	Minor (reclaiming a frame) page faults: 710073
	Voluntary context switches: 1799861
	Involuntary context switches: 44880
	Swaps: 0
	File system inputs: 0
	File system outputs: 238464
	Socket messages sent: 0
	Socket messages received: 0
	Signals delivered: 0
	Page size (bytes): 4096
	Exit status: 0
