[1;32mFunctional annotation of hits...[0m
[1;32mDecorating gff file /home/hice1/sfang86/Documents/B2_Final_gff_16/results/gemoma/B1183088_S01_L001/B1183088_S01_L001_GeMoMa.gff...[0m
500 4.864226579666138 102.79 q/s (% mem usage: 7.60, % mem avail: 92.43)
1000 6.7416276931762695 148.33 q/s (% mem usage: 7.60, % mem avail: 92.42)
1500 8.713221311569214 172.15 q/s (% mem usage: 7.60, % mem avail: 92.42)
1501 8.768439054489136 171.18 q/s (% mem usage: 7.50, % mem avail: 92.49)
	Command being timed: "emapper.py -i /home/hice1/sfang86/Documents/B2_Final_gff_16/results/gemoma/B1183088_S01_L001/B1183088_S01_L001_predicted_proteins_clean.faa --output B1183088_S01_L001 --output_dir /home/hice1/sfang86/Documents/B2_Final_gff_16/results/eggnog/B1183088_S01_L001 --data_dir /home/hice1/sfang86/scratch/eggnog_db --cpu 16 --tax_scope bacteria --go_evidence all --decorate_gff /home/hice1/sfang86/Documents/B2_Final_gff_16/results/gemoma/B1183088_S01_L001/B1183088_S01_L001_GeMoMa.gff --override"
	User time (seconds): 1483.39
	System time (seconds): 39.83
	Percent of CPU this job got: 841%
	Elapsed (wall clock) time (h:mm:ss or m:ss): 3:00.98
	Average shared text size (kbytes): 0
	Average unshared data size (kbytes): 0
	Average stack size (kbytes): 0
	Average total size (kbytes): 0
	Maximum resident set size (kbytes): 3792540
	Average resident set size (kbytes): 0
	Major (requiring I/O) page faults: 114
	Minor (reclaiming a frame) page faults: 637255
	Voluntary context switches: 1807600
	Involuntary context switches: 46582
	Swaps: 0
	File system inputs: 0
	File system outputs: 238384
	Socket messages sent: 0
	Socket messages received: 0
	Signals delivered: 0
	Page size (bytes): 4096
	Exit status: 0
