[1;32mFunctional annotation of hits...[0m
[1;32mDecorating gff file /home/hice1/sfang86/Documents/B2_Final_gff_16/results/gemoma/B1181903_S01_L001/B1181903_S01_L001_GeMoMa.gff...[0m
500 2.5749704837799072 194.18 q/s (% mem usage: 6.80, % mem avail: 93.15)
1000 4.412910223007202 226.61 q/s (% mem usage: 6.90, % mem avail: 93.14)
1500 6.2682414054870605 239.30 q/s (% mem usage: 6.80, % mem avail: 93.15)
1500 6.312905788421631 237.61 q/s (% mem usage: 6.80, % mem avail: 93.22)
	Command being timed: "emapper.py -i /home/hice1/sfang86/Documents/B2_Final_gff_16/results/gemoma/B1181903_S01_L001/B1181903_S01_L001_predicted_proteins_clean.faa --output B1181903_S01_L001 --output_dir /home/hice1/sfang86/Documents/B2_Final_gff_16/results/eggnog/B1181903_S01_L001 --data_dir /home/hice1/sfang86/scratch/eggnog_db --cpu 16 --tax_scope bacteria --go_evidence all --decorate_gff /home/hice1/sfang86/Documents/B2_Final_gff_16/results/gemoma/B1181903_S01_L001/B1181903_S01_L001_GeMoMa.gff --override"
	User time (seconds): 1476.45
	System time (seconds): 39.95
	Percent of CPU this job got: 856%
	Elapsed (wall clock) time (h:mm:ss or m:ss): 2:56.94
	Average shared text size (kbytes): 0
	Average unshared data size (kbytes): 0
	Average stack size (kbytes): 0
	Average total size (kbytes): 0
	Maximum resident set size (kbytes): 3716664
	Average resident set size (kbytes): 0
	Major (requiring I/O) page faults: 455
	Minor (reclaiming a frame) page faults: 686241
	Voluntary context switches: 1784539
	Involuntary context switches: 40432
	Swaps: 0
	File system inputs: 0
	File system outputs: 238208
	Socket messages sent: 0
	Socket messages received: 0
	Signals delivered: 0
	Page size (bytes): 4096
	Exit status: 0
