[1;32mFunctional annotation of hits...[0m
[1;32mDecorating gff file /home/hice1/sfang86/Documents/B2_Final_gff_16/results/gemoma/B1181507_S01_L001/B1181507_S01_L001_GeMoMa.gff...[0m
500 15.434149503707886 32.40 q/s (% mem usage: 7.10, % mem avail: 92.87)
1000 15.875377178192139 62.99 q/s (% mem usage: 7.10, % mem avail: 92.86)
1499 18.23526906967163 82.20 q/s (% mem usage: 7.00, % mem avail: 92.97)
	Command being timed: "emapper.py -i /home/hice1/sfang86/Documents/B2_Final_gff_16/results/gemoma/B1181507_S01_L001/B1181507_S01_L001_predicted_proteins_clean.faa --output B1181507_S01_L001 --output_dir /home/hice1/sfang86/Documents/B2_Final_gff_16/results/eggnog/B1181507_S01_L001 --data_dir /home/hice1/sfang86/scratch/eggnog_db --cpu 16 --tax_scope bacteria --go_evidence all --decorate_gff /home/hice1/sfang86/Documents/B2_Final_gff_16/results/gemoma/B1181507_S01_L001/B1181507_S01_L001_GeMoMa.gff --override"
	User time (seconds): 1469.58
	System time (seconds): 38.78
	Percent of CPU this job got: 788%
	Elapsed (wall clock) time (h:mm:ss or m:ss): 3:11.33
	Average shared text size (kbytes): 0
	Average unshared data size (kbytes): 0
	Average stack size (kbytes): 0
	Average total size (kbytes): 0
	Maximum resident set size (kbytes): 3785936
	Average resident set size (kbytes): 0
	Major (requiring I/O) page faults: 216
	Minor (reclaiming a frame) page faults: 599476
	Voluntary context switches: 1587596
	Involuntary context switches: 43570
	Swaps: 0
	File system inputs: 1950040
	File system outputs: 238312
	Socket messages sent: 0
	Socket messages received: 0
	Signals delivered: 0
	Page size (bytes): 4096
	Exit status: 0
