[1;32mFunctional annotation of hits...[0m
[1;32mDecorating gff file /home/hice1/sfang86/Documents/B2_Final_gff_16/results/gemoma/B1180975_S01_L001/B1180975_S01_L001_GeMoMa.gff...[0m
500 5.04185676574707 99.17 q/s (% mem usage: 6.30, % mem avail: 93.70)
1000 6.8385632038116455 146.23 q/s (% mem usage: 6.30, % mem avail: 93.69)
1500 8.75137186050415 171.40 q/s (% mem usage: 6.30, % mem avail: 93.69)
1502 8.798965692520142 170.70 q/s (% mem usage: 6.20, % mem avail: 93.76)
	Command being timed: "emapper.py -i /home/hice1/sfang86/Documents/B2_Final_gff_16/results/gemoma/B1180975_S01_L001/B1180975_S01_L001_predicted_proteins_clean.faa --output B1180975_S01_L001 --output_dir /home/hice1/sfang86/Documents/B2_Final_gff_16/results/eggnog/B1180975_S01_L001 --data_dir /home/hice1/sfang86/scratch/eggnog_db --cpu 16 --tax_scope bacteria --go_evidence all --decorate_gff /home/hice1/sfang86/Documents/B2_Final_gff_16/results/gemoma/B1180975_S01_L001/B1180975_S01_L001_GeMoMa.gff --override"
	User time (seconds): 1421.32
	System time (seconds): 41.22
	Percent of CPU this job got: 790%
	Elapsed (wall clock) time (h:mm:ss or m:ss): 3:05.07
	Average shared text size (kbytes): 0
	Average unshared data size (kbytes): 0
	Average stack size (kbytes): 0
	Average total size (kbytes): 0
	Maximum resident set size (kbytes): 3617028
	Average resident set size (kbytes): 0
	Major (requiring I/O) page faults: 339
	Minor (reclaiming a frame) page faults: 650458
	Voluntary context switches: 1787004
	Involuntary context switches: 43297
	Swaps: 0
	File system inputs: 17179632
	File system outputs: 238224
	Socket messages sent: 0
	Socket messages received: 0
	Signals delivered: 0
	Page size (bytes): 4096
	Exit status: 0
