[1;32mFunctional annotation of hits...[0m
[1;32mDecorating gff file /home/hice1/sfang86/Documents/B2_Final_gff_16/results/gemoma/B1181151_S01_L001/B1181151_S01_L001_GeMoMa.gff...[0m
500 3.0233938694000244 165.38 q/s (% mem usage: 6.30, % mem avail: 93.68)
1000 5.107503414154053 195.79 q/s (% mem usage: 6.30, % mem avail: 93.67)
1500 7.36162257194519 203.76 q/s (% mem usage: 6.30, % mem avail: 93.66)
1505 7.4142420291900635 202.99 q/s (% mem usage: 6.30, % mem avail: 93.74)
	Command being timed: "emapper.py -i /home/hice1/sfang86/Documents/B2_Final_gff_16/results/gemoma/B1181151_S01_L001/B1181151_S01_L001_predicted_proteins_clean.faa --output B1181151_S01_L001 --output_dir /home/hice1/sfang86/Documents/B2_Final_gff_16/results/eggnog/B1181151_S01_L001 --data_dir /home/hice1/sfang86/scratch/eggnog_db --cpu 16 --tax_scope bacteria --go_evidence all --decorate_gff /home/hice1/sfang86/Documents/B2_Final_gff_16/results/gemoma/B1181151_S01_L001/B1181151_S01_L001_GeMoMa.gff --override"
	User time (seconds): 1445.73
	System time (seconds): 43.91
	Percent of CPU this job got: 836%
	Elapsed (wall clock) time (h:mm:ss or m:ss): 2:58.11
	Average shared text size (kbytes): 0
	Average unshared data size (kbytes): 0
	Average stack size (kbytes): 0
	Average total size (kbytes): 0
	Maximum resident set size (kbytes): 3753000
	Average resident set size (kbytes): 0
	Major (requiring I/O) page faults: 220
	Minor (reclaiming a frame) page faults: 644716
	Voluntary context switches: 1799177
	Involuntary context switches: 38611
	Swaps: 0
	File system inputs: 0
	File system outputs: 238288
	Socket messages sent: 0
	Socket messages received: 0
	Signals delivered: 0
	Page size (bytes): 4096
	Exit status: 0
