[1;32mFunctional annotation of hits...[0m
[1;32mDecorating gff file /home/hice1/sfang86/Documents/B2_Final_gff_16/results/gemoma/B1182970_S01_L001/B1182970_S01_L001_GeMoMa.gff...[0m
500 2.6090564727783203 191.64 q/s (% mem usage: 6.30, % mem avail: 93.66)
1000 4.392282962799072 227.67 q/s (% mem usage: 6.80, % mem avail: 93.22)
1499 6.423343181610107 233.37 q/s (% mem usage: 6.70, % mem avail: 93.29)
	Command being timed: "emapper.py -i /home/hice1/sfang86/Documents/B2_Final_gff_16/results/gemoma/B1182970_S01_L001/B1182970_S01_L001_predicted_proteins_clean.faa --output B1182970_S01_L001 --output_dir /home/hice1/sfang86/Documents/B2_Final_gff_16/results/eggnog/B1182970_S01_L001 --data_dir /home/hice1/sfang86/scratch/eggnog_db --cpu 16 --tax_scope bacteria --go_evidence all --decorate_gff /home/hice1/sfang86/Documents/B2_Final_gff_16/results/gemoma/B1182970_S01_L001/B1182970_S01_L001_GeMoMa.gff --override"
	User time (seconds): 1474.93
	System time (seconds): 39.23
	Percent of CPU this job got: 880%
	Elapsed (wall clock) time (h:mm:ss or m:ss): 2:52.02
	Average shared text size (kbytes): 0
	Average unshared data size (kbytes): 0
	Average stack size (kbytes): 0
	Average total size (kbytes): 0
	Maximum resident set size (kbytes): 3732108
	Average resident set size (kbytes): 0
	Major (requiring I/O) page faults: 355
	Minor (reclaiming a frame) page faults: 655145
	Voluntary context switches: 1834806
	Involuntary context switches: 37553
	Swaps: 0
	File system inputs: 32
	File system outputs: 238240
	Socket messages sent: 0
	Socket messages received: 0
	Signals delivered: 0
	Page size (bytes): 4096
	Exit status: 0
