[1;32mFunctional annotation of hits...[0m
[1;32mDecorating gff file /home/hice1/sfang86/Documents/B2_Final_gff_16/results/gemoma/B1181158_S01_L001/B1181158_S01_L001_GeMoMa.gff...[0m
500 3.2915852069854736 151.90 q/s (% mem usage: 6.30, % mem avail: 93.67)
1000 5.04264760017395 198.31 q/s (% mem usage: 6.30, % mem avail: 93.67)
1500 6.989749431610107 214.60 q/s (% mem usage: 6.30, % mem avail: 93.67)
1502 7.115269899368286 211.10 q/s (% mem usage: 6.30, % mem avail: 93.72)
	Command being timed: "emapper.py -i /home/hice1/sfang86/Documents/B2_Final_gff_16/results/gemoma/B1181158_S01_L001/B1181158_S01_L001_predicted_proteins_clean.faa --output B1181158_S01_L001 --output_dir /home/hice1/sfang86/Documents/B2_Final_gff_16/results/eggnog/B1181158_S01_L001 --data_dir /home/hice1/sfang86/scratch/eggnog_db --cpu 16 --tax_scope bacteria --go_evidence all --decorate_gff /home/hice1/sfang86/Documents/B2_Final_gff_16/results/gemoma/B1181158_S01_L001/B1181158_S01_L001_GeMoMa.gff --override"
	User time (seconds): 1434.66
	System time (seconds): 37.99
	Percent of CPU this job got: 849%
	Elapsed (wall clock) time (h:mm:ss or m:ss): 2:53.38
	Average shared text size (kbytes): 0
	Average unshared data size (kbytes): 0
	Average stack size (kbytes): 0
	Average total size (kbytes): 0
	Maximum resident set size (kbytes): 3657820
	Average resident set size (kbytes): 0
	Major (requiring I/O) page faults: 143
	Minor (reclaiming a frame) page faults: 658844
	Voluntary context switches: 1832137
	Involuntary context switches: 37681
	Swaps: 0
	File system inputs: 0
	File system outputs: 237184
	Socket messages sent: 0
	Socket messages received: 0
	Signals delivered: 0
	Page size (bytes): 4096
	Exit status: 0
