[1;32mFunctional annotation of hits...[0m
[1;32mDecorating gff file /home/hice1/sfang86/Documents/B2_Final_gff_16/results/gemoma/B1180909_S01_L001/B1180909_S01_L001_GeMoMa.gff...[0m
500 4.892255544662476 102.20 q/s (% mem usage: 5.40, % mem avail: 94.61)
1000 6.637308835983276 150.66 q/s (% mem usage: 5.40, % mem avail: 94.59)
1500 8.620574474334717 174.00 q/s (% mem usage: 5.40, % mem avail: 94.59)
1502 8.675321578979492 173.13 q/s (% mem usage: 5.30, % mem avail: 94.66)
	Command being timed: "emapper.py -i /home/hice1/sfang86/Documents/B2_Final_gff_16/results/gemoma/B1180909_S01_L001/B1180909_S01_L001_predicted_proteins_clean.faa --output B1180909_S01_L001 --output_dir /home/hice1/sfang86/Documents/B2_Final_gff_16/results/eggnog/B1180909_S01_L001 --data_dir /home/hice1/sfang86/scratch/eggnog_db --cpu 16 --tax_scope bacteria --go_evidence all --decorate_gff /home/hice1/sfang86/Documents/B2_Final_gff_16/results/gemoma/B1180909_S01_L001/B1180909_S01_L001_GeMoMa.gff --override"
	User time (seconds): 1442.02
	System time (seconds): 43.64
	Percent of CPU this job got: 830%
	Elapsed (wall clock) time (h:mm:ss or m:ss): 2:58.90
	Average shared text size (kbytes): 0
	Average unshared data size (kbytes): 0
	Average stack size (kbytes): 0
	Average total size (kbytes): 0
	Maximum resident set size (kbytes): 3707972
	Average resident set size (kbytes): 0
	Major (requiring I/O) page faults: 271
	Minor (reclaiming a frame) page faults: 584455
	Voluntary context switches: 1824368
	Involuntary context switches: 42530
	Swaps: 0
	File system inputs: 955992
	File system outputs: 237352
	Socket messages sent: 0
	Socket messages received: 0
	Signals delivered: 0
	Page size (bytes): 4096
	Exit status: 0
