[1;32mFunctional annotation of hits...[0m
[1;32mDecorating gff file /home/hice1/sfang86/Documents/B2_Final_gff_16/results/gemoma/B1182034_S01_L001/B1182034_S01_L001_GeMoMa.gff...[0m
500 3.292616844177246 151.85 q/s (% mem usage: 7.60, % mem avail: 92.38)
1000 5.21088719367981 191.91 q/s (% mem usage: 7.60, % mem avail: 92.36)
1500 7.187726020812988 208.69 q/s (% mem usage: 7.60, % mem avail: 92.37)
1506 7.219439506530762 208.60 q/s (% mem usage: 7.60, % mem avail: 92.43)
	Command being timed: "emapper.py -i /home/hice1/sfang86/Documents/B2_Final_gff_16/results/gemoma/B1182034_S01_L001/B1182034_S01_L001_predicted_proteins_clean.faa --output B1182034_S01_L001 --output_dir /home/hice1/sfang86/Documents/B2_Final_gff_16/results/eggnog/B1182034_S01_L001 --data_dir /home/hice1/sfang86/scratch/eggnog_db --cpu 16 --tax_scope bacteria --go_evidence all --decorate_gff /home/hice1/sfang86/Documents/B2_Final_gff_16/results/gemoma/B1182034_S01_L001/B1182034_S01_L001_GeMoMa.gff --override"
	User time (seconds): 1465.91
	System time (seconds): 38.25
	Percent of CPU this job got: 729%
	Elapsed (wall clock) time (h:mm:ss or m:ss): 3:26.31
	Average shared text size (kbytes): 0
	Average unshared data size (kbytes): 0
	Average stack size (kbytes): 0
	Average total size (kbytes): 0
	Maximum resident set size (kbytes): 3785116
	Average resident set size (kbytes): 0
	Major (requiring I/O) page faults: 252
	Minor (reclaiming a frame) page faults: 585583
	Voluntary context switches: 1809387
	Involuntary context switches: 56890
	Swaps: 0
	File system inputs: 119344
	File system outputs: 238432
	Socket messages sent: 0
	Socket messages received: 0
	Signals delivered: 0
	Page size (bytes): 4096
	Exit status: 0
