[1;32mFunctional annotation of hits...[0m
[1;32mDecorating gff file /home/hice1/sfang86/Documents/B2_Final_gff_16/results/gemoma/B1181159_S01_L001/B1181159_S01_L001_GeMoMa.gff...[0m
500 2.5491583347320557 196.14 q/s (% mem usage: 6.30, % mem avail: 93.67)
1000 4.49969482421875 222.24 q/s (% mem usage: 6.30, % mem avail: 93.66)
1500 6.536831378936768 229.47 q/s (% mem usage: 6.30, % mem avail: 93.67)
1503 6.627405405044556 226.79 q/s (% mem usage: 6.30, % mem avail: 93.73)
	Command being timed: "emapper.py -i /home/hice1/sfang86/Documents/B2_Final_gff_16/results/gemoma/B1181159_S01_L001/B1181159_S01_L001_predicted_proteins_clean.faa --output B1181159_S01_L001 --output_dir /home/hice1/sfang86/Documents/B2_Final_gff_16/results/eggnog/B1181159_S01_L001 --data_dir /home/hice1/sfang86/scratch/eggnog_db --cpu 16 --tax_scope bacteria --go_evidence all --decorate_gff /home/hice1/sfang86/Documents/B2_Final_gff_16/results/gemoma/B1181159_S01_L001/B1181159_S01_L001_GeMoMa.gff --override"
	User time (seconds): 1435.08
	System time (seconds): 38.06
	Percent of CPU this job got: 848%
	Elapsed (wall clock) time (h:mm:ss or m:ss): 2:53.71
	Average shared text size (kbytes): 0
	Average unshared data size (kbytes): 0
	Average stack size (kbytes): 0
	Average total size (kbytes): 0
	Maximum resident set size (kbytes): 3725864
	Average resident set size (kbytes): 0
	Major (requiring I/O) page faults: 84
	Minor (reclaiming a frame) page faults: 646865
	Voluntary context switches: 1790670
	Involuntary context switches: 37370
	Swaps: 0
	File system inputs: 0
	File system outputs: 238200
	Socket messages sent: 0
	Socket messages received: 0
	Signals delivered: 0
	Page size (bytes): 4096
	Exit status: 0
