[1;32mFunctional annotation of hits...[0m
[1;32mDecorating gff file /home/hice1/sfang86/Documents/B2_Final_gff_16/results/gemoma/B1182969_S01_L001/B1182969_S01_L001_GeMoMa.gff...[0m
500 5.5130767822265625 90.69 q/s (% mem usage: 6.80, % mem avail: 93.24)
1000 7.283811330795288 137.29 q/s (% mem usage: 6.80, % mem avail: 93.23)
1494 9.808175802230835 152.32 q/s (% mem usage: 6.70, % mem avail: 93.30)
	Command being timed: "emapper.py -i /home/hice1/sfang86/Documents/B2_Final_gff_16/results/gemoma/B1182969_S01_L001/B1182969_S01_L001_predicted_proteins_clean.faa --output B1182969_S01_L001 --output_dir /home/hice1/sfang86/Documents/B2_Final_gff_16/results/eggnog/B1182969_S01_L001 --data_dir /home/hice1/sfang86/scratch/eggnog_db --cpu 16 --tax_scope bacteria --go_evidence all --decorate_gff /home/hice1/sfang86/Documents/B2_Final_gff_16/results/gemoma/B1182969_S01_L001/B1182969_S01_L001_GeMoMa.gff --override"
	User time (seconds): 1465.75
	System time (seconds): 39.99
	Percent of CPU this job got: 847%
	Elapsed (wall clock) time (h:mm:ss or m:ss): 2:57.67
	Average shared text size (kbytes): 0
	Average unshared data size (kbytes): 0
	Average stack size (kbytes): 0
	Average total size (kbytes): 0
	Maximum resident set size (kbytes): 3697120
	Average resident set size (kbytes): 0
	Major (requiring I/O) page faults: 233
	Minor (reclaiming a frame) page faults: 675801
	Voluntary context switches: 1779024
	Involuntary context switches: 53282
	Swaps: 0
	File system inputs: 112784
	File system outputs: 238064
	Socket messages sent: 0
	Socket messages received: 0
	Signals delivered: 0
	Page size (bytes): 4096
	Exit status: 0
