[1;32mFunctional annotation of hits...[0m
[1;32mDecorating gff file /home/hice1/sfang86/Documents/B2_Final_gff_16/results/gemoma/B1220214_S01_L001/B1220214_S01_L001_GeMoMa.gff...[0m
500 4.853085517883301 103.03 q/s (% mem usage: 6.90, % mem avail: 93.14)
1000 8.46568489074707 118.12 q/s (% mem usage: 6.90, % mem avail: 93.13)
1491 8.532009601593018 174.75 q/s (% mem usage: 6.80, % mem avail: 93.20)
	Command being timed: "emapper.py -i /home/hice1/sfang86/Documents/B2_Final_gff_16/results/gemoma/B1220214_S01_L001/B1220214_S01_L001_predicted_proteins_clean.faa --output B1220214_S01_L001 --output_dir /home/hice1/sfang86/Documents/B2_Final_gff_16/results/eggnog/B1220214_S01_L001 --data_dir /home/hice1/sfang86/scratch/eggnog_db --cpu 16 --tax_scope bacteria --go_evidence all --decorate_gff /home/hice1/sfang86/Documents/B2_Final_gff_16/results/gemoma/B1220214_S01_L001/B1220214_S01_L001_GeMoMa.gff --override"
	User time (seconds): 1448.90
	System time (seconds): 38.87
	Percent of CPU this job got: 747%
	Elapsed (wall clock) time (h:mm:ss or m:ss): 3:19.11
	Average shared text size (kbytes): 0
	Average unshared data size (kbytes): 0
	Average stack size (kbytes): 0
	Average total size (kbytes): 0
	Maximum resident set size (kbytes): 3697556
	Average resident set size (kbytes): 0
	Major (requiring I/O) page faults: 170
	Minor (reclaiming a frame) page faults: 630435
	Voluntary context switches: 1795550
	Involuntary context switches: 51496
	Swaps: 0
	File system inputs: 0
	File system outputs: 238128
	Socket messages sent: 0
	Socket messages received: 0
	Signals delivered: 0
	Page size (bytes): 4096
	Exit status: 0
