[1;32mFunctional annotation of hits...[0m
[1;32mDecorating gff file /home/hice1/sfang86/Documents/B2_Final_gff_16/results/gemoma/B1330897_S01_L001/B1330897_S01_L001_GeMoMa.gff...[0m
500 8.870867729187012 56.36 q/s (% mem usage: 7.70, % mem avail: 92.32)
1000 10.606611728668213 94.28 q/s (% mem usage: 7.70, % mem avail: 92.31)
1497 12.534404754638672 119.43 q/s (% mem usage: 7.60, % mem avail: 92.37)
	Command being timed: "emapper.py -i /home/hice1/sfang86/Documents/B2_Final_gff_16/results/gemoma/B1330897_S01_L001/B1330897_S01_L001_predicted_proteins_clean.faa --output B1330897_S01_L001 --output_dir /home/hice1/sfang86/Documents/B2_Final_gff_16/results/eggnog/B1330897_S01_L001 --data_dir /home/hice1/sfang86/scratch/eggnog_db --cpu 16 --tax_scope bacteria --go_evidence all --decorate_gff /home/hice1/sfang86/Documents/B2_Final_gff_16/results/gemoma/B1330897_S01_L001/B1330897_S01_L001_GeMoMa.gff --override"
	User time (seconds): 1470.93
	System time (seconds): 38.69
	Percent of CPU this job got: 778%
	Elapsed (wall clock) time (h:mm:ss or m:ss): 3:13.82
	Average shared text size (kbytes): 0
	Average unshared data size (kbytes): 0
	Average stack size (kbytes): 0
	Average total size (kbytes): 0
	Maximum resident set size (kbytes): 3737332
	Average resident set size (kbytes): 0
	Major (requiring I/O) page faults: 77
	Minor (reclaiming a frame) page faults: 687224
	Voluntary context switches: 1821833
	Involuntary context switches: 36206
	Swaps: 0
	File system inputs: 95096
	File system outputs: 238232
	Socket messages sent: 0
	Socket messages received: 0
	Signals delivered: 0
	Page size (bytes): 4096
	Exit status: 0
