[1;32mFunctional annotation of hits...[0m
[1;32mDecorating gff file /home/hice1/sfang86/Documents/B2_Final_gff_16/results/gemoma/B1354959_S01_L001/B1354959_S01_L001_GeMoMa.gff...[0m
500 2.4796202182769775 201.64 q/s (% mem usage: 7.70, % mem avail: 92.32)
1000 6.16240382194519 162.27 q/s (% mem usage: 7.70, % mem avail: 92.31)
1494 6.233947277069092 239.66 q/s (% mem usage: 7.60, % mem avail: 92.38)
	Command being timed: "emapper.py -i /home/hice1/sfang86/Documents/B2_Final_gff_16/results/gemoma/B1354959_S01_L001/B1354959_S01_L001_predicted_proteins_clean.faa --output B1354959_S01_L001 --output_dir /home/hice1/sfang86/Documents/B2_Final_gff_16/results/eggnog/B1354959_S01_L001 --data_dir /home/hice1/sfang86/scratch/eggnog_db --cpu 16 --tax_scope bacteria --go_evidence all --decorate_gff /home/hice1/sfang86/Documents/B2_Final_gff_16/results/gemoma/B1354959_S01_L001/B1354959_S01_L001_GeMoMa.gff --override"
	User time (seconds): 1474.92
	System time (seconds): 39.23
	Percent of CPU this job got: 830%
	Elapsed (wall clock) time (h:mm:ss or m:ss): 3:02.39
	Average shared text size (kbytes): 0
	Average unshared data size (kbytes): 0
	Average stack size (kbytes): 0
	Average total size (kbytes): 0
	Maximum resident set size (kbytes): 3746044
	Average resident set size (kbytes): 0
	Major (requiring I/O) page faults: 149
	Minor (reclaiming a frame) page faults: 665981
	Voluntary context switches: 1796591
	Involuntary context switches: 35373
	Swaps: 0
	File system inputs: 0
	File system outputs: 238184
	Socket messages sent: 0
	Socket messages received: 0
	Signals delivered: 0
	Page size (bytes): 4096
	Exit status: 0
