[1;32mFunctional annotation of hits...[0m
[1;32mDecorating gff file /home/hice1/sfang86/Documents/B2_Final_gff_16/results/gemoma/B1367104_S01_L001/B1367104_S01_L001_GeMoMa.gff...[0m
500 2.6166112422943115 191.09 q/s (% mem usage: 7.60, % mem avail: 92.40)
1000 4.450258016586304 224.71 q/s (% mem usage: 7.60, % mem avail: 92.40)
1496 6.370132207870483 234.85 q/s (% mem usage: 7.50, % mem avail: 92.46)
	Command being timed: "emapper.py -i /home/hice1/sfang86/Documents/B2_Final_gff_16/results/gemoma/B1367104_S01_L001/B1367104_S01_L001_predicted_proteins_clean.faa --output B1367104_S01_L001 --output_dir /home/hice1/sfang86/Documents/B2_Final_gff_16/results/eggnog/B1367104_S01_L001 --data_dir /home/hice1/sfang86/scratch/eggnog_db --cpu 16 --tax_scope bacteria --go_evidence all --decorate_gff /home/hice1/sfang86/Documents/B2_Final_gff_16/results/gemoma/B1367104_S01_L001/B1367104_S01_L001_GeMoMa.gff --override"
	User time (seconds): 1465.24
	System time (seconds): 39.52
	Percent of CPU this job got: 796%
	Elapsed (wall clock) time (h:mm:ss or m:ss): 3:09.01
	Average shared text size (kbytes): 0
	Average unshared data size (kbytes): 0
	Average stack size (kbytes): 0
	Average total size (kbytes): 0
	Maximum resident set size (kbytes): 3688700
	Average resident set size (kbytes): 0
	Major (requiring I/O) page faults: 181
	Minor (reclaiming a frame) page faults: 622185
	Voluntary context switches: 1825335
	Involuntary context switches: 37524
	Swaps: 0
	File system inputs: 9506568
	File system outputs: 238368
	Socket messages sent: 0
	Socket messages received: 0
	Signals delivered: 0
	Page size (bytes): 4096
	Exit status: 0
