[1;32mFunctional annotation of hits...[0m
[1;32mDecorating gff file /home/hice1/sfang86/Documents/B2_Final_gff_16/results/gemoma/B1367131_S01_L001/B1367131_S01_L001_GeMoMa.gff...[0m
500 22.382102727890015 22.34 q/s (% mem usage: 6.70, % mem avail: 93.28)
1000 76.29921746253967 13.11 q/s (% mem usage: 7.70, % mem avail: 92.29)
1493 76.41221523284912 19.54 q/s (% mem usage: 7.60, % mem avail: 92.36)
	Command being timed: "emapper.py -i /home/hice1/sfang86/Documents/B2_Final_gff_16/results/gemoma/B1367131_S01_L001/B1367131_S01_L001_predicted_proteins_clean.faa --output B1367131_S01_L001 --output_dir /home/hice1/sfang86/Documents/B2_Final_gff_16/results/eggnog/B1367131_S01_L001 --data_dir /home/hice1/sfang86/scratch/eggnog_db --cpu 16 --tax_scope bacteria --go_evidence all --decorate_gff /home/hice1/sfang86/Documents/B2_Final_gff_16/results/gemoma/B1367131_S01_L001/B1367131_S01_L001_GeMoMa.gff --override"
	User time (seconds): 1459.43
	System time (seconds): 36.80
	Percent of CPU this job got: 604%
	Elapsed (wall clock) time (h:mm:ss or m:ss): 4:07.63
	Average shared text size (kbytes): 0
	Average unshared data size (kbytes): 0
	Average stack size (kbytes): 0
	Average total size (kbytes): 0
	Maximum resident set size (kbytes): 3700628
	Average resident set size (kbytes): 0
	Major (requiring I/O) page faults: 251
	Minor (reclaiming a frame) page faults: 674299
	Voluntary context switches: 1381308
	Involuntary context switches: 34084
	Swaps: 0
	File system inputs: 4350720
	File system outputs: 238072
	Socket messages sent: 0
	Socket messages received: 0
	Signals delivered: 0
	Page size (bytes): 4096
	Exit status: 0
