[1;32mFunctional annotation of hits...[0m
[1;32mDecorating gff file /home/hice1/sfang86/Documents/B2_Final_gff_16/results/gemoma/B1399833_S01_L001/B1399833_S01_L001_GeMoMa.gff...[0m
500 5.734155178070068 87.20 q/s (% mem usage: 6.80, % mem avail: 93.15)
1000 8.974016666412354 111.43 q/s (% mem usage: 6.90, % mem avail: 93.12)
1494 9.334421634674072 160.05 q/s (% mem usage: 6.80, % mem avail: 93.20)
	Command being timed: "emapper.py -i /home/hice1/sfang86/Documents/B2_Final_gff_16/results/gemoma/B1399833_S01_L001/B1399833_S01_L001_predicted_proteins_clean.faa --output B1399833_S01_L001 --output_dir /home/hice1/sfang86/Documents/B2_Final_gff_16/results/eggnog/B1399833_S01_L001 --data_dir /home/hice1/sfang86/scratch/eggnog_db --cpu 16 --tax_scope bacteria --go_evidence all --decorate_gff /home/hice1/sfang86/Documents/B2_Final_gff_16/results/gemoma/B1399833_S01_L001/B1399833_S01_L001_GeMoMa.gff --override"
	User time (seconds): 1477.65
	System time (seconds): 40.57
	Percent of CPU this job got: 836%
	Elapsed (wall clock) time (h:mm:ss or m:ss): 3:01.47
	Average shared text size (kbytes): 0
	Average unshared data size (kbytes): 0
	Average stack size (kbytes): 0
	Average total size (kbytes): 0
	Maximum resident set size (kbytes): 3720296
	Average resident set size (kbytes): 0
	Major (requiring I/O) page faults: 362
	Minor (reclaiming a frame) page faults: 567220
	Voluntary context switches: 1830878
	Involuntary context switches: 30757
	Swaps: 0
	File system inputs: 0
	File system outputs: 237272
	Socket messages sent: 0
	Socket messages received: 0
	Signals delivered: 0
	Page size (bytes): 4096
	Exit status: 0
