[1;32mFunctional annotation of hits...[0m
[1;32mDecorating gff file /home/hice1/sfang86/Documents/B2_Final_gff_16/results/gemoma/B1838859_S01_L001/B1838859_S01_L001_GeMoMa.gff...[0m
500 2.8065953254699707 178.15 q/s (% mem usage: 7.00, % mem avail: 93.04)
1000 4.902911424636841 203.96 q/s (% mem usage: 7.00, % mem avail: 93.03)
1500 8.957427978515625 167.46 q/s (% mem usage: 7.00, % mem avail: 93.04)
1504 9.07056450843811 165.81 q/s (% mem usage: 6.90, % mem avail: 93.09)
	Command being timed: "emapper.py -i /home/hice1/sfang86/Documents/B2_Final_gff_16/results/gemoma/B1838859_S01_L001/B1838859_S01_L001_predicted_proteins_clean.faa --output B1838859_S01_L001 --output_dir /home/hice1/sfang86/Documents/B2_Final_gff_16/results/eggnog/B1838859_S01_L001 --data_dir /home/hice1/sfang86/scratch/eggnog_db --cpu 16 --tax_scope bacteria --go_evidence all --decorate_gff /home/hice1/sfang86/Documents/B2_Final_gff_16/results/gemoma/B1838859_S01_L001/B1838859_S01_L001_GeMoMa.gff --override"
	User time (seconds): 1475.78
	System time (seconds): 40.51
	Percent of CPU this job got: 822%
	Elapsed (wall clock) time (h:mm:ss or m:ss): 3:04.26
	Average shared text size (kbytes): 0
	Average unshared data size (kbytes): 0
	Average stack size (kbytes): 0
	Average total size (kbytes): 0
	Maximum resident set size (kbytes): 3731264
	Average resident set size (kbytes): 0
	Major (requiring I/O) page faults: 150
	Minor (reclaiming a frame) page faults: 646032
	Voluntary context switches: 1833237
	Involuntary context switches: 34806
	Swaps: 0
	File system inputs: 354768
	File system outputs: 238336
	Socket messages sent: 0
	Socket messages received: 0
	Signals delivered: 0
	Page size (bytes): 4096
	Exit status: 0
