[1;32mFunctional annotation of hits...[0m
[1;32mDecorating gff file /home/hice1/sfang86/Documents/B2_Final_gff_16/results/gemoma/B2092354_S01_L001/B2092354_S01_L001_GeMoMa.gff...[0m
500 2.7266857624053955 183.37 q/s (% mem usage: 7.70, % mem avail: 92.26)
1000 4.6519200801849365 214.96 q/s (% mem usage: 7.70, % mem avail: 92.26)
1498 8.479838371276855 176.65 q/s (% mem usage: 7.70, % mem avail: 92.32)
	Command being timed: "emapper.py -i /home/hice1/sfang86/Documents/B2_Final_gff_16/results/gemoma/B2092354_S01_L001/B2092354_S01_L001_predicted_proteins_clean.faa --output B2092354_S01_L001 --output_dir /home/hice1/sfang86/Documents/B2_Final_gff_16/results/eggnog/B2092354_S01_L001 --data_dir /home/hice1/sfang86/scratch/eggnog_db --cpu 16 --tax_scope bacteria --go_evidence all --decorate_gff /home/hice1/sfang86/Documents/B2_Final_gff_16/results/gemoma/B2092354_S01_L001/B2092354_S01_L001_GeMoMa.gff --override"
	User time (seconds): 1478.86
	System time (seconds): 39.57
	Percent of CPU this job got: 818%
	Elapsed (wall clock) time (h:mm:ss or m:ss): 3:05.62
	Average shared text size (kbytes): 0
	Average unshared data size (kbytes): 0
	Average stack size (kbytes): 0
	Average total size (kbytes): 0
	Maximum resident set size (kbytes): 3754840
	Average resident set size (kbytes): 0
	Major (requiring I/O) page faults: 213
	Minor (reclaiming a frame) page faults: 726165
	Voluntary context switches: 1734492
	Involuntary context switches: 34708
	Swaps: 0
	File system inputs: 118176
	File system outputs: 238408
	Socket messages sent: 0
	Socket messages received: 0
	Signals delivered: 0
	Page size (bytes): 4096
	Exit status: 0
