[1;32mFunctional annotation of hits...[0m
[1;32mDecorating gff file /home/hice1/sfang86/Documents/B2_Final_gff_16/results/gemoma/B2092301_S01_L001/B2092301_S01_L001_GeMoMa.gff...[0m
500 2.648777723312378 188.77 q/s (% mem usage: 6.90, % mem avail: 93.07)
1000 4.4411461353302 225.17 q/s (% mem usage: 6.90, % mem avail: 93.05)
1498 6.546641826629639 228.82 q/s (% mem usage: 6.90, % mem avail: 93.14)
	Command being timed: "emapper.py -i /home/hice1/sfang86/Documents/B2_Final_gff_16/results/gemoma/B2092301_S01_L001/B2092301_S01_L001_predicted_proteins_clean.faa --output B2092301_S01_L001 --output_dir /home/hice1/sfang86/Documents/B2_Final_gff_16/results/eggnog/B2092301_S01_L001 --data_dir /home/hice1/sfang86/scratch/eggnog_db --cpu 16 --tax_scope bacteria --go_evidence all --decorate_gff /home/hice1/sfang86/Documents/B2_Final_gff_16/results/gemoma/B2092301_S01_L001/B2092301_S01_L001_GeMoMa.gff --override"
	User time (seconds): 1484.51
	System time (seconds): 40.16
	Percent of CPU this job got: 829%
	Elapsed (wall clock) time (h:mm:ss or m:ss): 3:03.74
	Average shared text size (kbytes): 0
	Average unshared data size (kbytes): 0
	Average stack size (kbytes): 0
	Average total size (kbytes): 0
	Maximum resident set size (kbytes): 3742532
	Average resident set size (kbytes): 0
	Major (requiring I/O) page faults: 146
	Minor (reclaiming a frame) page faults: 665537
	Voluntary context switches: 1803763
	Involuntary context switches: 34656
	Swaps: 0
	File system inputs: 95160
	File system outputs: 238328
	Socket messages sent: 0
	Socket messages received: 0
	Signals delivered: 0
	Page size (bytes): 4096
	Exit status: 0
