[1;32mFunctional annotation of hits...[0m
[1;32mDecorating gff file /home/hice1/sfang86/Documents/B2_Final_gff_16/results/gemoma/B2092391_S01_L001/B2092391_S01_L001_GeMoMa.gff...[0m
500 3.9558653831481934 126.39 q/s (% mem usage: 7.70, % mem avail: 92.28)
1000 5.736034154891968 174.34 q/s (% mem usage: 7.70, % mem avail: 92.27)
1497 7.879252672195435 189.99 q/s (% mem usage: 7.70, % mem avail: 92.33)
	Command being timed: "emapper.py -i /home/hice1/sfang86/Documents/B2_Final_gff_16/results/gemoma/B2092391_S01_L001/B2092391_S01_L001_predicted_proteins_clean.faa --output B2092391_S01_L001 --output_dir /home/hice1/sfang86/Documents/B2_Final_gff_16/results/eggnog/B2092391_S01_L001 --data_dir /home/hice1/sfang86/scratch/eggnog_db --cpu 16 --tax_scope bacteria --go_evidence all --decorate_gff /home/hice1/sfang86/Documents/B2_Final_gff_16/results/gemoma/B2092391_S01_L001/B2092391_S01_L001_GeMoMa.gff --override"
	User time (seconds): 1479.32
	System time (seconds): 38.61
	Percent of CPU this job got: 827%
	Elapsed (wall clock) time (h:mm:ss or m:ss): 3:03.44
	Average shared text size (kbytes): 0
	Average unshared data size (kbytes): 0
	Average stack size (kbytes): 0
	Average total size (kbytes): 0
	Maximum resident set size (kbytes): 3761952
	Average resident set size (kbytes): 0
	Major (requiring I/O) page faults: 58
	Minor (reclaiming a frame) page faults: 659962
	Voluntary context switches: 1775494
	Involuntary context switches: 35874
	Swaps: 0
	File system inputs: 0
	File system outputs: 238232
	Socket messages sent: 0
	Socket messages received: 0
	Signals delivered: 0
	Page size (bytes): 4096
	Exit status: 0
