[2025-03-25 17:37:10] INFO: CheckM v1.2.3
[2025-03-25 17:37:10] INFO: checkm analyze --threads 16 -x fa Ng.markers /home/hice1/calnoubani3/Documents/B3_Final/checkm/asm/B1220214_S01_L001_contigs.fa /home/hice1/calnoubani3/Documents/B3_Final/checkm/checkm_output/B1220214_output
[2025-03-25 17:37:10] INFO: CheckM data: /home/hice1/calnoubani3/Documents/B3_Final/checkm/db
[2025-03-25 17:37:10] INFO: [CheckM - analyze] Identifying marker genes in bins.
[2025-03-25 17:43:26] INFO: CheckM v1.2.3
[2025-03-25 17:43:26] INFO: checkm analyze --threads 16 -x fa Ng.markers /home/hice1/calnoubani3/Documents/B3_Final/checkm/checkm_output/B1220214_output/bins_input /home/hice1/calnoubani3/Documents/B3_Final/checkm/checkm_output/B1220214_output
[2025-03-25 17:43:26] INFO: CheckM data: /home/hice1/calnoubani3/Documents/B3_Final/checkm/db
[2025-03-25 17:43:26] INFO: [CheckM - analyze] Identifying marker genes in bins.
[2025-03-25 17:43:26] INFO: Identifying marker genes in 1 bins with 16 threads:
[2025-03-25 18:04:05] INFO: CheckM v1.2.3
[2025-03-25 18:04:05] INFO: checkm analyze --threads 16 -x fa Ng.markers /home/hice1/calnoubani3/Documents/B3_Final/checkm/checkm_output/B1220214_output/bins_input /home/hice1/calnoubani3/Documents/B3_Final/checkm/checkm_output/B1220214_output
[2025-03-25 18:04:05] INFO: CheckM data: /home/hice1/calnoubani3/Documents/B3_Final/checkm/db
[2025-03-25 18:04:05] INFO: [CheckM - analyze] Identifying marker genes in bins.
[2025-03-25 18:04:05] INFO: Identifying marker genes in 1 bins with 16 threads:
[2025-03-25 18:04:55] INFO: Saving HMM info to file.
[2025-03-25 18:04:55] INFO: { Current stage: 0:00:50.215 || Total: 0:00:50.215 }
[2025-03-25 18:04:55] INFO: Parsing HMM hits to marker genes:
[2025-03-25 18:04:55] INFO: Aligning marker genes with multiple hits in a single bin:
[2025-03-25 18:04:56] INFO: { Current stage: 0:00:00.724 || Total: 0:00:50.939 }
[2025-03-25 18:04:56] INFO: Calculating genome statistics for 1 bins with 16 threads:
[2025-03-25 18:04:56] INFO: { Current stage: 0:00:00.135 || Total: 0:00:51.075 }
