[2025-03-25 17:37:29] INFO: CheckM v1.2.3
[2025-03-25 17:37:29] INFO: checkm analyze --threads 16 -x fa Ng.markers /home/hice1/calnoubani3/Documents/B3_Final/checkm/asm/B2092391_S01_L001_contigs.fa /home/hice1/calnoubani3/Documents/B3_Final/checkm/checkm_output/B2092391_output
[2025-03-25 17:37:29] INFO: CheckM data: /home/hice1/calnoubani3/Documents/B3_Final/checkm/db
[2025-03-25 17:37:29] INFO: [CheckM - analyze] Identifying marker genes in bins.
[2025-03-25 17:48:42] INFO: CheckM v1.2.3
[2025-03-25 17:48:42] INFO: checkm analyze --threads 16 -x fa Ng.markers /home/hice1/calnoubani3/Documents/B3_Final/checkm/checkm_output/B2092391_output/bins_input /home/hice1/calnoubani3/Documents/B3_Final/checkm/checkm_output/B2092391_output
[2025-03-25 17:48:42] INFO: CheckM data: /home/hice1/calnoubani3/Documents/B3_Final/checkm/db
[2025-03-25 17:48:42] INFO: [CheckM - analyze] Identifying marker genes in bins.
[2025-03-25 17:48:42] INFO: Identifying marker genes in 1 bins with 16 threads:
[2025-03-25 17:49:39] INFO: Saving HMM info to file.
[2025-03-25 17:49:39] INFO: { Current stage: 0:00:56.929 || Total: 0:00:56.929 }
[2025-03-25 17:49:39] INFO: Parsing HMM hits to marker genes:
[2025-03-25 17:49:39] INFO: Aligning marker genes with multiple hits in a single bin:
[2025-03-25 17:49:39] INFO: { Current stage: 0:00:00.192 || Total: 0:00:57.121 }
[2025-03-25 17:49:39] INFO: Calculating genome statistics for 1 bins with 16 threads:
[2025-03-25 17:49:39] INFO: { Current stage: 0:00:00.069 || Total: 0:00:57.191 }
[2025-03-25 18:16:21] INFO: CheckM v1.2.3
[2025-03-25 18:16:21] INFO: checkm analyze --threads 16 -x fa Ng.markers /home/hice1/calnoubani3/Documents/B3_Final/checkm/checkm_output/B2092391_output/bins_input /home/hice1/calnoubani3/Documents/B3_Final/checkm/checkm_output/B2092391_output
[2025-03-25 18:16:21] INFO: CheckM data: /home/hice1/calnoubani3/Documents/B3_Final/checkm/db
[2025-03-25 18:16:21] INFO: [CheckM - analyze] Identifying marker genes in bins.
[2025-03-25 18:16:21] INFO: Identifying marker genes in 1 bins with 16 threads:
[2025-03-25 18:17:13] INFO: Saving HMM info to file.
[2025-03-25 18:17:13] INFO: { Current stage: 0:00:52.242 || Total: 0:00:52.242 }
[2025-03-25 18:17:13] INFO: Parsing HMM hits to marker genes:
[2025-03-25 18:17:13] INFO: Aligning marker genes with multiple hits in a single bin:
[2025-03-25 18:17:13] INFO: { Current stage: 0:00:00.182 || Total: 0:00:52.424 }
[2025-03-25 18:17:13] INFO: Calculating genome statistics for 1 bins with 16 threads:
[2025-03-25 18:17:13] INFO: { Current stage: 0:00:00.063 || Total: 0:00:52.487 }
