---------------------------------------
Begin Slurm Prolog: Mar-12-2025 03:37:31
Job ID:    2051184
User ID:   xyuan99
Account:   bios
Job name:  pipeline.sh
Partition: coc-cpu
QOS:       coc-ice
---------------------------------------
=== Software Versions ===
OS: Linux atl1-1-01-005-2-1.pace.gatech.edu 5.14.0-427.42.1.el9_4.x86_64 #1 SMP PREEMPT_DYNAMIC Fri Oct 18 14:35:40 EDT 2024 x86_64 x86_64 x86_64 GNU/Linux
Bash: GNU bash, version 5.0.18(1)-release (x86_64-pc-linux-gnu)
Python: Python 3.10.13
[2025-03-12 03:37:31] ========== GENOMIC ANNOTATION WORKFLOW STARTING ==========
Setting up conda environment...
Environment Prodigal_InterPro_Barrnap_v2 already exists, using directly
Activating conda environment: Prodigal_InterPro_Barrnap_v2
Verifying tool installations...
All tools successfully installed and verified
[2025-03-12 03:37:38] ===== Processing sample: B0993986_S01_L001_contigs =====
[2025-03-12 03:37:38] Processing B0993986_S01_L001_contigs with Prodigal...
[2025-03-12 03:38:14] Prodigal completed successfully for B0993986_S01_L001_contigs: 2147 CDS features identified
[2025-03-12 03:38:14] Processing B0993986_S01_L001_contigs with Barrnap...
[2025-03-12 03:38:15] Barrnap completed successfully for B0993986_S01_L001_contigs: 1 16S rRNA features identified
[2025-03-12 03:38:15] Processing B0993986_S01_L001_contigs with InterProScan...
[2025-03-12 03:39:32] InterProScan completed successfully for B0993986_S01_L001_contigs: 91 total domains identified
[2025-03-12 03:39:32] Generating final output files for B0993986_S01_L001_contigs...
[2025-03-12 03:39:32] Successfully created annotated GFF for B0993986_S01_L001_contigs
[2025-03-12 03:39:32] ===== Processing sample: B0994486_S01_L001_contigs =====
[2025-03-12 03:39:32] Processing B0994486_S01_L001_contigs with Prodigal...
[2025-03-12 03:40:10] Prodigal completed successfully for B0994486_S01_L001_contigs: 2154 CDS features identified
[2025-03-12 03:40:10] Processing B0994486_S01_L001_contigs with Barrnap...
[2025-03-12 03:40:11] Barrnap completed successfully for B0994486_S01_L001_contigs: 1 16S rRNA features identified
[2025-03-12 03:40:11] Processing B0994486_S01_L001_contigs with InterProScan...
[2025-03-12 03:41:28] InterProScan completed successfully for B0994486_S01_L001_contigs: 91 total domains identified
[2025-03-12 03:41:28] Generating final output files for B0994486_S01_L001_contigs...
[2025-03-12 03:41:28] Successfully created annotated GFF for B0994486_S01_L001_contigs
[2025-03-12 03:41:28] ===== Processing sample: B0994811_S01_L001_contigs =====
[2025-03-12 03:41:28] Processing B0994811_S01_L001_contigs with Prodigal...
[2025-03-12 03:42:04] Prodigal completed successfully for B0994811_S01_L001_contigs: 2144 CDS features identified
[2025-03-12 03:42:04] Processing B0994811_S01_L001_contigs with Barrnap...
[2025-03-12 03:42:05] Barrnap completed successfully for B0994811_S01_L001_contigs: 1 16S rRNA features identified
[2025-03-12 03:42:05] Processing B0994811_S01_L001_contigs with InterProScan...
[2025-03-12 03:43:20] InterProScan completed successfully for B0994811_S01_L001_contigs: 91 total domains identified
[2025-03-12 03:43:20] Generating final output files for B0994811_S01_L001_contigs...
[2025-03-12 03:43:20] Successfully created annotated GFF for B0994811_S01_L001_contigs
[2025-03-12 03:43:20] ===== Processing sample: B0994850_S01_L001_contigs =====
[2025-03-12 03:43:20] Processing B0994850_S01_L001_contigs with Prodigal...
[2025-03-12 03:43:58] Prodigal completed successfully for B0994850_S01_L001_contigs: 2142 CDS features identified
[2025-03-12 03:43:58] Processing B0994850_S01_L001_contigs with Barrnap...
[2025-03-12 03:43:58] Barrnap completed successfully for B0994850_S01_L001_contigs: 1 16S rRNA features identified
[2025-03-12 03:43:58] Processing B0994850_S01_L001_contigs with InterProScan...
[2025-03-12 03:45:20] InterProScan completed successfully for B0994850_S01_L001_contigs: 91 total domains identified
[2025-03-12 03:45:20] Generating final output files for B0994850_S01_L001_contigs...
[2025-03-12 03:45:20] Successfully created annotated GFF for B0994850_S01_L001_contigs
[2025-03-12 03:45:20] ===== Processing sample: B1180909_S01_L001_contigs =====
[2025-03-12 03:45:20] Processing B1180909_S01_L001_contigs with Prodigal...
[2025-03-12 03:45:57] Prodigal completed successfully for B1180909_S01_L001_contigs: 2155 CDS features identified
[2025-03-12 03:45:57] Processing B1180909_S01_L001_contigs with Barrnap...
[2025-03-12 03:45:58] Barrnap completed successfully for B1180909_S01_L001_contigs: 1 16S rRNA features identified
[2025-03-12 03:45:58] Processing B1180909_S01_L001_contigs with InterProScan...
[2025-03-12 03:47:15] InterProScan completed successfully for B1180909_S01_L001_contigs: 91 total domains identified
[2025-03-12 03:47:15] Generating final output files for B1180909_S01_L001_contigs...
[2025-03-12 03:47:15] Successfully created annotated GFF for B1180909_S01_L001_contigs
[2025-03-12 03:47:15] ===== Processing sample: B1180975_S01_L001_contigs =====
[2025-03-12 03:47:15] Processing B1180975_S01_L001_contigs with Prodigal...
[2025-03-12 03:47:52] Prodigal completed successfully for B1180975_S01_L001_contigs: 2155 CDS features identified
[2025-03-12 03:47:52] Processing B1180975_S01_L001_contigs with Barrnap...
[2025-03-12 03:47:53] Barrnap completed successfully for B1180975_S01_L001_contigs: 1 16S rRNA features identified
[2025-03-12 03:47:53] Processing B1180975_S01_L001_contigs with InterProScan...
[2025-03-12 03:49:06] InterProScan completed successfully for B1180975_S01_L001_contigs: 91 total domains identified
[2025-03-12 03:49:06] Generating final output files for B1180975_S01_L001_contigs...
[2025-03-12 03:49:06] Successfully created annotated GFF for B1180975_S01_L001_contigs
[2025-03-12 03:49:06] ===== Processing sample: B1181150_S01_L001_contigs =====
[2025-03-12 03:49:06] Processing B1181150_S01_L001_contigs with Prodigal...
[2025-03-12 03:49:42] Prodigal completed successfully for B1181150_S01_L001_contigs: 2151 CDS features identified
[2025-03-12 03:49:42] Processing B1181150_S01_L001_contigs with Barrnap...
[2025-03-12 03:49:43] Barrnap completed successfully for B1181150_S01_L001_contigs: 1 16S rRNA features identified
[2025-03-12 03:49:43] Processing B1181150_S01_L001_contigs with InterProScan...
[2025-03-12 03:50:56] InterProScan completed successfully for B1181150_S01_L001_contigs: 91 total domains identified
[2025-03-12 03:50:56] Generating final output files for B1181150_S01_L001_contigs...
[2025-03-12 03:50:56] Successfully created annotated GFF for B1181150_S01_L001_contigs
[2025-03-12 03:50:56] ===== Processing sample: B1181151_S01_L001_contigs =====
[2025-03-12 03:50:56] Processing B1181151_S01_L001_contigs with Prodigal...
[2025-03-12 03:51:33] Prodigal completed successfully for B1181151_S01_L001_contigs: 2143 CDS features identified
[2025-03-12 03:51:33] Processing B1181151_S01_L001_contigs with Barrnap...
[2025-03-12 03:51:34] Barrnap completed successfully for B1181151_S01_L001_contigs: 1 16S rRNA features identified
[2025-03-12 03:51:34] Processing B1181151_S01_L001_contigs with InterProScan...
[2025-03-12 03:52:50] InterProScan completed successfully for B1181151_S01_L001_contigs: 91 total domains identified
[2025-03-12 03:52:50] Generating final output files for B1181151_S01_L001_contigs...
[2025-03-12 03:52:50] Successfully created annotated GFF for B1181151_S01_L001_contigs
[2025-03-12 03:52:50] ===== Processing sample: B1181158_S01_L001_contigs =====
[2025-03-12 03:52:50] Processing B1181158_S01_L001_contigs with Prodigal...
[2025-03-12 03:53:27] Prodigal completed successfully for B1181158_S01_L001_contigs: 2143 CDS features identified
[2025-03-12 03:53:27] Processing B1181158_S01_L001_contigs with Barrnap...
[2025-03-12 03:53:28] Barrnap completed successfully for B1181158_S01_L001_contigs: 1 16S rRNA features identified
[2025-03-12 03:53:28] Processing B1181158_S01_L001_contigs with InterProScan...
[2025-03-12 03:54:44] InterProScan completed successfully for B1181158_S01_L001_contigs: 91 total domains identified
[2025-03-12 03:54:44] Generating final output files for B1181158_S01_L001_contigs...
[2025-03-12 03:54:44] Successfully created annotated GFF for B1181158_S01_L001_contigs
[2025-03-12 03:54:44] ===== Processing sample: B1181159_S01_L001_contigs =====
[2025-03-12 03:54:44] Processing B1181159_S01_L001_contigs with Prodigal...
[2025-03-12 03:55:21] Prodigal completed successfully for B1181159_S01_L001_contigs: 2137 CDS features identified
[2025-03-12 03:55:21] Processing B1181159_S01_L001_contigs with Barrnap...
[2025-03-12 03:55:22] Barrnap completed successfully for B1181159_S01_L001_contigs: 1 16S rRNA features identified
[2025-03-12 03:55:22] Processing B1181159_S01_L001_contigs with InterProScan...
[2025-03-12 03:56:39] InterProScan completed successfully for B1181159_S01_L001_contigs: 91 total domains identified
[2025-03-12 03:56:39] Generating final output files for B1181159_S01_L001_contigs...
[2025-03-12 03:56:39] Successfully created annotated GFF for B1181159_S01_L001_contigs
[2025-03-12 03:56:39] ===== Processing sample: B1181507_S01_L001_contigs =====
[2025-03-12 03:56:39] Processing B1181507_S01_L001_contigs with Prodigal...
[2025-03-12 03:57:15] Prodigal completed successfully for B1181507_S01_L001_contigs: 2154 CDS features identified
[2025-03-12 03:57:15] Processing B1181507_S01_L001_contigs with Barrnap...
[2025-03-12 03:57:16] Barrnap completed successfully for B1181507_S01_L001_contigs: 1 16S rRNA features identified
[2025-03-12 03:57:16] Processing B1181507_S01_L001_contigs with InterProScan...
[2025-03-12 03:58:37] InterProScan completed successfully for B1181507_S01_L001_contigs: 91 total domains identified
[2025-03-12 03:58:37] Generating final output files for B1181507_S01_L001_contigs...
[2025-03-12 03:58:37] Successfully created annotated GFF for B1181507_S01_L001_contigs
[2025-03-12 03:58:37] ===== Processing sample: B1181903_S01_L001_contigs =====
[2025-03-12 03:58:37] Processing B1181903_S01_L001_contigs with Prodigal...
[2025-03-12 03:59:13] Prodigal completed successfully for B1181903_S01_L001_contigs: 2154 CDS features identified
[2025-03-12 03:59:13] Processing B1181903_S01_L001_contigs with Barrnap...
[2025-03-12 03:59:14] Barrnap completed successfully for B1181903_S01_L001_contigs: 1 16S rRNA features identified
[2025-03-12 03:59:14] Processing B1181903_S01_L001_contigs with InterProScan...
[2025-03-12 04:00:28] InterProScan completed successfully for B1181903_S01_L001_contigs: 91 total domains identified
[2025-03-12 04:00:28] Generating final output files for B1181903_S01_L001_contigs...
[2025-03-12 04:00:28] Successfully created annotated GFF for B1181903_S01_L001_contigs
[2025-03-12 04:00:28] ===== Processing sample: B1182033_S01_L001_contigs =====
[2025-03-12 04:00:28] Processing B1182033_S01_L001_contigs with Prodigal...
[2025-03-12 04:01:05] Prodigal completed successfully for B1182033_S01_L001_contigs: 2141 CDS features identified
[2025-03-12 04:01:05] Processing B1182033_S01_L001_contigs with Barrnap...
[2025-03-12 04:01:06] Barrnap completed successfully for B1182033_S01_L001_contigs: 1 16S rRNA features identified
[2025-03-12 04:01:06] Processing B1182033_S01_L001_contigs with InterProScan...
[2025-03-12 04:02:25] InterProScan completed successfully for B1182033_S01_L001_contigs: 91 total domains identified
[2025-03-12 04:02:25] Generating final output files for B1182033_S01_L001_contigs...
[2025-03-12 04:02:25] Successfully created annotated GFF for B1182033_S01_L001_contigs
[2025-03-12 04:02:25] ===== Processing sample: B1182034_S01_L001_contigs =====
[2025-03-12 04:02:25] Processing B1182034_S01_L001_contigs with Prodigal...
[2025-03-12 04:03:02] Prodigal completed successfully for B1182034_S01_L001_contigs: 2148 CDS features identified
[2025-03-12 04:03:02] Processing B1182034_S01_L001_contigs with Barrnap...
[2025-03-12 04:03:03] Barrnap completed successfully for B1182034_S01_L001_contigs: 1 16S rRNA features identified
[2025-03-12 04:03:03] Processing B1182034_S01_L001_contigs with InterProScan...
[2025-03-12 04:04:25] InterProScan completed successfully for B1182034_S01_L001_contigs: 91 total domains identified
[2025-03-12 04:04:25] Generating final output files for B1182034_S01_L001_contigs...
[2025-03-12 04:04:25] Successfully created annotated GFF for B1182034_S01_L001_contigs
[2025-03-12 04:04:25] ===== Processing sample: B1182882_S01_L001_contigs =====
[2025-03-12 04:04:25] Processing B1182882_S01_L001_contigs with Prodigal...
[2025-03-12 04:05:01] Prodigal completed successfully for B1182882_S01_L001_contigs: 2147 CDS features identified
[2025-03-12 04:05:01] Processing B1182882_S01_L001_contigs with Barrnap...
[2025-03-12 04:05:02] Barrnap completed successfully for B1182882_S01_L001_contigs: 1 16S rRNA features identified
[2025-03-12 04:05:02] Processing B1182882_S01_L001_contigs with InterProScan...
[2025-03-12 04:06:23] InterProScan completed successfully for B1182882_S01_L001_contigs: 91 total domains identified
[2025-03-12 04:06:23] Generating final output files for B1182882_S01_L001_contigs...
[2025-03-12 04:06:23] Successfully created annotated GFF for B1182882_S01_L001_contigs
[2025-03-12 04:06:23] ===== Processing sample: B1182969_S01_L001_contigs =====
[2025-03-12 04:06:23] Processing B1182969_S01_L001_contigs with Prodigal...
[2025-03-12 04:06:59] Prodigal completed successfully for B1182969_S01_L001_contigs: 2151 CDS features identified
[2025-03-12 04:06:59] Processing B1182969_S01_L001_contigs with Barrnap...
[2025-03-12 04:07:00] Barrnap completed successfully for B1182969_S01_L001_contigs: 1 16S rRNA features identified
[2025-03-12 04:07:00] Processing B1182969_S01_L001_contigs with InterProScan...
[2025-03-12 04:08:16] InterProScan completed successfully for B1182969_S01_L001_contigs: 91 total domains identified
[2025-03-12 04:08:16] Generating final output files for B1182969_S01_L001_contigs...
[2025-03-12 04:08:17] Successfully created annotated GFF for B1182969_S01_L001_contigs
[2025-03-12 04:08:17] ===== Processing sample: B1182970_S01_L001_contigs =====
[2025-03-12 04:08:17] Processing B1182970_S01_L001_contigs with Prodigal...
[2025-03-12 04:08:53] Prodigal completed successfully for B1182970_S01_L001_contigs: 2145 CDS features identified
[2025-03-12 04:08:53] Processing B1182970_S01_L001_contigs with Barrnap...
[2025-03-12 04:08:54] Barrnap completed successfully for B1182970_S01_L001_contigs: 1 16S rRNA features identified
[2025-03-12 04:08:54] Processing B1182970_S01_L001_contigs with InterProScan...
[2025-03-12 04:10:13] InterProScan completed successfully for B1182970_S01_L001_contigs: 91 total domains identified
[2025-03-12 04:10:13] Generating final output files for B1182970_S01_L001_contigs...
[2025-03-12 04:10:13] Successfully created annotated GFF for B1182970_S01_L001_contigs
[2025-03-12 04:10:13] ===== Processing sample: B1183043_S01_L001_contigs =====
[2025-03-12 04:10:13] Processing B1183043_S01_L001_contigs with Prodigal...
[2025-03-12 04:10:49] Prodigal completed successfully for B1183043_S01_L001_contigs: 2145 CDS features identified
[2025-03-12 04:10:49] Processing B1183043_S01_L001_contigs with Barrnap...
[2025-03-12 04:10:50] Barrnap completed successfully for B1183043_S01_L001_contigs: 1 16S rRNA features identified
[2025-03-12 04:10:50] Processing B1183043_S01_L001_contigs with InterProScan...
[2025-03-12 04:12:10] InterProScan completed successfully for B1183043_S01_L001_contigs: 91 total domains identified
[2025-03-12 04:12:10] Generating final output files for B1183043_S01_L001_contigs...
[2025-03-12 04:12:10] Successfully created annotated GFF for B1183043_S01_L001_contigs
[2025-03-12 04:12:10] ===== Processing sample: B1183088_S01_L001_contigs =====
[2025-03-12 04:12:10] Processing B1183088_S01_L001_contigs with Prodigal...
[2025-03-12 04:12:47] Prodigal completed successfully for B1183088_S01_L001_contigs: 2142 CDS features identified
[2025-03-12 04:12:47] Processing B1183088_S01_L001_contigs with Barrnap...
[2025-03-12 04:12:48] Barrnap completed successfully for B1183088_S01_L001_contigs: 1 16S rRNA features identified
[2025-03-12 04:12:48] Processing B1183088_S01_L001_contigs with InterProScan...
[2025-03-12 04:14:08] InterProScan completed successfully for B1183088_S01_L001_contigs: 91 total domains identified
[2025-03-12 04:14:08] Generating final output files for B1183088_S01_L001_contigs...
[2025-03-12 04:14:08] Successfully created annotated GFF for B1183088_S01_L001_contigs
[2025-03-12 04:14:08] ===== Processing sample: B1220214_S01_L001_contigs =====
[2025-03-12 04:14:08] Processing B1220214_S01_L001_contigs with Prodigal...
[2025-03-12 04:14:43] Prodigal completed successfully for B1220214_S01_L001_contigs: 2150 CDS features identified
[2025-03-12 04:14:43] Processing B1220214_S01_L001_contigs with Barrnap...
[2025-03-12 04:14:44] Barrnap completed successfully for B1220214_S01_L001_contigs: 1 16S rRNA features identified
[2025-03-12 04:14:44] Processing B1220214_S01_L001_contigs with InterProScan...
[2025-03-12 04:16:01] InterProScan completed successfully for B1220214_S01_L001_contigs: 91 total domains identified
[2025-03-12 04:16:01] Generating final output files for B1220214_S01_L001_contigs...
[2025-03-12 04:16:01] Successfully created annotated GFF for B1220214_S01_L001_contigs
[2025-03-12 04:16:01] ===== Processing sample: B1299860_S01_L001_contigs =====
[2025-03-12 04:16:01] Processing B1299860_S01_L001_contigs with Prodigal...
[2025-03-12 04:16:35] Prodigal completed successfully for B1299860_S01_L001_contigs: 2147 CDS features identified
[2025-03-12 04:16:35] Processing B1299860_S01_L001_contigs with Barrnap...
[2025-03-12 04:16:36] Barrnap completed successfully for B1299860_S01_L001_contigs: 1 16S rRNA features identified
[2025-03-12 04:16:36] Processing B1299860_S01_L001_contigs with InterProScan...
[2025-03-12 04:17:55] InterProScan completed successfully for B1299860_S01_L001_contigs: 91 total domains identified
[2025-03-12 04:17:55] Generating final output files for B1299860_S01_L001_contigs...
[2025-03-12 04:17:56] Successfully created annotated GFF for B1299860_S01_L001_contigs
[2025-03-12 04:17:56] ===== Processing sample: B1330897_S01_L001_contigs =====
[2025-03-12 04:17:56] Processing B1330897_S01_L001_contigs with Prodigal...
[2025-03-12 04:18:32] Prodigal completed successfully for B1330897_S01_L001_contigs: 2147 CDS features identified
[2025-03-12 04:18:32] Processing B1330897_S01_L001_contigs with Barrnap...
[2025-03-12 04:18:33] Barrnap completed successfully for B1330897_S01_L001_contigs: 1 16S rRNA features identified
[2025-03-12 04:18:33] Processing B1330897_S01_L001_contigs with InterProScan...
[2025-03-12 04:19:51] InterProScan completed successfully for B1330897_S01_L001_contigs: 91 total domains identified
[2025-03-12 04:19:51] Generating final output files for B1330897_S01_L001_contigs...
[2025-03-12 04:19:52] Successfully created annotated GFF for B1330897_S01_L001_contigs
[2025-03-12 04:19:52] ===== Processing sample: B1330898_S01_L001_contigs =====
[2025-03-12 04:19:52] Processing B1330898_S01_L001_contigs with Prodigal...
[2025-03-12 04:20:28] Prodigal completed successfully for B1330898_S01_L001_contigs: 2130 CDS features identified
[2025-03-12 04:20:28] Processing B1330898_S01_L001_contigs with Barrnap...
[2025-03-12 04:20:29] Barrnap completed successfully for B1330898_S01_L001_contigs: 1 16S rRNA features identified
[2025-03-12 04:20:29] Processing B1330898_S01_L001_contigs with InterProScan...
[2025-03-12 04:21:53] InterProScan completed successfully for B1330898_S01_L001_contigs: 91 total domains identified
[2025-03-12 04:21:53] Generating final output files for B1330898_S01_L001_contigs...
[2025-03-12 04:21:53] Successfully created annotated GFF for B1330898_S01_L001_contigs
[2025-03-12 04:21:53] ===== Processing sample: B1349086_S01_L001_contigs =====
[2025-03-12 04:21:53] Processing B1349086_S01_L001_contigs with Prodigal...
[2025-03-12 04:22:30] Prodigal completed successfully for B1349086_S01_L001_contigs: 2139 CDS features identified
[2025-03-12 04:22:30] Processing B1349086_S01_L001_contigs with Barrnap...
[2025-03-12 04:22:31] Barrnap completed successfully for B1349086_S01_L001_contigs: 1 16S rRNA features identified
[2025-03-12 04:22:31] Processing B1349086_S01_L001_contigs with InterProScan...
[2025-03-12 04:23:47] InterProScan completed successfully for B1349086_S01_L001_contigs: 91 total domains identified
[2025-03-12 04:23:47] Generating final output files for B1349086_S01_L001_contigs...
[2025-03-12 04:23:47] Successfully created annotated GFF for B1349086_S01_L001_contigs
[2025-03-12 04:23:47] ===== Processing sample: B1354959_S01_L001_contigs =====
[2025-03-12 04:23:47] Processing B1354959_S01_L001_contigs with Prodigal...
[2025-03-12 04:24:22] Prodigal completed successfully for B1354959_S01_L001_contigs: 2150 CDS features identified
[2025-03-12 04:24:22] Processing B1354959_S01_L001_contigs with Barrnap...
[2025-03-12 04:24:23] Barrnap completed successfully for B1354959_S01_L001_contigs: 1 16S rRNA features identified
[2025-03-12 04:24:23] Processing B1354959_S01_L001_contigs with InterProScan...
[2025-03-12 04:25:44] InterProScan completed successfully for B1354959_S01_L001_contigs: 91 total domains identified
[2025-03-12 04:25:44] Generating final output files for B1354959_S01_L001_contigs...
[2025-03-12 04:25:44] Successfully created annotated GFF for B1354959_S01_L001_contigs
[2025-03-12 04:25:44] ===== Processing sample: B1367104_S01_L001_contigs =====
[2025-03-12 04:25:44] Processing B1367104_S01_L001_contigs with Prodigal...
[2025-03-12 04:26:20] Prodigal completed successfully for B1367104_S01_L001_contigs: 2153 CDS features identified
[2025-03-12 04:26:20] Processing B1367104_S01_L001_contigs with Barrnap...
[2025-03-12 04:26:21] Barrnap completed successfully for B1367104_S01_L001_contigs: 1 16S rRNA features identified
[2025-03-12 04:26:21] Processing B1367104_S01_L001_contigs with InterProScan...
[2025-03-12 04:27:38] InterProScan completed successfully for B1367104_S01_L001_contigs: 91 total domains identified
[2025-03-12 04:27:38] Generating final output files for B1367104_S01_L001_contigs...
[2025-03-12 04:27:38] Successfully created annotated GFF for B1367104_S01_L001_contigs
[2025-03-12 04:27:38] ===== Processing sample: B1367106_S01_L001_contigs =====
[2025-03-12 04:27:38] Processing B1367106_S01_L001_contigs with Prodigal...
[2025-03-12 04:28:14] Prodigal completed successfully for B1367106_S01_L001_contigs: 2150 CDS features identified
[2025-03-12 04:28:14] Processing B1367106_S01_L001_contigs with Barrnap...
[2025-03-12 04:28:15] Barrnap completed successfully for B1367106_S01_L001_contigs: 1 16S rRNA features identified
[2025-03-12 04:28:15] Processing B1367106_S01_L001_contigs with InterProScan...
[2025-03-12 04:29:34] InterProScan completed successfully for B1367106_S01_L001_contigs: 91 total domains identified
[2025-03-12 04:29:34] Generating final output files for B1367106_S01_L001_contigs...
[2025-03-12 04:29:34] Successfully created annotated GFF for B1367106_S01_L001_contigs
[2025-03-12 04:29:34] ===== Processing sample: B1367131_S01_L001_contigs =====
[2025-03-12 04:29:34] Processing B1367131_S01_L001_contigs with Prodigal...
[2025-03-12 04:30:10] Prodigal completed successfully for B1367131_S01_L001_contigs: 2139 CDS features identified
[2025-03-12 04:30:10] Processing B1367131_S01_L001_contigs with Barrnap...
[2025-03-12 04:30:11] Barrnap completed successfully for B1367131_S01_L001_contigs: 1 16S rRNA features identified
[2025-03-12 04:30:11] Processing B1367131_S01_L001_contigs with InterProScan...
[2025-03-12 04:31:27] InterProScan completed successfully for B1367131_S01_L001_contigs: 91 total domains identified
[2025-03-12 04:31:27] Generating final output files for B1367131_S01_L001_contigs...
[2025-03-12 04:31:27] Successfully created annotated GFF for B1367131_S01_L001_contigs
[2025-03-12 04:31:27] ===== Processing sample: B1399833_S01_L001_contigs =====
[2025-03-12 04:31:27] Processing B1399833_S01_L001_contigs with Prodigal...
[2025-03-12 04:32:03] Prodigal completed successfully for B1399833_S01_L001_contigs: 2145 CDS features identified
[2025-03-12 04:32:03] Processing B1399833_S01_L001_contigs with Barrnap...
[2025-03-12 04:32:04] Barrnap completed successfully for B1399833_S01_L001_contigs: 1 16S rRNA features identified
[2025-03-12 04:32:04] Processing B1399833_S01_L001_contigs with InterProScan...
[2025-03-12 04:33:19] InterProScan completed successfully for B1399833_S01_L001_contigs: 91 total domains identified
[2025-03-12 04:33:19] Generating final output files for B1399833_S01_L001_contigs...
[2025-03-12 04:33:19] Successfully created annotated GFF for B1399833_S01_L001_contigs
[2025-03-12 04:33:19] ===== Processing sample: B1838859_S01_L001_contigs =====
[2025-03-12 04:33:19] Processing B1838859_S01_L001_contigs with Prodigal...
[2025-03-12 04:33:56] Prodigal completed successfully for B1838859_S01_L001_contigs: 2151 CDS features identified
[2025-03-12 04:33:56] Processing B1838859_S01_L001_contigs with Barrnap...
[2025-03-12 04:33:57] Barrnap completed successfully for B1838859_S01_L001_contigs: 1 16S rRNA features identified
[2025-03-12 04:33:57] Processing B1838859_S01_L001_contigs with InterProScan...
[2025-03-12 04:35:13] InterProScan completed successfully for B1838859_S01_L001_contigs: 91 total domains identified
[2025-03-12 04:35:13] Generating final output files for B1838859_S01_L001_contigs...
[2025-03-12 04:35:13] Successfully created annotated GFF for B1838859_S01_L001_contigs
[2025-03-12 04:35:13] ===== Processing sample: B2092301_S01_L001_contigs =====
[2025-03-12 04:35:13] Processing B2092301_S01_L001_contigs with Prodigal...
[2025-03-12 04:35:50] Prodigal completed successfully for B2092301_S01_L001_contigs: 2146 CDS features identified
[2025-03-12 04:35:50] Processing B2092301_S01_L001_contigs with Barrnap...
[2025-03-12 04:35:51] Barrnap completed successfully for B2092301_S01_L001_contigs: 1 16S rRNA features identified
[2025-03-12 04:35:51] Processing B2092301_S01_L001_contigs with InterProScan...
[2025-03-12 04:37:17] InterProScan completed successfully for B2092301_S01_L001_contigs: 91 total domains identified
[2025-03-12 04:37:17] Generating final output files for B2092301_S01_L001_contigs...
[2025-03-12 04:37:17] Successfully created annotated GFF for B2092301_S01_L001_contigs
[2025-03-12 04:37:17] ===== Processing sample: B2092354_S01_L001_contigs =====
[2025-03-12 04:37:17] Processing B2092354_S01_L001_contigs with Prodigal...
[2025-03-12 04:37:53] Prodigal completed successfully for B2092354_S01_L001_contigs: 2152 CDS features identified
[2025-03-12 04:37:53] Processing B2092354_S01_L001_contigs with Barrnap...
[2025-03-12 04:37:54] Barrnap completed successfully for B2092354_S01_L001_contigs: 1 16S rRNA features identified
[2025-03-12 04:37:54] Processing B2092354_S01_L001_contigs with InterProScan...
[2025-03-12 04:39:13] InterProScan completed successfully for B2092354_S01_L001_contigs: 91 total domains identified
[2025-03-12 04:39:13] Generating final output files for B2092354_S01_L001_contigs...
[2025-03-12 04:39:13] Successfully created annotated GFF for B2092354_S01_L001_contigs
[2025-03-12 04:39:13] ===== Processing sample: B2092391_S01_L001_contigs =====
[2025-03-12 04:39:13] Processing B2092391_S01_L001_contigs with Prodigal...
[2025-03-12 04:39:49] Prodigal completed successfully for B2092391_S01_L001_contigs: 2151 CDS features identified
[2025-03-12 04:39:49] Processing B2092391_S01_L001_contigs with Barrnap...
[2025-03-12 04:39:50] Barrnap completed successfully for B2092391_S01_L001_contigs: 1 16S rRNA features identified
[2025-03-12 04:39:50] Processing B2092391_S01_L001_contigs with InterProScan...
[2025-03-12 04:41:10] InterProScan completed successfully for B2092391_S01_L001_contigs: 91 total domains identified
[2025-03-12 04:41:10] Generating final output files for B2092391_S01_L001_contigs...
[2025-03-12 04:41:10] Successfully created annotated GFF for B2092391_S01_L001_contigs
[2025-03-12 04:41:10] ===== Processing sample: B2541877_S01_L001_contigs =====
[2025-03-12 04:41:10] Processing B2541877_S01_L001_contigs with Prodigal...
[2025-03-12 04:41:46] Prodigal completed successfully for B2541877_S01_L001_contigs: 2153 CDS features identified
[2025-03-12 04:41:46] Processing B2541877_S01_L001_contigs with Barrnap...
[2025-03-12 04:41:47] Barrnap completed successfully for B2541877_S01_L001_contigs: 1 16S rRNA features identified
[2025-03-12 04:41:47] Processing B2541877_S01_L001_contigs with InterProScan...
[2025-03-12 04:43:04] InterProScan completed successfully for B2541877_S01_L001_contigs: 91 total domains identified
[2025-03-12 04:43:04] Generating final output files for B2541877_S01_L001_contigs...
[2025-03-12 04:43:04] Successfully created annotated GFF for B2541877_S01_L001_contigs
[2025-03-12 04:43:04] Generating performance metrics TSV...

[2025-03-12 04:43:06] Performance metrics saved to /home/hice1/xyuan99/xyuan99/biol7210/github/B2/Final_results/Prodigal_InterPro_Barrnap_v2/tool_comparison.tsv
[2025-03-12 04:43:06] Cleaning up temporary files...
[2025-03-12 04:43:06] Temporary files removed
[2025-03-12 04:43:06] ========== WORKFLOW COMPLETED ==========
Total runtime: 1h 5m 35s
Results available in: /home/hice1/xyuan99/xyuan99/biol7210/github/B2/Final_results/Prodigal_InterPro_Barrnap_v2/Results
Performance metrics: /home/hice1/xyuan99/xyuan99/biol7210/github/B2/Final_results/Prodigal_InterPro_Barrnap_v2/tool_comparison.tsv
---------------------------------------
Begin Slurm Epilog: Mar-12-2025 04:43:13
Job ID:        2051184
User ID:       xyuan99
Account:       bios
Job name:      pipeline.sh
Resources:     cpu=16,mem=16G,node=1
Rsrc Used:     cput=17:32:00,vmem=0,walltime=01:05:45,mem=5186236K,energy_used=0
Partition:     coc-cpu
QOS:           coc-ice
Nodes:         atl1-1-01-005-2-1
---------------------------------------
