[2025-03-25 17:36:29] INFO: CheckM v1.2.3
[2025-03-25 17:36:29] INFO: checkm analyze --threads 16 -x fa Ng.markers /home/hice1/calnoubani3/Documents/B3_Final/checkm/asm/B1180909_S01_L001_contigs.fa /home/hice1/calnoubani3/Documents/B3_Final/checkm/checkm_output/B1180909_output
[2025-03-25 17:36:29] INFO: CheckM data: /home/hice1/calnoubani3/Documents/B3_Final/checkm/db
[2025-03-25 17:36:29] INFO: [CheckM - analyze] Identifying marker genes in bins.
[2025-03-25 17:41:11] INFO: CheckM v1.2.3
[2025-03-25 17:41:11] INFO: checkm analyze --threads 16 -x fa Ng.markers /home/hice1/calnoubani3/Documents/B3_Final/checkm/checkm_output/B1180909_output/bins_input /home/hice1/calnoubani3/Documents/B3_Final/checkm/checkm_output/B1180909_output
[2025-03-25 17:41:11] INFO: CheckM data: /home/hice1/calnoubani3/Documents/B3_Final/checkm/db
[2025-03-25 17:41:11] INFO: [CheckM - analyze] Identifying marker genes in bins.
[2025-03-25 17:41:11] INFO: Identifying marker genes in 1 bins with 16 threads:
[2025-03-25 17:50:12] INFO: CheckM v1.2.3
[2025-03-25 17:50:12] INFO: checkm analyze --threads 16 -x fa Ng.markers /home/hice1/calnoubani3/Documents/B3_Final/checkm/checkm_output/B1180909_output/bins_input /home/hice1/calnoubani3/Documents/B3_Final/checkm/checkm_output/B1180909_output
[2025-03-25 17:50:12] INFO: CheckM data: /home/hice1/calnoubani3/Documents/B3_Final/checkm/db
[2025-03-25 17:50:12] INFO: [CheckM - analyze] Identifying marker genes in bins.
[2025-03-25 17:50:12] INFO: Identifying marker genes in 1 bins with 16 threads:
[2025-03-25 17:51:03] INFO: Saving HMM info to file.
[2025-03-25 17:51:03] INFO: { Current stage: 0:00:50.902 || Total: 0:00:50.902 }
[2025-03-25 17:51:03] INFO: Parsing HMM hits to marker genes:
[2025-03-25 17:51:03] INFO: Aligning marker genes with multiple hits in a single bin:
[2025-03-25 17:51:03] INFO: { Current stage: 0:00:00.613 || Total: 0:00:51.516 }
[2025-03-25 17:51:03] INFO: Calculating genome statistics for 1 bins with 16 threads:
[2025-03-25 17:51:04] INFO: { Current stage: 0:00:00.105 || Total: 0:00:51.622 }
