[2025-03-25 17:37:25] INFO: CheckM v1.2.3
[2025-03-25 17:37:25] INFO: checkm analyze --threads 16 -x fa Ng.markers /home/hice1/calnoubani3/Documents/B3_Final/checkm/asm/B2092301_S01_L001_contigs.fa /home/hice1/calnoubani3/Documents/B3_Final/checkm/checkm_output/B2092301_output
[2025-03-25 17:37:25] INFO: CheckM data: /home/hice1/calnoubani3/Documents/B3_Final/checkm/db
[2025-03-25 17:37:25] INFO: [CheckM - analyze] Identifying marker genes in bins.
[2025-03-25 17:46:33] INFO: CheckM v1.2.3
[2025-03-25 17:46:33] INFO: checkm analyze --threads 16 -x fa Ng.markers /home/hice1/calnoubani3/Documents/B3_Final/checkm/checkm_output/B2092301_output/bins_input /home/hice1/calnoubani3/Documents/B3_Final/checkm/checkm_output/B2092301_output
[2025-03-25 17:46:33] INFO: CheckM data: /home/hice1/calnoubani3/Documents/B3_Final/checkm/db
[2025-03-25 17:46:33] INFO: [CheckM - analyze] Identifying marker genes in bins.
[2025-03-25 17:46:33] INFO: Identifying marker genes in 1 bins with 16 threads:
[2025-03-25 17:47:28] INFO: Saving HMM info to file.
[2025-03-25 17:47:28] INFO: { Current stage: 0:00:55.450 || Total: 0:00:55.450 }
[2025-03-25 17:47:28] INFO: Parsing HMM hits to marker genes:
[2025-03-25 17:47:28] INFO: Aligning marker genes with multiple hits in a single bin:
[2025-03-25 17:47:29] INFO: { Current stage: 0:00:00.564 || Total: 0:00:56.015 }
[2025-03-25 17:47:29] INFO: Calculating genome statistics for 1 bins with 16 threads:
[2025-03-25 17:47:29] INFO: { Current stage: 0:00:00.144 || Total: 0:00:56.159 }
[2025-03-25 18:14:26] INFO: CheckM v1.2.3
[2025-03-25 18:14:26] INFO: checkm analyze --threads 16 -x fa Ng.markers /home/hice1/calnoubani3/Documents/B3_Final/checkm/checkm_output/B2092301_output/bins_input /home/hice1/calnoubani3/Documents/B3_Final/checkm/checkm_output/B2092301_output
[2025-03-25 18:14:26] INFO: CheckM data: /home/hice1/calnoubani3/Documents/B3_Final/checkm/db
[2025-03-25 18:14:26] INFO: [CheckM - analyze] Identifying marker genes in bins.
[2025-03-25 18:14:26] INFO: Identifying marker genes in 1 bins with 16 threads:
[2025-03-25 18:15:17] INFO: Saving HMM info to file.
[2025-03-25 18:15:17] INFO: { Current stage: 0:00:51.131 || Total: 0:00:51.131 }
[2025-03-25 18:15:17] INFO: Parsing HMM hits to marker genes:
[2025-03-25 18:15:17] INFO: Aligning marker genes with multiple hits in a single bin:
[2025-03-25 18:15:18] INFO: { Current stage: 0:00:00.786 || Total: 0:00:51.918 }
[2025-03-25 18:15:18] INFO: Calculating genome statistics for 1 bins with 16 threads:
[2025-03-25 18:15:18] INFO: { Current stage: 0:00:00.112 || Total: 0:00:52.030 }
