[2025-03-25 17:37:07] INFO: CheckM v1.2.3
[2025-03-25 17:37:07] INFO: checkm analyze --threads 16 -x fa Ng.markers /home/hice1/calnoubani3/Documents/B3_Final/checkm/asm/B1183043_S01_L001_contigs.fa /home/hice1/calnoubani3/Documents/B3_Final/checkm/checkm_output/B1183043_output
[2025-03-25 17:37:07] INFO: CheckM data: /home/hice1/calnoubani3/Documents/B3_Final/checkm/db
[2025-03-25 17:37:07] INFO: [CheckM - analyze] Identifying marker genes in bins.
[2025-03-25 17:43:12] INFO: CheckM v1.2.3
[2025-03-25 17:43:12] INFO: checkm analyze --threads 16 -x fa Ng.markers /home/hice1/calnoubani3/Documents/B3_Final/checkm/checkm_output/B1183043_output/bins_input /home/hice1/calnoubani3/Documents/B3_Final/checkm/checkm_output/B1183043_output
[2025-03-25 17:43:12] INFO: CheckM data: /home/hice1/calnoubani3/Documents/B3_Final/checkm/db
[2025-03-25 17:43:12] INFO: [CheckM - analyze] Identifying marker genes in bins.
[2025-03-25 17:43:12] INFO: Identifying marker genes in 1 bins with 16 threads:
[2025-03-25 18:02:15] INFO: CheckM v1.2.3
[2025-03-25 18:02:15] INFO: checkm analyze --threads 16 -x fa Ng.markers /home/hice1/calnoubani3/Documents/B3_Final/checkm/checkm_output/B1183043_output/bins_input /home/hice1/calnoubani3/Documents/B3_Final/checkm/checkm_output/B1183043_output
[2025-03-25 18:02:15] INFO: CheckM data: /home/hice1/calnoubani3/Documents/B3_Final/checkm/db
[2025-03-25 18:02:15] INFO: [CheckM - analyze] Identifying marker genes in bins.
[2025-03-25 18:02:15] INFO: Identifying marker genes in 1 bins with 16 threads:
[2025-03-25 18:03:05] INFO: Saving HMM info to file.
[2025-03-25 18:03:05] INFO: { Current stage: 0:00:49.569 || Total: 0:00:49.569 }
[2025-03-25 18:03:05] INFO: Parsing HMM hits to marker genes:
[2025-03-25 18:03:05] INFO: Aligning marker genes with multiple hits in a single bin:
[2025-03-25 18:03:05] INFO: { Current stage: 0:00:00.469 || Total: 0:00:50.039 }
[2025-03-25 18:03:05] INFO: Calculating genome statistics for 1 bins with 16 threads:
[2025-03-25 18:03:05] INFO: { Current stage: 0:00:00.095 || Total: 0:00:50.134 }
