[2025-03-25 17:37:19] INFO: CheckM v1.2.3
[2025-03-25 17:37:19] INFO: checkm analyze --threads 16 -x fa Ng.markers /home/hice1/calnoubani3/Documents/B3_Final/checkm/asm/B1367106_S01_L001_contigs.fa /home/hice1/calnoubani3/Documents/B3_Final/checkm/checkm_output/B1367106_output
[2025-03-25 17:37:19] INFO: CheckM data: /home/hice1/calnoubani3/Documents/B3_Final/checkm/db
[2025-03-25 17:37:19] INFO: [CheckM - analyze] Identifying marker genes in bins.
[2025-03-25 17:44:30] INFO: CheckM v1.2.3
[2025-03-25 17:44:30] INFO: checkm analyze --threads 16 -x fa Ng.markers /home/hice1/calnoubani3/Documents/B3_Final/checkm/checkm_output/B1367106_output/bins_input /home/hice1/calnoubani3/Documents/B3_Final/checkm/checkm_output/B1367106_output
[2025-03-25 17:44:30] INFO: CheckM data: /home/hice1/calnoubani3/Documents/B3_Final/checkm/db
[2025-03-25 17:44:30] INFO: [CheckM - analyze] Identifying marker genes in bins.
[2025-03-25 17:44:30] INFO: Identifying marker genes in 1 bins with 16 threads:
[2025-03-25 18:10:29] INFO: CheckM v1.2.3
[2025-03-25 18:10:29] INFO: checkm analyze --threads 16 -x fa Ng.markers /home/hice1/calnoubani3/Documents/B3_Final/checkm/checkm_output/B1367106_output/bins_input /home/hice1/calnoubani3/Documents/B3_Final/checkm/checkm_output/B1367106_output
[2025-03-25 18:10:29] INFO: CheckM data: /home/hice1/calnoubani3/Documents/B3_Final/checkm/db
[2025-03-25 18:10:29] INFO: [CheckM - analyze] Identifying marker genes in bins.
[2025-03-25 18:10:29] INFO: Identifying marker genes in 1 bins with 16 threads:
[2025-03-25 18:11:20] INFO: Saving HMM info to file.
[2025-03-25 18:11:20] INFO: { Current stage: 0:00:51.329 || Total: 0:00:51.329 }
[2025-03-25 18:11:20] INFO: Parsing HMM hits to marker genes:
[2025-03-25 18:11:20] INFO: Aligning marker genes with multiple hits in a single bin:
[2025-03-25 18:11:20] INFO: { Current stage: 0:00:00.248 || Total: 0:00:51.577 }
[2025-03-25 18:11:20] INFO: Calculating genome statistics for 1 bins with 16 threads:
[2025-03-25 18:11:20] INFO: { Current stage: 0:00:00.068 || Total: 0:00:51.646 }
