[2025-03-25 17:36:30] INFO: CheckM v1.2.3
[2025-03-25 17:36:30] INFO: checkm analyze --threads 16 -x fa Ng.markers /home/hice1/calnoubani3/Documents/B3_Final/checkm/asm/B1180975_S01_L001_contigs.fa /home/hice1/calnoubani3/Documents/B3_Final/checkm/checkm_output/B1180975_output
[2025-03-25 17:36:30] INFO: CheckM data: /home/hice1/calnoubani3/Documents/B3_Final/checkm/db
[2025-03-25 17:36:30] INFO: [CheckM - analyze] Identifying marker genes in bins.
[2025-03-25 17:41:18] INFO: CheckM v1.2.3
[2025-03-25 17:41:18] INFO: checkm analyze --threads 16 -x fa Ng.markers /home/hice1/calnoubani3/Documents/B3_Final/checkm/checkm_output/B1180975_output/bins_input /home/hice1/calnoubani3/Documents/B3_Final/checkm/checkm_output/B1180975_output
[2025-03-25 17:41:18] INFO: CheckM data: /home/hice1/calnoubani3/Documents/B3_Final/checkm/db
[2025-03-25 17:41:18] INFO: [CheckM - analyze] Identifying marker genes in bins.
[2025-03-25 17:41:18] INFO: Identifying marker genes in 1 bins with 16 threads:
[2025-03-25 17:51:10] INFO: CheckM v1.2.3
[2025-03-25 17:51:10] INFO: checkm analyze --threads 16 -x fa Ng.markers /home/hice1/calnoubani3/Documents/B3_Final/checkm/checkm_output/B1180975_output/bins_input /home/hice1/calnoubani3/Documents/B3_Final/checkm/checkm_output/B1180975_output
[2025-03-25 17:51:10] INFO: CheckM data: /home/hice1/calnoubani3/Documents/B3_Final/checkm/db
[2025-03-25 17:51:10] INFO: [CheckM - analyze] Identifying marker genes in bins.
[2025-03-25 17:51:10] INFO: Identifying marker genes in 1 bins with 16 threads:
[2025-03-25 17:52:03] INFO: Saving HMM info to file.
[2025-03-25 17:52:03] INFO: { Current stage: 0:00:52.967 || Total: 0:00:52.967 }
[2025-03-25 17:52:03] INFO: Parsing HMM hits to marker genes:
[2025-03-25 17:52:03] INFO: Aligning marker genes with multiple hits in a single bin:
[2025-03-25 17:52:03] INFO: { Current stage: 0:00:00.198 || Total: 0:00:53.166 }
[2025-03-25 17:52:03] INFO: Calculating genome statistics for 1 bins with 16 threads:
[2025-03-25 17:52:03] INFO: { Current stage: 0:00:00.067 || Total: 0:00:53.233 }
