[2025-03-25 17:36:32] INFO: CheckM v1.2.3
[2025-03-25 17:36:32] INFO: checkm analyze --threads 16 -x fa Ng.markers /home/hice1/calnoubani3/Documents/B3_Final/checkm/asm/B1181150_S01_L001_contigs.fa /home/hice1/calnoubani3/Documents/B3_Final/checkm/checkm_output/B1181150_output
[2025-03-25 17:36:32] INFO: CheckM data: /home/hice1/calnoubani3/Documents/B3_Final/checkm/db
[2025-03-25 17:36:32] INFO: [CheckM - analyze] Identifying marker genes in bins.
[2025-03-25 17:41:25] INFO: CheckM v1.2.3
[2025-03-25 17:41:25] INFO: checkm analyze --threads 16 -x fa Ng.markers /home/hice1/calnoubani3/Documents/B3_Final/checkm/checkm_output/B1181150_output/bins_input /home/hice1/calnoubani3/Documents/B3_Final/checkm/checkm_output/B1181150_output
[2025-03-25 17:41:25] INFO: CheckM data: /home/hice1/calnoubani3/Documents/B3_Final/checkm/db
[2025-03-25 17:41:25] INFO: [CheckM - analyze] Identifying marker genes in bins.
[2025-03-25 17:41:25] INFO: Identifying marker genes in 1 bins with 16 threads:
[2025-03-25 17:52:05] INFO: CheckM v1.2.3
[2025-03-25 17:52:05] INFO: checkm analyze --threads 16 -x fa Ng.markers /home/hice1/calnoubani3/Documents/B3_Final/checkm/checkm_output/B1181150_output/bins_input /home/hice1/calnoubani3/Documents/B3_Final/checkm/checkm_output/B1181150_output
[2025-03-25 17:52:05] INFO: CheckM data: /home/hice1/calnoubani3/Documents/B3_Final/checkm/db
[2025-03-25 17:52:05] INFO: [CheckM - analyze] Identifying marker genes in bins.
[2025-03-25 17:52:05] INFO: Identifying marker genes in 1 bins with 16 threads:
[2025-03-25 17:52:56] INFO: Saving HMM info to file.
[2025-03-25 17:52:56] INFO: { Current stage: 0:00:51.170 || Total: 0:00:51.170 }
[2025-03-25 17:52:56] INFO: Parsing HMM hits to marker genes:
[2025-03-25 17:52:56] INFO: Aligning marker genes with multiple hits in a single bin:
[2025-03-25 17:52:56] INFO: { Current stage: 0:00:00.573 || Total: 0:00:51.744 }
[2025-03-25 17:52:56] INFO: Calculating genome statistics for 1 bins with 16 threads:
[2025-03-25 17:52:57] INFO: { Current stage: 0:00:00.101 || Total: 0:00:51.845 }
