-------------------------------------
PRODIGAL v2.6.3 [February, 2016]         
Univ of Tenn / Oak Ridge National Lab
Doug Hyatt, Loren Hauser, et al.     
-------------------------------------
Request:  Metagenomic, Phase:  Training
Initializing training files...done!
-------------------------------------
Request:  Metagenomic, Phase:  Gene Finding
Finding genes in sequence #1 (172841 bp)...done!
Finding genes in sequence #2 (152573 bp)...done!
Finding genes in sequence #3 (146666 bp)...done!
Finding genes in sequence #4 (103055 bp)...done!
Finding genes in sequence #5 (89113 bp)...done!
Finding genes in sequence #6 (84814 bp)...done!
Finding genes in sequence #7 (80176 bp)...done!
Finding genes in sequence #8 (75274 bp)...done!
Finding genes in sequence #9 (71959 bp)...done!
Finding genes in sequence #10 (70166 bp)...done!
Finding genes in sequence #11 (69336 bp)...done!
Finding genes in sequence #12 (59625 bp)...done!
Finding genes in sequence #13 (59182 bp)...done!
Finding genes in sequence #14 (56632 bp)...done!
Finding genes in sequence #15 (55669 bp)...done!
Finding genes in sequence #16 (48799 bp)...done!
Finding genes in sequence #17 (46712 bp)...done!
Finding genes in sequence #18 (46206 bp)...done!
Finding genes in sequence #19 (41182 bp)...done!
Finding genes in sequence #20 (35495 bp)...done!
Finding genes in sequence #21 (34955 bp)...done!
Finding genes in sequence #22 (31797 bp)...done!
Finding genes in sequence #23 (31512 bp)...done!
Finding genes in sequence #24 (27973 bp)...done!
Finding genes in sequence #25 (25277 bp)...done!
Finding genes in sequence #26 (23885 bp)...done!
Finding genes in sequence #27 (23332 bp)...done!
Finding genes in sequence #28 (23104 bp)...done!
Finding genes in sequence #29 (22797 bp)...done!
Finding genes in sequence #30 (22781 bp)...done!
Finding genes in sequence #31 (21528 bp)...done!
Finding genes in sequence #32 (21366 bp)...done!
Finding genes in sequence #33 (20969 bp)...done!
Finding genes in sequence #34 (20701 bp)...done!
Finding genes in sequence #35 (18675 bp)...done!
Finding genes in sequence #36 (18098 bp)...done!
Finding genes in sequence #37 (17919 bp)...done!
Finding genes in sequence #38 (16312 bp)...done!
Finding genes in sequence #39 (10089 bp)...done!
Finding genes in sequence #40 (8799 bp)...done!
Finding genes in sequence #41 (8624 bp)...done!
Finding genes in sequence #42 (7664 bp)...done!
Finding genes in sequence #43 (7659 bp)...done!
Finding genes in sequence #44 (7493 bp)...done!
Finding genes in sequence #45 (7448 bp)...done!
Finding genes in sequence #46 (7162 bp)...done!
Finding genes in sequence #47 (6827 bp)...done!
Finding genes in sequence #48 (6160 bp)...done!
Finding genes in sequence #49 (5547 bp)...done!
Finding genes in sequence #50 (5412 bp)...done!
Finding genes in sequence #51 (5068 bp)...done!
Finding genes in sequence #52 (4280 bp)...done!
Finding genes in sequence #53 (4213 bp)...done!
Finding genes in sequence #54 (3973 bp)...done!
Finding genes in sequence #55 (3944 bp)...done!
Finding genes in sequence #56 (3766 bp)...done!
Finding genes in sequence #57 (3740 bp)...done!
Finding genes in sequence #58 (3174 bp)...done!
Finding genes in sequence #59 (3002 bp)...done!
Finding genes in sequence #60 (2898 bp)...done!
Finding genes in sequence #61 (2883 bp)...done!
Finding genes in sequence #62 (2882 bp)...done!
Finding genes in sequence #63 (2534 bp)...done!
Finding genes in sequence #64 (2301 bp)...done!
Finding genes in sequence #65 (2222 bp)...done!
Finding genes in sequence #66 (2137 bp)...done!
Finding genes in sequence #67 (1764 bp)...done!
Finding genes in sequence #68 (1563 bp)...done!
Finding genes in sequence #69 (1439 bp)...done!
Finding genes in sequence #70 (1216 bp)...done!
Finding genes in sequence #71 (1211 bp)...done!
Finding genes in sequence #72 (1092 bp)...done!
Finding genes in sequence #73 (947 bp)...done!
Finding genes in sequence #74 (840 bp)...done!
Finding genes in sequence #75 (824 bp)...done!
Finding genes in sequence #76 (728 bp)...done!
Finding genes in sequence #77 (694 bp)...done!
Finding genes in sequence #78 (684 bp)...done!
Finding genes in sequence #79 (658 bp)...done!
Finding genes in sequence #80 (655 bp)...done!
Finding genes in sequence #81 (654 bp)...done!
Finding genes in sequence #82 (643 bp)...done!
Finding genes in sequence #83 (622 bp)...done!
Finding genes in sequence #84 (512 bp)...done!
