-------------------------------------
PRODIGAL v2.6.3 [February, 2016]         
Univ of Tenn / Oak Ridge National Lab
Doug Hyatt, Loren Hauser, et al.     
-------------------------------------
Request:  Metagenomic, Phase:  Training
Initializing training files...done!
-------------------------------------
Request:  Metagenomic, Phase:  Gene Finding
Finding genes in sequence #1 (207890 bp)...done!
Finding genes in sequence #2 (152621 bp)...done!
Finding genes in sequence #3 (146667 bp)...done!
Finding genes in sequence #4 (116115 bp)...done!
Finding genes in sequence #5 (108607 bp)...done!
Finding genes in sequence #6 (91028 bp)...done!
Finding genes in sequence #7 (89100 bp)...done!
Finding genes in sequence #8 (86775 bp)...done!
Finding genes in sequence #9 (77037 bp)...done!
Finding genes in sequence #10 (75269 bp)...done!
Finding genes in sequence #11 (67545 bp)...done!
Finding genes in sequence #12 (65429 bp)...done!
Finding genes in sequence #13 (64476 bp)...done!
Finding genes in sequence #14 (59633 bp)...done!
Finding genes in sequence #15 (55669 bp)...done!
Finding genes in sequence #16 (49498 bp)...done!
Finding genes in sequence #17 (46698 bp)...done!
Finding genes in sequence #18 (43378 bp)...done!
Finding genes in sequence #19 (41182 bp)...done!
Finding genes in sequence #20 (31792 bp)...done!
Finding genes in sequence #21 (31512 bp)...done!
Finding genes in sequence #22 (30149 bp)...done!
Finding genes in sequence #23 (28167 bp)...done!
Finding genes in sequence #24 (27080 bp)...done!
Finding genes in sequence #25 (25723 bp)...done!
Finding genes in sequence #26 (25185 bp)...done!
Finding genes in sequence #27 (23104 bp)...done!
Finding genes in sequence #28 (22865 bp)...done!
Finding genes in sequence #29 (22797 bp)...done!
Finding genes in sequence #30 (20701 bp)...done!
Finding genes in sequence #31 (18675 bp)...done!
Finding genes in sequence #32 (16312 bp)...done!
Finding genes in sequence #33 (14604 bp)...done!
Finding genes in sequence #34 (11383 bp)...done!
Finding genes in sequence #35 (10089 bp)...done!
Finding genes in sequence #36 (9479 bp)...done!
Finding genes in sequence #37 (8624 bp)...done!
Finding genes in sequence #38 (8087 bp)...done!
Finding genes in sequence #39 (7659 bp)...done!
Finding genes in sequence #40 (7493 bp)...done!
Finding genes in sequence #41 (7448 bp)...done!
Finding genes in sequence #42 (7162 bp)...done!
Finding genes in sequence #43 (6827 bp)...done!
Finding genes in sequence #44 (6160 bp)...done!
Finding genes in sequence #45 (5547 bp)...done!
Finding genes in sequence #46 (5412 bp)...done!
Finding genes in sequence #47 (5188 bp)...done!
Finding genes in sequence #48 (5119 bp)...done!
Finding genes in sequence #49 (4280 bp)...done!
Finding genes in sequence #50 (4213 bp)...done!
Finding genes in sequence #51 (4019 bp)...done!
Finding genes in sequence #52 (3862 bp)...done!
Finding genes in sequence #53 (3740 bp)...done!
Finding genes in sequence #54 (3173 bp)...done!
Finding genes in sequence #55 (3122 bp)...done!
Finding genes in sequence #56 (2883 bp)...done!
Finding genes in sequence #57 (2882 bp)...done!
Finding genes in sequence #58 (2726 bp)...done!
Finding genes in sequence #59 (2534 bp)...done!
Finding genes in sequence #60 (2122 bp)...done!
Finding genes in sequence #61 (1906 bp)...done!
Finding genes in sequence #62 (1764 bp)...done!
Finding genes in sequence #63 (1563 bp)...done!
Finding genes in sequence #64 (1439 bp)...done!
Finding genes in sequence #65 (1368 bp)...done!
Finding genes in sequence #66 (1216 bp)...done!
Finding genes in sequence #67 (1211 bp)...done!
Finding genes in sequence #68 (925 bp)...done!
Finding genes in sequence #69 (894 bp)...done!
Finding genes in sequence #70 (694 bp)...done!
Finding genes in sequence #71 (654 bp)...done!
Finding genes in sequence #72 (643 bp)...done!
Finding genes in sequence #73 (622 bp)...done!
Finding genes in sequence #74 (569 bp)...done!
Finding genes in sequence #75 (546 bp)...done!
Finding genes in sequence #76 (535 bp)...done!
Finding genes in sequence #77 (530 bp)...done!
Finding genes in sequence #78 (512 bp)...done!
