-------------------------------------
PRODIGAL v2.6.3 [February, 2016]         
Univ of Tenn / Oak Ridge National Lab
Doug Hyatt, Loren Hauser, et al.     
-------------------------------------
Request:  Metagenomic, Phase:  Training
Initializing training files...done!
-------------------------------------
Request:  Metagenomic, Phase:  Gene Finding
Finding genes in sequence #1 (207883 bp)...done!
Finding genes in sequence #2 (152540 bp)...done!
Finding genes in sequence #3 (91027 bp)...done!
Finding genes in sequence #4 (88283 bp)...done!
Finding genes in sequence #5 (75376 bp)...done!
Finding genes in sequence #6 (67302 bp)...done!
Finding genes in sequence #7 (64461 bp)...done!
Finding genes in sequence #8 (64390 bp)...done!
Finding genes in sequence #9 (60921 bp)...done!
Finding genes in sequence #10 (58900 bp)...done!
Finding genes in sequence #11 (57242 bp)...done!
Finding genes in sequence #12 (52737 bp)...done!
Finding genes in sequence #13 (48814 bp)...done!
Finding genes in sequence #14 (47442 bp)...done!
Finding genes in sequence #15 (46664 bp)...done!
Finding genes in sequence #16 (45324 bp)...done!
Finding genes in sequence #17 (43988 bp)...done!
Finding genes in sequence #18 (43378 bp)...done!
Finding genes in sequence #19 (41182 bp)...done!
Finding genes in sequence #20 (40635 bp)...done!
Finding genes in sequence #21 (40632 bp)...done!
Finding genes in sequence #22 (39195 bp)...done!
Finding genes in sequence #23 (35465 bp)...done!
Finding genes in sequence #24 (35314 bp)...done!
Finding genes in sequence #25 (31792 bp)...done!
Finding genes in sequence #26 (31516 bp)...done!
Finding genes in sequence #27 (29686 bp)...done!
Finding genes in sequence #28 (27973 bp)...done!
Finding genes in sequence #29 (27080 bp)...done!
Finding genes in sequence #30 (25600 bp)...done!
Finding genes in sequence #31 (23104 bp)...done!
Finding genes in sequence #32 (22864 bp)...done!
Finding genes in sequence #33 (22712 bp)...done!
Finding genes in sequence #34 (20937 bp)...done!
Finding genes in sequence #35 (20701 bp)...done!
Finding genes in sequence #36 (18674 bp)...done!
Finding genes in sequence #37 (18578 bp)...done!
Finding genes in sequence #38 (18321 bp)...done!
Finding genes in sequence #39 (18184 bp)...done!
Finding genes in sequence #40 (16658 bp)...done!
Finding genes in sequence #41 (16312 bp)...done!
Finding genes in sequence #42 (15129 bp)...done!
Finding genes in sequence #43 (11498 bp)...done!
Finding genes in sequence #44 (10089 bp)...done!
Finding genes in sequence #45 (9606 bp)...done!
Finding genes in sequence #46 (9578 bp)...done!
Finding genes in sequence #47 (8624 bp)...done!
Finding genes in sequence #48 (7664 bp)...done!
Finding genes in sequence #49 (7659 bp)...done!
Finding genes in sequence #50 (7449 bp)...done!
Finding genes in sequence #51 (7162 bp)...done!
Finding genes in sequence #52 (6827 bp)...done!
Finding genes in sequence #53 (6160 bp)...done!
Finding genes in sequence #54 (5547 bp)...done!
Finding genes in sequence #55 (4390 bp)...done!
Finding genes in sequence #56 (4280 bp)...done!
Finding genes in sequence #57 (4213 bp)...done!
Finding genes in sequence #58 (3956 bp)...done!
Finding genes in sequence #59 (3951 bp)...done!
Finding genes in sequence #60 (3763 bp)...done!
Finding genes in sequence #61 (3660 bp)...done!
Finding genes in sequence #62 (3655 bp)...done!
Finding genes in sequence #63 (3493 bp)...done!
Finding genes in sequence #64 (3483 bp)...done!
Finding genes in sequence #65 (3469 bp)...done!
Finding genes in sequence #66 (3173 bp)...done!
Finding genes in sequence #67 (3122 bp)...done!
Finding genes in sequence #68 (3084 bp)...done!
Finding genes in sequence #69 (2905 bp)...done!
Finding genes in sequence #70 (2883 bp)...done!
Finding genes in sequence #71 (2626 bp)...done!
Finding genes in sequence #72 (2534 bp)...done!
Finding genes in sequence #73 (2344 bp)...done!
Finding genes in sequence #74 (2122 bp)...done!
Finding genes in sequence #75 (1923 bp)...done!
Finding genes in sequence #76 (1906 bp)...done!
Finding genes in sequence #77 (1764 bp)...done!
Finding genes in sequence #78 (1569 bp)...done!
Finding genes in sequence #79 (1563 bp)...done!
Finding genes in sequence #80 (1439 bp)...done!
Finding genes in sequence #81 (1296 bp)...done!
Finding genes in sequence #82 (1144 bp)...done!
Finding genes in sequence #83 (1006 bp)...done!
Finding genes in sequence #84 (881 bp)...done!
Finding genes in sequence #85 (861 bp)...done!
Finding genes in sequence #86 (834 bp)...done!
Finding genes in sequence #87 (831 bp)...done!
Finding genes in sequence #88 (689 bp)...done!
Finding genes in sequence #89 (654 bp)...done!
Finding genes in sequence #90 (651 bp)...done!
Finding genes in sequence #91 (643 bp)...done!
Finding genes in sequence #92 (627 bp)...done!
Finding genes in sequence #93 (622 bp)...done!
Finding genes in sequence #94 (609 bp)...done!
Finding genes in sequence #95 (591 bp)...done!
Finding genes in sequence #96 (578 bp)...done!
Finding genes in sequence #97 (554 bp)...done!
Finding genes in sequence #98 (535 bp)...done!
Finding genes in sequence #99 (514 bp)...done!
Finding genes in sequence #100 (512 bp)...done!
Finding genes in sequence #101 (503 bp)...done!
