-------------------------------------
PRODIGAL v2.6.3 [February, 2016]         
Univ of Tenn / Oak Ridge National Lab
Doug Hyatt, Loren Hauser, et al.     
-------------------------------------
Request:  Metagenomic, Phase:  Training
Initializing training files...done!
-------------------------------------
Request:  Metagenomic, Phase:  Gene Finding
Finding genes in sequence #1 (208036 bp)...done!
Finding genes in sequence #2 (152573 bp)...done!
Finding genes in sequence #3 (127972 bp)...done!
Finding genes in sequence #4 (89104 bp)...done!
Finding genes in sequence #5 (88418 bp)...done!
Finding genes in sequence #6 (86858 bp)...done!
Finding genes in sequence #7 (75413 bp)...done!
Finding genes in sequence #8 (67442 bp)...done!
Finding genes in sequence #9 (64395 bp)...done!
Finding genes in sequence #10 (58110 bp)...done!
Finding genes in sequence #11 (55641 bp)...done!
Finding genes in sequence #12 (49761 bp)...done!
Finding genes in sequence #13 (48957 bp)...done!
Finding genes in sequence #14 (47442 bp)...done!
Finding genes in sequence #15 (46705 bp)...done!
Finding genes in sequence #16 (46194 bp)...done!
Finding genes in sequence #17 (43378 bp)...done!
Finding genes in sequence #18 (41182 bp)...done!
Finding genes in sequence #19 (40642 bp)...done!
Finding genes in sequence #20 (40632 bp)...done!
Finding genes in sequence #21 (39267 bp)...done!
Finding genes in sequence #22 (37770 bp)...done!
Finding genes in sequence #23 (35495 bp)...done!
Finding genes in sequence #24 (27973 bp)...done!
Finding genes in sequence #25 (27080 bp)...done!
Finding genes in sequence #26 (23885 bp)...done!
Finding genes in sequence #27 (23343 bp)...done!
Finding genes in sequence #28 (23104 bp)...done!
Finding genes in sequence #29 (22797 bp)...done!
Finding genes in sequence #30 (20969 bp)...done!
Finding genes in sequence #31 (20701 bp)...done!
Finding genes in sequence #32 (20409 bp)...done!
Finding genes in sequence #33 (18322 bp)...done!
Finding genes in sequence #34 (18184 bp)...done!
Finding genes in sequence #35 (17919 bp)...done!
Finding genes in sequence #36 (17912 bp)...done!
Finding genes in sequence #37 (16903 bp)...done!
Finding genes in sequence #38 (16312 bp)...done!
Finding genes in sequence #39 (15654 bp)...done!
Finding genes in sequence #40 (13771 bp)...done!
Finding genes in sequence #41 (11920 bp)...done!
Finding genes in sequence #42 (11498 bp)...done!
Finding genes in sequence #43 (11387 bp)...done!
Finding genes in sequence #44 (10783 bp)...done!
Finding genes in sequence #45 (9479 bp)...done!
Finding genes in sequence #46 (8799 bp)...done!
Finding genes in sequence #47 (8624 bp)...done!
Finding genes in sequence #48 (8479 bp)...done!
Finding genes in sequence #49 (7664 bp)...done!
Finding genes in sequence #50 (7659 bp)...done!
Finding genes in sequence #51 (7606 bp)...done!
Finding genes in sequence #52 (7493 bp)...done!
Finding genes in sequence #53 (7448 bp)...done!
Finding genes in sequence #54 (7162 bp)...done!
Finding genes in sequence #55 (6160 bp)...done!
Finding genes in sequence #56 (5412 bp)...done!
Finding genes in sequence #57 (5119 bp)...done!
Finding genes in sequence #58 (4643 bp)...done!
Finding genes in sequence #59 (4390 bp)...done!
Finding genes in sequence #60 (4280 bp)...done!
Finding genes in sequence #61 (4213 bp)...done!
Finding genes in sequence #62 (3740 bp)...done!
Finding genes in sequence #63 (3595 bp)...done!
Finding genes in sequence #64 (3390 bp)...done!
Finding genes in sequence #65 (3173 bp)...done!
Finding genes in sequence #66 (3122 bp)...done!
Finding genes in sequence #67 (2898 bp)...done!
Finding genes in sequence #68 (2883 bp)...done!
Finding genes in sequence #69 (2626 bp)...done!
Finding genes in sequence #70 (2534 bp)...done!
Finding genes in sequence #71 (2301 bp)...done!
Finding genes in sequence #72 (1885 bp)...done!
Finding genes in sequence #73 (1764 bp)...done!
Finding genes in sequence #74 (1563 bp)...done!
Finding genes in sequence #75 (1439 bp)...done!
Finding genes in sequence #76 (1216 bp)...done!
Finding genes in sequence #77 (1211 bp)...done!
Finding genes in sequence #78 (1077 bp)...done!
Finding genes in sequence #79 (975 bp)...done!
Finding genes in sequence #80 (840 bp)...done!
Finding genes in sequence #81 (840 bp)...done!
Finding genes in sequence #82 (828 bp)...done!
Finding genes in sequence #83 (824 bp)...done!
Finding genes in sequence #84 (702 bp)...done!
Finding genes in sequence #85 (694 bp)...done!
Finding genes in sequence #86 (654 bp)...done!
Finding genes in sequence #87 (643 bp)...done!
Finding genes in sequence #88 (622 bp)...done!
Finding genes in sequence #89 (578 bp)...done!
Finding genes in sequence #90 (566 bp)...done!
Finding genes in sequence #91 (558 bp)...done!
Finding genes in sequence #92 (546 bp)...done!
Finding genes in sequence #93 (546 bp)...done!
Finding genes in sequence #94 (512 bp)...done!
Finding genes in sequence #95 (505 bp)...done!
