-------------------------------------
PRODIGAL v2.6.3 [February, 2016]         
Univ of Tenn / Oak Ridge National Lab
Doug Hyatt, Loren Hauser, et al.     
-------------------------------------
Request:  Metagenomic, Phase:  Training
Initializing training files...done!
-------------------------------------
Request:  Metagenomic, Phase:  Gene Finding
Finding genes in sequence #1 (207876 bp)...done!
Finding genes in sequence #2 (166679 bp)...done!
Finding genes in sequence #3 (152573 bp)...done!
Finding genes in sequence #4 (128154 bp)...done!
Finding genes in sequence #5 (90421 bp)...done!
Finding genes in sequence #6 (86888 bp)...done!
Finding genes in sequence #7 (84773 bp)...done!
Finding genes in sequence #8 (83644 bp)...done!
Finding genes in sequence #9 (76571 bp)...done!
Finding genes in sequence #10 (70166 bp)...done!
Finding genes in sequence #11 (65922 bp)...done!
Finding genes in sequence #12 (64395 bp)...done!
Finding genes in sequence #13 (63277 bp)...done!
Finding genes in sequence #14 (60600 bp)...done!
Finding genes in sequence #15 (59221 bp)...done!
Finding genes in sequence #16 (59127 bp)...done!
Finding genes in sequence #17 (55636 bp)...done!
Finding genes in sequence #18 (49002 bp)...done!
Finding genes in sequence #19 (41031 bp)...done!
Finding genes in sequence #20 (33826 bp)...done!
Finding genes in sequence #21 (33758 bp)...done!
Finding genes in sequence #22 (31868 bp)...done!
Finding genes in sequence #23 (31512 bp)...done!
Finding genes in sequence #24 (23332 bp)...done!
Finding genes in sequence #25 (23104 bp)...done!
Finding genes in sequence #26 (22797 bp)...done!
Finding genes in sequence #27 (21619 bp)...done!
Finding genes in sequence #28 (20701 bp)...done!
Finding genes in sequence #29 (18675 bp)...done!
Finding genes in sequence #30 (18321 bp)...done!
Finding genes in sequence #31 (18206 bp)...done!
Finding genes in sequence #32 (17919 bp)...done!
Finding genes in sequence #33 (12094 bp)...done!
Finding genes in sequence #34 (11498 bp)...done!
Finding genes in sequence #35 (8799 bp)...done!
Finding genes in sequence #36 (8624 bp)...done!
Finding genes in sequence #37 (7664 bp)...done!
Finding genes in sequence #38 (7659 bp)...done!
Finding genes in sequence #39 (7606 bp)...done!
Finding genes in sequence #40 (7448 bp)...done!
Finding genes in sequence #41 (7162 bp)...done!
Finding genes in sequence #42 (6827 bp)...done!
Finding genes in sequence #43 (6160 bp)...done!
Finding genes in sequence #44 (5547 bp)...done!
Finding genes in sequence #45 (4726 bp)...done!
Finding genes in sequence #46 (4280 bp)...done!
Finding genes in sequence #47 (4213 bp)...done!
Finding genes in sequence #48 (3973 bp)...done!
Finding genes in sequence #49 (3824 bp)...done!
Finding genes in sequence #50 (3740 bp)...done!
Finding genes in sequence #51 (3673 bp)...done!
Finding genes in sequence #52 (3483 bp)...done!
Finding genes in sequence #53 (3469 bp)...done!
Finding genes in sequence #54 (3173 bp)...done!
Finding genes in sequence #55 (3122 bp)...done!
Finding genes in sequence #56 (2883 bp)...done!
Finding genes in sequence #57 (2882 bp)...done!
Finding genes in sequence #58 (2626 bp)...done!
Finding genes in sequence #59 (2534 bp)...done!
Finding genes in sequence #60 (1906 bp)...done!
Finding genes in sequence #61 (1764 bp)...done!
Finding genes in sequence #62 (1763 bp)...done!
Finding genes in sequence #63 (1568 bp)...done!
Finding genes in sequence #64 (1563 bp)...done!
Finding genes in sequence #65 (1475 bp)...done!
Finding genes in sequence #66 (1211 bp)...done!
Finding genes in sequence #67 (975 bp)...done!
Finding genes in sequence #68 (881 bp)...done!
Finding genes in sequence #69 (840 bp)...done!
Finding genes in sequence #70 (824 bp)...done!
Finding genes in sequence #71 (694 bp)...done!
Finding genes in sequence #72 (666 bp)...done!
Finding genes in sequence #73 (654 bp)...done!
Finding genes in sequence #74 (643 bp)...done!
Finding genes in sequence #75 (640 bp)...done!
Finding genes in sequence #76 (622 bp)...done!
Finding genes in sequence #77 (546 bp)...done!
Finding genes in sequence #78 (544 bp)...done!
Finding genes in sequence #79 (540 bp)...done!
Finding genes in sequence #80 (515 bp)...done!
