-------------------------------------
PRODIGAL v2.6.3 [February, 2016]         
Univ of Tenn / Oak Ridge National Lab
Doug Hyatt, Loren Hauser, et al.     
-------------------------------------
Request:  Metagenomic, Phase:  Training
Initializing training files...done!
-------------------------------------
Request:  Metagenomic, Phase:  Gene Finding
Finding genes in sequence #1 (207894 bp)...done!
Finding genes in sequence #2 (152511 bp)...done!
Finding genes in sequence #3 (128063 bp)...done!
Finding genes in sequence #4 (115658 bp)...done!
Finding genes in sequence #5 (91058 bp)...done!
Finding genes in sequence #6 (86916 bp)...done!
Finding genes in sequence #7 (85980 bp)...done!
Finding genes in sequence #8 (84408 bp)...done!
Finding genes in sequence #9 (75353 bp)...done!
Finding genes in sequence #10 (70166 bp)...done!
Finding genes in sequence #11 (69135 bp)...done!
Finding genes in sequence #12 (57055 bp)...done!
Finding genes in sequence #13 (55668 bp)...done!
Finding genes in sequence #14 (49676 bp)...done!
Finding genes in sequence #15 (47442 bp)...done!
Finding genes in sequence #16 (46544 bp)...done!
Finding genes in sequence #17 (41182 bp)...done!
Finding genes in sequence #18 (40642 bp)...done!
Finding genes in sequence #19 (40469 bp)...done!
Finding genes in sequence #20 (34578 bp)...done!
Finding genes in sequence #21 (31695 bp)...done!
Finding genes in sequence #22 (27973 bp)...done!
Finding genes in sequence #23 (25600 bp)...done!
Finding genes in sequence #24 (25447 bp)...done!
Finding genes in sequence #25 (23885 bp)...done!
Finding genes in sequence #26 (23104 bp)...done!
Finding genes in sequence #27 (22864 bp)...done!
Finding genes in sequence #28 (22712 bp)...done!
Finding genes in sequence #29 (20877 bp)...done!
Finding genes in sequence #30 (20701 bp)...done!
Finding genes in sequence #31 (18711 bp)...done!
Finding genes in sequence #32 (18321 bp)...done!
Finding genes in sequence #33 (17918 bp)...done!
Finding genes in sequence #34 (17897 bp)...done!
Finding genes in sequence #35 (16312 bp)...done!
Finding genes in sequence #36 (14790 bp)...done!
Finding genes in sequence #37 (11920 bp)...done!
Finding genes in sequence #38 (11498 bp)...done!
Finding genes in sequence #39 (11387 bp)...done!
Finding genes in sequence #40 (10089 bp)...done!
Finding genes in sequence #41 (9606 bp)...done!
Finding genes in sequence #42 (9479 bp)...done!
Finding genes in sequence #43 (8624 bp)...done!
Finding genes in sequence #44 (8480 bp)...done!
Finding genes in sequence #45 (7664 bp)...done!
Finding genes in sequence #46 (7659 bp)...done!
Finding genes in sequence #47 (7448 bp)...done!
Finding genes in sequence #48 (7162 bp)...done!
Finding genes in sequence #49 (6286 bp)...done!
Finding genes in sequence #50 (6160 bp)...done!
Finding genes in sequence #51 (5547 bp)...done!
Finding genes in sequence #52 (5047 bp)...done!
Finding genes in sequence #53 (4986 bp)...done!
Finding genes in sequence #54 (4643 bp)...done!
Finding genes in sequence #55 (4395 bp)...done!
Finding genes in sequence #56 (4390 bp)...done!
Finding genes in sequence #57 (4213 bp)...done!
Finding genes in sequence #58 (3874 bp)...done!
Finding genes in sequence #59 (3660 bp)...done!
Finding genes in sequence #60 (3655 bp)...done!
Finding genes in sequence #61 (3493 bp)...done!
Finding genes in sequence #62 (3469 bp)...done!
Finding genes in sequence #63 (3173 bp)...done!
Finding genes in sequence #64 (3125 bp)...done!
Finding genes in sequence #65 (3116 bp)...done!
Finding genes in sequence #66 (3102 bp)...done!
Finding genes in sequence #67 (2882 bp)...done!
Finding genes in sequence #68 (2626 bp)...done!
Finding genes in sequence #69 (2534 bp)...done!
Finding genes in sequence #70 (1764 bp)...done!
Finding genes in sequence #71 (1722 bp)...done!
Finding genes in sequence #72 (1563 bp)...done!
Finding genes in sequence #73 (1439 bp)...done!
Finding genes in sequence #74 (1296 bp)...done!
Finding genes in sequence #75 (1223 bp)...done!
Finding genes in sequence #76 (1144 bp)...done!
Finding genes in sequence #77 (1006 bp)...done!
Finding genes in sequence #78 (881 bp)...done!
Finding genes in sequence #79 (834 bp)...done!
Finding genes in sequence #80 (824 bp)...done!
Finding genes in sequence #81 (702 bp)...done!
Finding genes in sequence #82 (686 bp)...done!
Finding genes in sequence #83 (660 bp)...done!
Finding genes in sequence #84 (654 bp)...done!
Finding genes in sequence #85 (651 bp)...done!
Finding genes in sequence #86 (643 bp)...done!
Finding genes in sequence #87 (638 bp)...done!
Finding genes in sequence #88 (627 bp)...done!
Finding genes in sequence #89 (622 bp)...done!
Finding genes in sequence #90 (578 bp)...done!
Finding genes in sequence #91 (554 bp)...done!
Finding genes in sequence #92 (545 bp)...done!
Finding genes in sequence #93 (529 bp)...done!
Finding genes in sequence #94 (527 bp)...done!
Finding genes in sequence #95 (512 bp)...done!
Finding genes in sequence #96 (505 bp)...done!
