-------------------------------------
PRODIGAL v2.6.3 [February, 2016]         
Univ of Tenn / Oak Ridge National Lab
Doug Hyatt, Loren Hauser, et al.     
-------------------------------------
Request:  Metagenomic, Phase:  Training
Initializing training files...done!
-------------------------------------
Request:  Metagenomic, Phase:  Gene Finding
Finding genes in sequence #1 (207864 bp)...done!
Finding genes in sequence #2 (151424 bp)...done!
Finding genes in sequence #3 (146666 bp)...done!
Finding genes in sequence #4 (97208 bp)...done!
Finding genes in sequence #5 (91426 bp)...done!
Finding genes in sequence #6 (91150 bp)...done!
Finding genes in sequence #7 (89108 bp)...done!
Finding genes in sequence #8 (88832 bp)...done!
Finding genes in sequence #9 (76586 bp)...done!
Finding genes in sequence #10 (75061 bp)...done!
Finding genes in sequence #11 (70166 bp)...done!
Finding genes in sequence #12 (67544 bp)...done!
Finding genes in sequence #13 (64395 bp)...done!
Finding genes in sequence #14 (55739 bp)...done!
Finding genes in sequence #15 (55263 bp)...done!
Finding genes in sequence #16 (48814 bp)...done!
Finding genes in sequence #17 (47059 bp)...done!
Finding genes in sequence #18 (41182 bp)...done!
Finding genes in sequence #19 (40636 bp)...done!
Finding genes in sequence #20 (37765 bp)...done!
Finding genes in sequence #21 (27973 bp)...done!
Finding genes in sequence #22 (25193 bp)...done!
Finding genes in sequence #23 (23885 bp)...done!
Finding genes in sequence #24 (23332 bp)...done!
Finding genes in sequence #25 (23104 bp)...done!
Finding genes in sequence #26 (22865 bp)...done!
Finding genes in sequence #27 (22797 bp)...done!
Finding genes in sequence #28 (20969 bp)...done!
Finding genes in sequence #29 (20701 bp)...done!
Finding genes in sequence #30 (20367 bp)...done!
Finding genes in sequence #31 (18676 bp)...done!
Finding genes in sequence #32 (18184 bp)...done!
Finding genes in sequence #33 (17683 bp)...done!
Finding genes in sequence #34 (16898 bp)...done!
Finding genes in sequence #35 (14789 bp)...done!
Finding genes in sequence #36 (11383 bp)...done!
Finding genes in sequence #37 (10908 bp)...done!
Finding genes in sequence #38 (10203 bp)...done!
Finding genes in sequence #39 (9479 bp)...done!
Finding genes in sequence #40 (8624 bp)...done!
Finding genes in sequence #41 (7793 bp)...done!
Finding genes in sequence #42 (7664 bp)...done!
Finding genes in sequence #43 (7659 bp)...done!
Finding genes in sequence #44 (7162 bp)...done!
Finding genes in sequence #45 (6827 bp)...done!
Finding genes in sequence #46 (6160 bp)...done!
Finding genes in sequence #47 (5675 bp)...done!
Finding genes in sequence #48 (4831 bp)...done!
Finding genes in sequence #49 (4395 bp)...done!
Finding genes in sequence #50 (4213 bp)...done!
Finding genes in sequence #51 (3862 bp)...done!
Finding genes in sequence #52 (3795 bp)...done!
Finding genes in sequence #53 (3785 bp)...done!
Finding genes in sequence #54 (3740 bp)...done!
Finding genes in sequence #55 (3483 bp)...done!
Finding genes in sequence #56 (3469 bp)...done!
Finding genes in sequence #57 (3173 bp)...done!
Finding genes in sequence #58 (3122 bp)...done!
Finding genes in sequence #59 (3008 bp)...done!
Finding genes in sequence #60 (2883 bp)...done!
Finding genes in sequence #61 (2534 bp)...done!
Finding genes in sequence #62 (1906 bp)...done!
Finding genes in sequence #63 (1799 bp)...done!
Finding genes in sequence #64 (1764 bp)...done!
Finding genes in sequence #65 (1569 bp)...done!
Finding genes in sequence #66 (1439 bp)...done!
Finding genes in sequence #67 (1220 bp)...done!
Finding genes in sequence #68 (1211 bp)...done!
Finding genes in sequence #69 (1077 bp)...done!
Finding genes in sequence #70 (975 bp)...done!
Finding genes in sequence #71 (951 bp)...done!
Finding genes in sequence #72 (947 bp)...done!
Finding genes in sequence #73 (881 bp)...done!
Finding genes in sequence #74 (824 bp)...done!
Finding genes in sequence #75 (819 bp)...done!
Finding genes in sequence #76 (771 bp)...done!
Finding genes in sequence #77 (747 bp)...done!
Finding genes in sequence #78 (703 bp)...done!
Finding genes in sequence #79 (666 bp)...done!
Finding genes in sequence #80 (654 bp)...done!
Finding genes in sequence #81 (624 bp)...done!
Finding genes in sequence #82 (622 bp)...done!
Finding genes in sequence #83 (609 bp)...done!
Finding genes in sequence #84 (546 bp)...done!
Finding genes in sequence #85 (546 bp)...done!
