-------------------------------------
PRODIGAL v2.6.3 [February, 2016]         
Univ of Tenn / Oak Ridge National Lab
Doug Hyatt, Loren Hauser, et al.     
-------------------------------------
Request:  Metagenomic, Phase:  Training
Initializing training files...done!
-------------------------------------
Request:  Metagenomic, Phase:  Gene Finding
Finding genes in sequence #1 (152621 bp)...done!
Finding genes in sequence #2 (146883 bp)...done!
Finding genes in sequence #3 (108552 bp)...done!
Finding genes in sequence #4 (91166 bp)...done!
Finding genes in sequence #5 (86853 bp)...done!
Finding genes in sequence #6 (75274 bp)...done!
Finding genes in sequence #7 (70166 bp)...done!
Finding genes in sequence #8 (67424 bp)...done!
Finding genes in sequence #9 (64571 bp)...done!
Finding genes in sequence #10 (64395 bp)...done!
Finding genes in sequence #11 (57260 bp)...done!
Finding genes in sequence #12 (55669 bp)...done!
Finding genes in sequence #13 (52749 bp)...done!
Finding genes in sequence #14 (48951 bp)...done!
Finding genes in sequence #15 (48707 bp)...done!
Finding genes in sequence #16 (47446 bp)...done!
Finding genes in sequence #17 (46677 bp)...done!
Finding genes in sequence #18 (41182 bp)...done!
Finding genes in sequence #19 (40642 bp)...done!
Finding genes in sequence #20 (40624 bp)...done!
Finding genes in sequence #21 (39218 bp)...done!
Finding genes in sequence #22 (35391 bp)...done!
Finding genes in sequence #23 (34943 bp)...done!
Finding genes in sequence #24 (34534 bp)...done!
Finding genes in sequence #25 (31812 bp)...done!
Finding genes in sequence #26 (31554 bp)...done!
Finding genes in sequence #27 (30380 bp)...done!
Finding genes in sequence #28 (27973 bp)...done!
Finding genes in sequence #29 (23885 bp)...done!
Finding genes in sequence #30 (23332 bp)...done!
Finding genes in sequence #31 (23104 bp)...done!
Finding genes in sequence #32 (22797 bp)...done!
Finding genes in sequence #33 (20969 bp)...done!
Finding genes in sequence #34 (20701 bp)...done!
Finding genes in sequence #35 (18184 bp)...done!
Finding genes in sequence #36 (17919 bp)...done!
Finding genes in sequence #37 (16903 bp)...done!
Finding genes in sequence #38 (16312 bp)...done!
Finding genes in sequence #39 (15735 bp)...done!
Finding genes in sequence #40 (14913 bp)...done!
Finding genes in sequence #41 (13771 bp)...done!
Finding genes in sequence #42 (13759 bp)...done!
Finding genes in sequence #43 (11920 bp)...done!
Finding genes in sequence #44 (11498 bp)...done!
Finding genes in sequence #45 (11387 bp)...done!
Finding genes in sequence #46 (9571 bp)...done!
Finding genes in sequence #47 (9356 bp)...done!
Finding genes in sequence #48 (8624 bp)...done!
Finding genes in sequence #49 (8479 bp)...done!
Finding genes in sequence #50 (7664 bp)...done!
Finding genes in sequence #51 (7659 bp)...done!
Finding genes in sequence #52 (7448 bp)...done!
Finding genes in sequence #53 (7162 bp)...done!
Finding genes in sequence #54 (6160 bp)...done!
Finding genes in sequence #55 (5867 bp)...done!
Finding genes in sequence #56 (5547 bp)...done!
Finding genes in sequence #57 (5337 bp)...done!
Finding genes in sequence #58 (4643 bp)...done!
Finding genes in sequence #59 (4280 bp)...done!
Finding genes in sequence #60 (4213 bp)...done!
Finding genes in sequence #61 (3973 bp)...done!
Finding genes in sequence #62 (3956 bp)...done!
Finding genes in sequence #63 (3874 bp)...done!
Finding genes in sequence #64 (3740 bp)...done!
Finding genes in sequence #65 (3487 bp)...done!
Finding genes in sequence #66 (3469 bp)...done!
Finding genes in sequence #67 (3462 bp)...done!
Finding genes in sequence #68 (3173 bp)...done!
Finding genes in sequence #69 (3002 bp)...done!
Finding genes in sequence #70 (2883 bp)...done!
Finding genes in sequence #71 (2626 bp)...done!
Finding genes in sequence #72 (2534 bp)...done!
Finding genes in sequence #73 (2344 bp)...done!
Finding genes in sequence #74 (2301 bp)...done!
Finding genes in sequence #75 (2137 bp)...done!
Finding genes in sequence #76 (1906 bp)...done!
Finding genes in sequence #77 (1885 bp)...done!
Finding genes in sequence #78 (1764 bp)...done!
Finding genes in sequence #79 (1563 bp)...done!
Finding genes in sequence #80 (1455 bp)...done!
Finding genes in sequence #81 (1439 bp)...done!
Finding genes in sequence #82 (1216 bp)...done!
Finding genes in sequence #83 (1211 bp)...done!
Finding genes in sequence #84 (1083 bp)...done!
Finding genes in sequence #85 (1030 bp)...done!
Finding genes in sequence #86 (943 bp)...done!
Finding genes in sequence #87 (840 bp)...done!
Finding genes in sequence #88 (828 bp)...done!
Finding genes in sequence #89 (824 bp)...done!
Finding genes in sequence #90 (737 bp)...done!
Finding genes in sequence #91 (694 bp)...done!
Finding genes in sequence #92 (661 bp)...done!
Finding genes in sequence #93 (655 bp)...done!
Finding genes in sequence #94 (654 bp)...done!
Finding genes in sequence #95 (643 bp)...done!
Finding genes in sequence #96 (623 bp)...done!
Finding genes in sequence #97 (622 bp)...done!
Finding genes in sequence #98 (555 bp)...done!
Finding genes in sequence #99 (551 bp)...done!
Finding genes in sequence #100 (549 bp)...done!
Finding genes in sequence #101 (530 bp)...done!
Finding genes in sequence #102 (512 bp)...done!
