[2025-03-25 17:36:36] INFO: CheckM v1.2.3
[2025-03-25 17:36:36] INFO: checkm analyze --threads 16 -x fa Ng.markers /home/hice1/calnoubani3/Documents/B3_Final/checkm/asm/B1181158_S01_L001_contigs.fa /home/hice1/calnoubani3/Documents/B3_Final/checkm/checkm_output/B1181158_output
[2025-03-25 17:36:36] INFO: CheckM data: /home/hice1/calnoubani3/Documents/B3_Final/checkm/db
[2025-03-25 17:36:36] INFO: [CheckM - analyze] Identifying marker genes in bins.
[2025-03-25 17:41:48] INFO: CheckM v1.2.3
[2025-03-25 17:41:48] INFO: checkm analyze --threads 16 -x fa Ng.markers /home/hice1/calnoubani3/Documents/B3_Final/checkm/checkm_output/B1181158_output/bins_input /home/hice1/calnoubani3/Documents/B3_Final/checkm/checkm_output/B1181158_output
[2025-03-25 17:41:48] INFO: CheckM data: /home/hice1/calnoubani3/Documents/B3_Final/checkm/db
[2025-03-25 17:41:48] INFO: [CheckM - analyze] Identifying marker genes in bins.
[2025-03-25 17:41:48] INFO: Identifying marker genes in 1 bins with 16 threads:
[2025-03-25 17:53:56] INFO: CheckM v1.2.3
[2025-03-25 17:53:56] INFO: checkm analyze --threads 16 -x fa Ng.markers /home/hice1/calnoubani3/Documents/B3_Final/checkm/checkm_output/B1181158_output/bins_input /home/hice1/calnoubani3/Documents/B3_Final/checkm/checkm_output/B1181158_output
[2025-03-25 17:53:56] INFO: CheckM data: /home/hice1/calnoubani3/Documents/B3_Final/checkm/db
[2025-03-25 17:53:56] INFO: [CheckM - analyze] Identifying marker genes in bins.
[2025-03-25 17:53:56] INFO: Identifying marker genes in 1 bins with 16 threads:
[2025-03-25 17:54:48] INFO: Saving HMM info to file.
[2025-03-25 17:54:48] INFO: { Current stage: 0:00:52.030 || Total: 0:00:52.030 }
[2025-03-25 17:54:48] INFO: Parsing HMM hits to marker genes:
[2025-03-25 17:54:48] INFO: Aligning marker genes with multiple hits in a single bin:
[2025-03-25 17:54:49] INFO: { Current stage: 0:00:00.819 || Total: 0:00:52.850 }
[2025-03-25 17:54:49] INFO: Calculating genome statistics for 1 bins with 16 threads:
[2025-03-25 17:54:49] INFO: { Current stage: 0:00:00.145 || Total: 0:00:52.995 }
