[2025-03-25 17:36:53] INFO: CheckM v1.2.3
[2025-03-25 17:36:53] INFO: checkm analyze --threads 16 -x fa Ng.markers /home/hice1/calnoubani3/Documents/B3_Final/checkm/asm/B1181903_S01_L001_contigs.fa /home/hice1/calnoubani3/Documents/B3_Final/checkm/checkm_output/B1181903_output
[2025-03-25 17:36:53] INFO: CheckM data: /home/hice1/calnoubani3/Documents/B3_Final/checkm/db
[2025-03-25 17:36:53] INFO: [CheckM - analyze] Identifying marker genes in bins.
[2025-03-25 17:42:13] INFO: CheckM v1.2.3
[2025-03-25 17:42:13] INFO: checkm analyze --threads 16 -x fa Ng.markers /home/hice1/calnoubani3/Documents/B3_Final/checkm/checkm_output/B1181903_output/bins_input /home/hice1/calnoubani3/Documents/B3_Final/checkm/checkm_output/B1181903_output
[2025-03-25 17:42:13] INFO: CheckM data: /home/hice1/calnoubani3/Documents/B3_Final/checkm/db
[2025-03-25 17:42:13] INFO: [CheckM - analyze] Identifying marker genes in bins.
[2025-03-25 17:42:13] INFO: Identifying marker genes in 1 bins with 16 threads:
[2025-03-25 17:56:44] INFO: CheckM v1.2.3
[2025-03-25 17:56:44] INFO: checkm analyze --threads 16 -x fa Ng.markers /home/hice1/calnoubani3/Documents/B3_Final/checkm/checkm_output/B1181903_output/bins_input /home/hice1/calnoubani3/Documents/B3_Final/checkm/checkm_output/B1181903_output
[2025-03-25 17:56:44] INFO: CheckM data: /home/hice1/calnoubani3/Documents/B3_Final/checkm/db
[2025-03-25 17:56:44] INFO: [CheckM - analyze] Identifying marker genes in bins.
[2025-03-25 17:56:44] INFO: Identifying marker genes in 1 bins with 16 threads:
[2025-03-25 17:57:36] INFO: Saving HMM info to file.
[2025-03-25 17:57:36] INFO: { Current stage: 0:00:51.946 || Total: 0:00:51.946 }
[2025-03-25 17:57:36] INFO: Parsing HMM hits to marker genes:
[2025-03-25 17:57:36] INFO: Aligning marker genes with multiple hits in a single bin:
[2025-03-25 17:57:37] INFO: { Current stage: 0:00:00.956 || Total: 0:00:52.903 }
[2025-03-25 17:57:37] INFO: Calculating genome statistics for 1 bins with 16 threads:
[2025-03-25 17:57:37] INFO: { Current stage: 0:00:00.086 || Total: 0:00:52.989 }
